2022-06-02 13:11:37,747: [14] m.main:INFO: Registered plugins: IntrospectionAPIPlugin, <class 'manticore.ethereum.plugins.SkipRevertBasicBlocks'>, <class 'manticore.ethereum.plugins.FilterFunctions'>
2022-06-02 13:11:37,748: [14] m.main:INFO: Beginning analysis
2022-06-02 13:11:37,751: [14] m.e.manticore:INFO: Starting symbolic create contract
2022-06-02 13:29:30,490: [14] m.e.manticore:INFO: Failed to create contract: exception in constructor
2022-06-02 13:29:33,608: [14] m.c.manticore:INFO: Results in /mcore_d4kd7bga
2022-06-02 13:29:33,608: [14] m.c.manticore:INFO: Total time: 797.7672970294952
2022-06-02 13:29:35,166: [84] m.main:INFO: Registered plugins: IntrospectionAPIPlugin, <class 'manticore.ethereum.plugins.SkipRevertBasicBlocks'>, <class 'manticore.ethereum.plugins.FilterFunctions'>
2022-06-02 13:29:35,167: [84] m.main:INFO: Beginning analysis
2022-06-02 13:29:35,170: [84] m.e.manticore:INFO: Starting symbolic create contract
2022-06-02 13:29:36,822: [84] m.e.manticore:INFO: Starting symbolic transaction: 0
2022-06-02 13:29:37,966: [84] m.c.worker:ERROR: Exception in state 0: ManticoreError('Forking on unfeasible constraint set')
Traceback (most recent call last):
  File "/usr/local/lib/python3.7/dist-packages/manticore/core/worker.py", line 137, in run
    current_state.execute()
  File "/usr/local/lib/python3.7/dist-packages/manticore/ethereum/state.py", line 8, in execute
    return self._platform.execute()
  File "/usr/local/lib/python3.7/dist-packages/manticore/platforms/evm.py", line 3106, in execute
    self.current_vm.execute()
  File "/usr/local/lib/python3.7/dist-packages/manticore/platforms/evm.py", line 1322, in execute
    raise Concretize("Symbolic PC", expression=expression, setstate=setstate, policy="ALL")
manticore.core.state.Concretize

During handling of the above exception, another exception occurred:

Traceback (most recent call last):
  File "/usr/local/lib/python3.7/dist-packages/manticore/core/worker.py", line 158, in run
    m._fork(current_state, exc.expression, exc.policy, exc.setstate, exc.values)
  File "/usr/local/lib/python3.7/dist-packages/manticore/core/manticore.py", line 518, in _fork
    raise ManticoreError("Forking on unfeasible constraint set")
manticore.exceptions.ManticoreError: Forking on unfeasible constraint set
 
2022-06-02 13:29:37,975: [84] m.e.manticore:INFO: 0 alive states, 1 terminated states
2022-06-02 13:29:38,132: [84] m.c.manticore:INFO: Results in /mcore_c1hjtv6e
2022-06-02 13:29:38,133: [84] m.c.manticore:INFO: Total time: 1.301809549331665
2022-06-02 13:29:39,055: [149] m.main:INFO: Registered plugins: IntrospectionAPIPlugin, <class 'manticore.ethereum.plugins.SkipRevertBasicBlocks'>, <class 'manticore.ethereum.plugins.FilterFunctions'>
2022-06-02 13:29:39,056: [149] m.main:INFO: Beginning analysis
2022-06-02 13:29:39,060: [149] m.e.manticore:INFO: Starting symbolic create contract
2022-06-02 13:29:41,207: [149] m.e.manticore:INFO: Starting symbolic transaction: 0
2022-06-02 13:29:43,373: [149] m.c.worker:ERROR: Exception in state 0: ManticoreError('Forking on unfeasible constraint set')
Traceback (most recent call last):
  File "/usr/local/lib/python3.7/dist-packages/manticore/core/worker.py", line 137, in run
    current_state.execute()
  File "/usr/local/lib/python3.7/dist-packages/manticore/ethereum/state.py", line 8, in execute
    return self._platform.execute()
  File "/usr/local/lib/python3.7/dist-packages/manticore/platforms/evm.py", line 3106, in execute
    self.current_vm.execute()
  File "/usr/local/lib/python3.7/dist-packages/manticore/platforms/evm.py", line 1322, in execute
    raise Concretize("Symbolic PC", expression=expression, setstate=setstate, policy="ALL")
manticore.core.state.Concretize

During handling of the above exception, another exception occurred:

Traceback (most recent call last):
  File "/usr/local/lib/python3.7/dist-packages/manticore/core/worker.py", line 158, in run
    m._fork(current_state, exc.expression, exc.policy, exc.setstate, exc.values)
  File "/usr/local/lib/python3.7/dist-packages/manticore/core/manticore.py", line 518, in _fork
    raise ManticoreError("Forking on unfeasible constraint set")
manticore.exceptions.ManticoreError: Forking on unfeasible constraint set
 
2022-06-02 13:29:43,392: [149] m.e.manticore:INFO: 0 alive states, 1 terminated states
2022-06-02 13:29:43,547: [149] m.c.manticore:INFO: Results in /mcore_vmhb9f73
2022-06-02 13:29:43,548: [149] m.c.manticore:INFO: Total time: 2.3290975093841553
2022-06-02 13:29:44,513: [214] m.main:INFO: Registered plugins: IntrospectionAPIPlugin, <class 'manticore.ethereum.plugins.SkipRevertBasicBlocks'>, <class 'manticore.ethereum.plugins.FilterFunctions'>
2022-06-02 13:29:44,514: [214] m.main:INFO: Beginning analysis
2022-06-02 13:29:44,517: [214] m.e.manticore:INFO: Starting symbolic create contract
2022-06-02 13:29:46,316: [214] m.e.manticore:INFO: Starting symbolic transaction: 0
2022-06-02 13:29:49,905: [214] m.e.manticore:INFO: 0 alive states, 2 terminated states
2022-06-02 13:29:50,097: [214] m.c.manticore:INFO: Results in /mcore_v4hosx15
2022-06-02 13:29:50,097: [214] m.c.manticore:INFO: Total time: 3.7727108001708984
2022-06-02 13:29:51,064: [282] m.main:INFO: Registered plugins: IntrospectionAPIPlugin, <class 'manticore.ethereum.plugins.SkipRevertBasicBlocks'>, <class 'manticore.ethereum.plugins.FilterFunctions'>
2022-06-02 13:29:51,065: [282] m.main:INFO: Beginning analysis
2022-06-02 13:29:51,068: [282] m.e.manticore:INFO: Starting symbolic create contract
2022-06-02 13:29:54,551: [282] m.e.manticore:INFO: Starting symbolic transaction: 0
2022-06-02 13:30:49,786: [282] m.c.worker:ERROR: Exception in state 3: ManticoreError('Forking on unfeasible constraint set')
Traceback (most recent call last):
  File "/usr/local/lib/python3.7/dist-packages/manticore/core/worker.py", line 137, in run
    current_state.execute()
  File "/usr/local/lib/python3.7/dist-packages/manticore/ethereum/state.py", line 8, in execute
    return self._platform.execute()
  File "/usr/local/lib/python3.7/dist-packages/manticore/platforms/evm.py", line 3106, in execute
    self.current_vm.execute()
  File "/usr/local/lib/python3.7/dist-packages/manticore/platforms/evm.py", line 1322, in execute
    raise Concretize("Symbolic PC", expression=expression, setstate=setstate, policy="ALL")
manticore.core.state.Concretize

During handling of the above exception, another exception occurred:

Traceback (most recent call last):
  File "/usr/local/lib/python3.7/dist-packages/manticore/core/worker.py", line 158, in run
    m._fork(current_state, exc.expression, exc.policy, exc.setstate, exc.values)
  File "/usr/local/lib/python3.7/dist-packages/manticore/core/manticore.py", line 518, in _fork
    raise ManticoreError("Forking on unfeasible constraint set")
manticore.exceptions.ManticoreError: Forking on unfeasible constraint set
 
2022-06-02 13:31:09,639: [282] m.e.manticore:INFO: 0 alive states, 6 terminated states
2022-06-02 13:31:10,603: [282] m.c.manticore:INFO: Results in /mcore_eyraext6
2022-06-02 13:31:10,604: [282] m.c.manticore:INFO: Total time: 76.02157211303711
2022-06-02 13:31:11,683: [377] m.main:INFO: Registered plugins: IntrospectionAPIPlugin, <class 'manticore.ethereum.plugins.SkipRevertBasicBlocks'>, <class 'manticore.ethereum.plugins.FilterFunctions'>
2022-06-02 13:31:11,684: [377] m.main:INFO: Beginning analysis
2022-06-02 13:31:11,688: [377] m.e.manticore:INFO: Starting symbolic create contract
2022-06-02 13:32:02,035: [377] m.e.manticore:INFO: Starting symbolic transaction: 0
2022-06-02 13:41:04,702: [377] m.c.worker:ERROR: Exception in state 5: ManticoreError('Forking on unfeasible constraint set')
Traceback (most recent call last):
  File "/usr/local/lib/python3.7/dist-packages/manticore/core/worker.py", line 137, in run
    current_state.execute()
  File "/usr/local/lib/python3.7/dist-packages/manticore/ethereum/state.py", line 8, in execute
    return self._platform.execute()
  File "/usr/local/lib/python3.7/dist-packages/manticore/platforms/evm.py", line 3106, in execute
    self.current_vm.execute()
  File "/usr/local/lib/python3.7/dist-packages/manticore/platforms/evm.py", line 1322, in execute
    raise Concretize("Symbolic PC", expression=expression, setstate=setstate, policy="ALL")
manticore.core.state.Concretize

During handling of the above exception, another exception occurred:

Traceback (most recent call last):
  File "/usr/local/lib/python3.7/dist-packages/manticore/core/worker.py", line 158, in run
    m._fork(current_state, exc.expression, exc.policy, exc.setstate, exc.values)
  File "/usr/local/lib/python3.7/dist-packages/manticore/core/manticore.py", line 518, in _fork
    raise ManticoreError("Forking on unfeasible constraint set")
manticore.exceptions.ManticoreError: Forking on unfeasible constraint set