INFO:Slither:Compilation warnings/errors on /data/BECToken.sol:
/data/BECToken.sol:171:3: Warning: Defining constructors as functions with the same name as the contract is deprecated. Use "constructor(...) { ... }" instead.
  function Ownable() {
  ^ (Relevant source part starts here and spans across multiple lines).
/data/BECToken.sol:297:5: Warning: Defining constructors as functions with the same name as the contract is deprecated. Use "constructor(...) { ... }" instead.
    function BecToken() {
    ^ (Relevant source part starts here and spans across multiple lines).
/data/BECToken.sol:72:5: Warning: Invoking events without "emit" prefix is deprecated.
    Transfer(msg.sender, _to, _value);
    ^-------------------------------^
/data/BECToken.sol:124:5: Warning: Invoking events without "emit" prefix is deprecated.
    Transfer(_from, _to, _value);
    ^--------------------------^
/data/BECToken.sol:140:5: Warning: Invoking events without "emit" prefix is deprecated.
    Approval(msg.sender, _spender, _value);
    ^------------------------------------^
/data/BECToken.sol:191:5: Warning: Invoking events without "emit" prefix is deprecated.
    OwnershipTransferred(owner, newOwner);
    ^-----------------------------------^
/data/BECToken.sol:229:5: Warning: Invoking events without "emit" prefix is deprecated.
    Pause();
    ^-----^
/data/BECToken.sol:237:5: Warning: Invoking events without "emit" prefix is deprecated.
    Unpause();
    ^-------^
/data/BECToken.sol:271:9: Warning: Invoking events without "emit" prefix is deprecated.
        Transfer(msg.sender, _receivers[i], _value);
        ^-----------------------------------------^
/data/BECToken.sol:171:3: Warning: No visibility specified. Defaulting to "public". 
  function Ownable() {
  ^ (Relevant source part starts here and spans across multiple lines).
/data/BECToken.sol:297:5: Warning: No visibility specified. Defaulting to "public". 
    function BecToken() {
    ^ (Relevant source part starts here and spans across multiple lines).
/data/BECToken.sol:302:5: Warning: No visibility specified. Defaulting to "public". 
    function () {
    ^ (Relevant source part starts here and spans across multiple lines).
/data/BECToken.sol:14:3: Warning: Function state mutability can be restricted to pure
  function mul(uint256 a, uint256 b) internal constant returns (uint256) {
  ^ (Relevant source part starts here and spans across multiple lines).
/data/BECToken.sol:20:3: Warning: Function state mutability can be restricted to pure
  function div(uint256 a, uint256 b) internal constant returns (uint256) {
  ^ (Relevant source part starts here and spans across multiple lines).
/data/BECToken.sol:27:3: Warning: Function state mutability can be restricted to pure
  function sub(uint256 a, uint256 b) internal constant returns (uint256) {
  ^ (Relevant source part starts here and spans across multiple lines).
/data/BECToken.sol:32:3: Warning: Function state mutability can be restricted to pure
  function add(uint256 a, uint256 b) internal constant returns (uint256) {
  ^ (Relevant source part starts here and spans across multiple lines).

INFO:Detectors:[92m
BecToken.decimals should be constant (/data/BECToken.sol#292)
BecToken.name should be constant (/data/BECToken.sol#289)
BecToken.symbol should be constant (/data/BECToken.sol#290)
BecToken.version should be constant (/data/BECToken.sol#291)
Reference: https://github.com/trailofbits/slither/wiki/Detectors-Documentation#state-variables-that-could-be-declared-constant[0m
INFO:Detectors:[92m
BasicToken.balanceOf (/data/BECToken.sol#81-83) should be declared external
ERC20Basic.balanceOf (/data/BECToken.sol#46) should be declared external
ERC20.allowance (/data/BECToken.sol#91) should be declared external
StandardToken.allowance (/data/BECToken.sol#150-152) should be declared external
Ownable.transferOwnership (/data/BECToken.sol#189-193) should be declared external
Pausable.pause (/data/BECToken.sol#227-230) should be declared external
Pausable.unpause (/data/BECToken.sol#235-238) should be declared external
PausableToken.batchTransfer (/data/BECToken.sol#261-274) should be declared external
BecToken.fallback (/data/BECToken.sol#302-305) should be declared external
Reference: https://github.com/trailofbits/slither/wiki/Detectors-Documentation#public-function-that-could-be-declared-as-external[0m
INFO:Detectors:[92m
Detected issues with version pragma in /data/BECToken.sol:
	- pragma solidity^0.4.16 (/data/BECToken.sol#7): it allows old versions
Reference: https://github.com/trailofbits/slither/wiki/Detectors-Documentation#incorrect-version-of-solidity[0m
INFO:Detectors:[92m
Parameter '_owner' of BasicToken.balanceOf (/data/BECToken.sol#81) is not in mixedCase
Parameter '_to' of BasicToken.transfer (/data/BECToken.sol#65) is not in mixedCase
Parameter '_value' of BasicToken.transfer (/data/BECToken.sol#65) is not in mixedCase
Parameter '_owner' of StandardToken.allowance (/data/BECToken.sol#150) is not in mixedCase
Parameter '_spender' of StandardToken.allowance (/data/BECToken.sol#150) is not in mixedCase
Parameter '_from' of StandardToken.transferFrom (/data/BECToken.sol#116) is not in mixedCase
Parameter '_to' of StandardToken.transferFrom (/data/BECToken.sol#116) is not in mixedCase
Parameter '_value' of StandardToken.transferFrom (/data/BECToken.sol#116) is not in mixedCase
Parameter '_spender' of StandardToken.approve (/data/BECToken.sol#138) is not in mixedCase
Parameter '_value' of StandardToken.approve (/data/BECToken.sol#138) is not in mixedCase
Function 'Ownable.Ownable' (/data/BECToken.sol#171-173) is not in mixedCase
Parameter '_to' of PausableToken.transfer (/data/BECToken.sol#249) is not in mixedCase
Parameter '_value' of PausableToken.transfer (/data/BECToken.sol#249) is not in mixedCase
Parameter '_from' of PausableToken.transferFrom (/data/BECToken.sol#253) is not in mixedCase
Parameter '_to' of PausableToken.transferFrom (/data/BECToken.sol#253) is not in mixedCase
Parameter '_value' of PausableToken.transferFrom (/data/BECToken.sol#253) is not in mixedCase
Parameter '_spender' of PausableToken.approve (/data/BECToken.sol#257) is not in mixedCase
Parameter '_value' of PausableToken.approve (/data/BECToken.sol#257) is not in mixedCase
Parameter '_receivers' of PausableToken.batchTransfer (/data/BECToken.sol#261) is not in mixedCase
Parameter '_value' of PausableToken.batchTransfer (/data/BECToken.sol#261) is not in mixedCase
Function 'BecToken.BecToken' (/data/BECToken.sol#297-300) is not in mixedCase
Reference: https://github.com/trailofbits/slither/wiki/Detectors-Documentation#conformance-to-solidity-naming-conventions[0m
INFO:Slither:/data/BECToken.sol analyzed (9 contracts), 32 result(s) found