INFO:Slither:Compilation warnings/errors on /data/0x941d225236464a25eb18076df7da6a91d0f95e9e.sol:
/data/0x941d225236464a25eb18076df7da6a91d0f95e9e.sol:19:5: Warning: Defining constructors as functions with the same name as the contract is deprecated. Use "constructor(...) { ... }" instead.
    function ETH_FUND(address _log)
    ^ (Relevant source part starts here and spans across multiple lines).

INFO:Detectors:[91m
Reentrancy in ETH_FUND.CashOut (/data/0x941d225236464a25eb18076df7da6a91d0f95e9e.sol#37-50):
	External calls:
	- msg.sender.call.value(_am)() (/data/0x941d225236464a25eb18076df7da6a91d0f95e9e.sol#44-48)
	State variables written after the call(s):
	- balances (/data/0x941d225236464a25eb18076df7da6a91d0f95e9e.sol#46)
Reference: https://github.com/trailofbits/slither/wiki/Detectors-Documentation#reentrancy-vulnerabilities[0m
INFO:Detectors:[92m
Reentrancy in ETH_FUND.Deposit (/data/0x941d225236464a25eb18076df7da6a91d0f95e9e.sol#25-35):
	External calls:
	- TransferLog.AddMessage(msg.sender,msg.value,Deposit) (/data/0x941d225236464a25eb18076df7da6a91d0f95e9e.sol#32)
	State variables written after the call(s):
	- lastBlock (/data/0x941d225236464a25eb18076df7da6a91d0f95e9e.sol#33)
Reference: https://github.com/trailofbits/slither/wiki/Detectors-Documentation#reentrancy-vulnerabilities-2[0m
INFO:Detectors:[92m
ETH_FUND.MinDeposit should be constant (/data/0x941d225236464a25eb18076df7da6a91d0f95e9e.sol#13)
Reference: https://github.com/trailofbits/slither/wiki/Detectors-Documentation#state-variables-that-could-be-declared-constant[0m
INFO:Detectors:[92m
ETH_FUND.Deposit (/data/0x941d225236464a25eb18076df7da6a91d0f95e9e.sol#25-35) should be declared external
ETH_FUND.CashOut (/data/0x941d225236464a25eb18076df7da6a91d0f95e9e.sol#37-50) should be declared external
ETH_FUND.fallback (/data/0x941d225236464a25eb18076df7da6a91d0f95e9e.sol#52) should be declared external
Log.AddMessage (/data/0x941d225236464a25eb18076df7da6a91d0f95e9e.sol#71-79) should be declared external
Reference: https://github.com/trailofbits/slither/wiki/Detectors-Documentation#public-function-that-could-be-declared-as-external[0m
INFO:Detectors:[92m
Detected issues with version pragma in /data/0x941d225236464a25eb18076df7da6a91d0f95e9e.sol:
	- pragma solidity^0.4.19 (/data/0x941d225236464a25eb18076df7da6a91d0f95e9e.sol#7): it allows old versions
Reference: https://github.com/trailofbits/slither/wiki/Detectors-Documentation#incorrect-version-of-solidity[0m
INFO:Detectors:[92m
Low level call in ETH_FUND.CashOut (/data/0x941d225236464a25eb18076df7da6a91d0f95e9e.sol#37-50):
	-msg.sender.call.value(_am)() /data/0x941d225236464a25eb18076df7da6a91d0f95e9e.sol#44-48
Reference: https://github.com/trailofbits/slither/wiki/Detectors-Documentation#low-level-calls[0m
INFO:Detectors:[92m
Contract 'ETH_FUND' (/data/0x941d225236464a25eb18076df7da6a91d0f95e9e.sol#9-54) is not in CapWords
Function 'ETH_FUND.ETH_FUND' (/data/0x941d225236464a25eb18076df7da6a91d0f95e9e.sol#19-23) is not in mixedCase
Parameter '_log' of ETH_FUND.ETH_FUND (/data/0x941d225236464a25eb18076df7da6a91d0f95e9e.sol#19) is not in mixedCase
Function 'ETH_FUND.Deposit' (/data/0x941d225236464a25eb18076df7da6a91d0f95e9e.sol#25-35) is not in mixedCase
Function 'ETH_FUND.CashOut' (/data/0x941d225236464a25eb18076df7da6a91d0f95e9e.sol#37-50) is not in mixedCase
Parameter '_am' of ETH_FUND.CashOut (/data/0x941d225236464a25eb18076df7da6a91d0f95e9e.sol#37) is not in mixedCase
Variable 'ETH_FUND.MinDeposit' (/data/0x941d225236464a25eb18076df7da6a91d0f95e9e.sol#13) is not in mixedCase
Variable 'ETH_FUND.TransferLog' (/data/0x941d225236464a25eb18076df7da6a91d0f95e9e.sol#15) is not in mixedCase
Function 'Log.AddMessage' (/data/0x941d225236464a25eb18076df7da6a91d0f95e9e.sol#71-79) is not in mixedCase
Parameter '_adr' of Log.AddMessage (/data/0x941d225236464a25eb18076df7da6a91d0f95e9e.sol#71) is not in mixedCase
Parameter '_val' of Log.AddMessage (/data/0x941d225236464a25eb18076df7da6a91d0f95e9e.sol#71) is not in mixedCase
Parameter '_data' of Log.AddMessage (/data/0x941d225236464a25eb18076df7da6a91d0f95e9e.sol#71) is not in mixedCase
Variable 'Log.History' (/data/0x941d225236464a25eb18076df7da6a91d0f95e9e.sol#67) is not in mixedCase
Variable 'Log.LastMsg' (/data/0x941d225236464a25eb18076df7da6a91d0f95e9e.sol#69) is not in mixedCase
Reference: https://github.com/trailofbits/slither/wiki/Detectors-Documentation#conformance-to-solidity-naming-conventions[0m
INFO:Slither:/data/0x941d225236464a25eb18076df7da6a91d0f95e9e.sol analyzed (2 contracts), 23 result(s) found