INFO:Detectors:[91m
Reentrancy in PRIVATE_ETH_CELL.Collect (/data/0x4e73b32ed6c35f570686b89848e5f39f20ecc106.sol#47-60):
	External calls:
	- msg.sender.call.value(_am)() (/data/0x4e73b32ed6c35f570686b89848e5f39f20ecc106.sol#54-58)
	State variables written after the call(s):
	- balances (/data/0x4e73b32ed6c35f570686b89848e5f39f20ecc106.sol#56)
Reference: https://github.com/trailofbits/slither/wiki/Detectors-Documentation#reentrancy-vulnerabilities[0m
INFO:Detectors:[92m
PRIVATE_ETH_CELL.SetMinSum (/data/0x4e73b32ed6c35f570686b89848e5f39f20ecc106.sol#19-24) should be declared external
PRIVATE_ETH_CELL.SetLogFile (/data/0x4e73b32ed6c35f570686b89848e5f39f20ecc106.sol#26-31) should be declared external
PRIVATE_ETH_CELL.Initialized (/data/0x4e73b32ed6c35f570686b89848e5f39f20ecc106.sol#33-37) should be declared external
PRIVATE_ETH_CELL.Collect (/data/0x4e73b32ed6c35f570686b89848e5f39f20ecc106.sol#47-60) should be declared external
PRIVATE_ETH_CELL.fallback (/data/0x4e73b32ed6c35f570686b89848e5f39f20ecc106.sol#62-67) should be declared external
LogFile.AddMessage (/data/0x4e73b32ed6c35f570686b89848e5f39f20ecc106.sol#87-95) should be declared external
Reference: https://github.com/trailofbits/slither/wiki/Detectors-Documentation#public-function-that-could-be-declared-as-external[0m
INFO:Detectors:[92m
Detected issues with version pragma in /data/0x4e73b32ed6c35f570686b89848e5f39f20ecc106.sol:
	- pragma solidity^0.4.19 (/data/0x4e73b32ed6c35f570686b89848e5f39f20ecc106.sol#7): it allows old versions
Reference: https://github.com/trailofbits/slither/wiki/Detectors-Documentation#incorrect-version-of-solidity[0m
INFO:Detectors:[92m
Low level call in PRIVATE_ETH_CELL.Collect (/data/0x4e73b32ed6c35f570686b89848e5f39f20ecc106.sol#47-60):
	-msg.sender.call.value(_am)() /data/0x4e73b32ed6c35f570686b89848e5f39f20ecc106.sol#54-58
Reference: https://github.com/trailofbits/slither/wiki/Detectors-Documentation#low-level-calls[0m
INFO:Detectors:[92m
Contract 'PRIVATE_ETH_CELL' (/data/0x4e73b32ed6c35f570686b89848e5f39f20ecc106.sol#9-69) is not in CapWords
Function 'PRIVATE_ETH_CELL.SetMinSum' (/data/0x4e73b32ed6c35f570686b89848e5f39f20ecc106.sol#19-24) is not in mixedCase
Parameter '_val' of PRIVATE_ETH_CELL.SetMinSum (/data/0x4e73b32ed6c35f570686b89848e5f39f20ecc106.sol#19) is not in mixedCase
Function 'PRIVATE_ETH_CELL.SetLogFile' (/data/0x4e73b32ed6c35f570686b89848e5f39f20ecc106.sol#26-31) is not in mixedCase
Parameter '_log' of PRIVATE_ETH_CELL.SetLogFile (/data/0x4e73b32ed6c35f570686b89848e5f39f20ecc106.sol#26) is not in mixedCase
Function 'PRIVATE_ETH_CELL.Initialized' (/data/0x4e73b32ed6c35f570686b89848e5f39f20ecc106.sol#33-37) is not in mixedCase
Function 'PRIVATE_ETH_CELL.Deposit' (/data/0x4e73b32ed6c35f570686b89848e5f39f20ecc106.sol#39-45) is not in mixedCase
Function 'PRIVATE_ETH_CELL.Collect' (/data/0x4e73b32ed6c35f570686b89848e5f39f20ecc106.sol#47-60) is not in mixedCase
Parameter '_am' of PRIVATE_ETH_CELL.Collect (/data/0x4e73b32ed6c35f570686b89848e5f39f20ecc106.sol#47) is not in mixedCase
Variable 'PRIVATE_ETH_CELL.MinSum' (/data/0x4e73b32ed6c35f570686b89848e5f39f20ecc106.sol#13) is not in mixedCase
Variable 'PRIVATE_ETH_CELL.Log' (/data/0x4e73b32ed6c35f570686b89848e5f39f20ecc106.sol#15) is not in mixedCase
Function 'LogFile.AddMessage' (/data/0x4e73b32ed6c35f570686b89848e5f39f20ecc106.sol#87-95) is not in mixedCase
Parameter '_adr' of LogFile.AddMessage (/data/0x4e73b32ed6c35f570686b89848e5f39f20ecc106.sol#87) is not in mixedCase
Parameter '_val' of LogFile.AddMessage (/data/0x4e73b32ed6c35f570686b89848e5f39f20ecc106.sol#87) is not in mixedCase
Parameter '_data' of LogFile.AddMessage (/data/0x4e73b32ed6c35f570686b89848e5f39f20ecc106.sol#87) is not in mixedCase
Variable 'LogFile.History' (/data/0x4e73b32ed6c35f570686b89848e5f39f20ecc106.sol#83) is not in mixedCase
Variable 'LogFile.LastMsg' (/data/0x4e73b32ed6c35f570686b89848e5f39f20ecc106.sol#85) is not in mixedCase
Reference: https://github.com/trailofbits/slither/wiki/Detectors-Documentation#conformance-to-solidity-naming-conventions[0m
INFO:Slither:/data/0x4e73b32ed6c35f570686b89848e5f39f20ecc106.sol analyzed (2 contracts), 26 result(s) found