2022-05-31 16:16:58,929: [14] m.main:INFO: Registered plugins: IntrospectionAPIPlugin, <class 'manticore.ethereum.plugins.SkipRevertBasicBlocks'>, <class 'manticore.ethereum.plugins.FilterFunctions'>
2022-05-31 16:16:58,929: [14] m.main:INFO: Beginning analysis
2022-05-31 16:16:58,933: [14] m.e.manticore:INFO: Starting symbolic create contract
2022-05-31 16:16:59,878: [14] m.e.manticore:INFO: Starting symbolic transaction: 0
2022-05-31 16:17:07,002: [14] m.e.manticore:INFO: 2 alive states, 1 terminated states
2022-05-31 16:17:07,361: [14] m.e.manticore:INFO: Starting symbolic transaction: 1
2022-05-31 16:17:22,867: [14] m.e.manticore:INFO: 4 alive states, 1 terminated states
2022-05-31 16:17:23,509: [89] m.c.manticore:INFO: Generated testcase No. 0 - STOP(3 txs)
2022-05-31 16:17:23,511: [89] m.c.plugin:WARNING: Caught will_solve in state None, but failed to capture its initialization
2022-05-31 16:17:23,544: [94] m.c.manticore:INFO: Generated testcase No. 1 - STOP(3 txs)
2022-05-31 16:17:23,546: [94] m.c.plugin:WARNING: Caught will_solve in state None, but failed to capture its initialization
2022-05-31 16:17:23,551: [90] m.c.manticore:INFO: Generated testcase No. 2 - STOP(3 txs)
2022-05-31 16:17:23,552: [90] m.c.plugin:WARNING: Caught will_solve in state None, but failed to capture its initialization
2022-05-31 16:17:23,595: [91] m.c.manticore:INFO: Generated testcase No. 3 - STOP(3 txs)
2022-05-31 16:17:23,597: [91] m.c.plugin:WARNING: Caught will_solve in state None, but failed to capture its initialization
2022-05-31 16:17:25,610: [14] m.c.manticore:INFO: Results in /mcore_64u4vcr6
2022-05-31 16:17:25,611: [14] m.c.manticore:INFO: Total time: 18.22491693496704
2022-05-31 16:17:26,586: [120] m.main:INFO: Registered plugins: IntrospectionAPIPlugin, <class 'manticore.ethereum.plugins.SkipRevertBasicBlocks'>, <class 'manticore.ethereum.plugins.FilterFunctions'>
2022-05-31 16:17:26,587: [120] m.main:INFO: Beginning analysis
2022-05-31 16:17:26,590: [120] m.e.manticore:INFO: Starting symbolic create contract
2022-05-31 16:17:28,325: [120] m.e.manticore:INFO: Starting symbolic transaction: 0
2022-05-31 16:17:52,876: [120] m.e.manticore:INFO: 3 alive states, 1 terminated states
2022-05-31 16:17:53,510: [120] m.e.manticore:INFO: Starting symbolic transaction: 1
2022-05-31 16:19:27,255: [120] m.e.manticore:INFO: 9 alive states, 1 terminated states
2022-05-31 16:19:28,125: [210] m.c.manticore:INFO: Generated testcase No. 0 - STOP(3 txs)
2022-05-31 16:19:28,127: [210] m.c.plugin:WARNING: Caught will_solve in state None, but failed to capture its initialization
2022-05-31 16:19:28,161: [218] m.c.manticore:INFO: Generated testcase No. 1 - STOP(3 txs)
2022-05-31 16:19:28,163: [218] m.c.plugin:WARNING: Caught will_solve in state None, but failed to capture its initialization
2022-05-31 16:19:28,171: [220] m.c.manticore:INFO: Generated testcase No. 2 - STOP(3 txs)
2022-05-31 16:19:28,172: [220] m.c.plugin:WARNING: Caught will_solve in state None, but failed to capture its initialization
2022-05-31 16:19:28,179: [212] m.c.manticore:INFO: Generated testcase No. 4 - STOP(3 txs)
2022-05-31 16:19:28,179: [219] m.c.manticore:INFO: Generated testcase No. 3 - STOP(3 txs)
2022-05-31 16:19:28,180: [212] m.c.plugin:WARNING: Caught will_solve in state None, but failed to capture its initialization
2022-05-31 16:19:28,180: [219] m.c.plugin:WARNING: Caught will_solve in state None, but failed to capture its initialization
2022-05-31 16:19:28,192: [211] m.c.manticore:INFO: Generated testcase No. 6 - STOP(3 txs)
2022-05-31 16:19:28,194: [211] m.c.plugin:WARNING: Caught will_solve in state None, but failed to capture its initialization
2022-05-31 16:19:28,194: [217] m.c.manticore:INFO: Generated testcase No. 7 - STOP(3 txs)
2022-05-31 16:19:28,195: [217] m.c.plugin:WARNING: Caught will_solve in state None, but failed to capture its initialization
2022-05-31 16:19:28,203: [216] m.c.manticore:INFO: Generated testcase No. 5 - STOP(3 txs)
2022-05-31 16:19:28,206: [216] m.c.plugin:WARNING: Caught will_solve in state None, but failed to capture its initialization
2022-05-31 16:19:28,210: [213] m.c.manticore:INFO: Generated testcase No. 8 - STOP(3 txs)
2022-05-31 16:19:28,212: [213] m.c.plugin:WARNING: Caught will_solve in state None, but failed to capture its initialization
2022-05-31 16:19:31,935: [120] m.c.manticore:INFO: Results in /mcore_mqxsdzdp
2022-05-31 16:19:31,935: [120] m.c.manticore:INFO: Total time: 98.29846215248108
2022-05-31 16:19:32,902: [256] m.main:INFO: Registered plugins: IntrospectionAPIPlugin, <class 'manticore.ethereum.plugins.SkipRevertBasicBlocks'>, <class 'manticore.ethereum.plugins.FilterFunctions'>
2022-05-31 16:19:32,903: [256] m.main:INFO: Beginning analysis
2022-05-31 16:19:32,906: [256] m.e.manticore:INFO: Starting symbolic create contract
2022-05-31 16:19:35,489: [256] m.e.manticore:INFO: Starting symbolic transaction: 0
2022-05-31 16:21:09,026: [256] m.e.manticore:INFO: Found a concrete globalsha3 b'\x00\x00\x00\x00\x00\x00\x00\x00\x00\x00\x00\x00\x00\x00\x00\x00\x00\x00\x00\x00\x00\x00\x00\x00\x00\x00\x00\x00\x00\x02\x00\x00\x00\x00\x00\x00\x00\x00\x00\x00\x00\x00\x00\x00\x00\x00\x00\x00\x00\x00\x00\x00\x00\x00\x00\x00\x00\x00\x00\x00\x00\x00\x00\x04' -> 93405925606848684242376394016972829529189361045273175667784367156876440055338
2022-05-31 16:21:44,386: [256] m.e.manticore:INFO: 10 alive states, 1 terminated states
2022-05-31 16:21:45,762: [256] m.e.manticore:INFO: Starting symbolic transaction: 1