Directories in use:
home:         /var/lib/neo4j
config:       /etc/neo4j
logs:         /var/log/neo4j
plugins:      /var/lib/neo4j/plugins
import:       /var/lib/neo4j/import
data:         /var/lib/neo4j/data
certificates: /var/lib/neo4j/certificates
licenses:     /var/lib/neo4j/licenses
run:          /var/lib/neo4j/run
Starting Neo4j.
Started neo4j (pid:34). It is available at http://localhost:7474
There may be a short delay until the server is ready.
Neo4j is not running.
Neo4j is not running.
Neo4j is running.
/data/mapping_write.sol
21:54:19.422 [ForkJoinPool.commonPool-worker-3] ERROR de.fraunhofer.aisec.cpg.graph.TypeManager - Unknown language (frontend: SolidityLanguageFrontend)
21:54:19.425 [ForkJoinPool.commonPool-worker-3] ERROR de.fraunhofer.aisec.cpg.graph.TypeManager - Unknown language (frontend: SolidityLanguageFrontend)
21:54:19.425 [ForkJoinPool.commonPool-worker-3] ERROR de.fraunhofer.aisec.cpg.graph.TypeManager - Unknown language (frontend: SolidityLanguageFrontend)
21:54:19.426 [ForkJoinPool.commonPool-worker-3] ERROR de.fraunhofer.aisec.cpg.graph.TypeManager - Unknown language (frontend: SolidityLanguageFrontend)
21:54:19.426 [ForkJoinPool.commonPool-worker-3] ERROR de.fraunhofer.aisec.cpg.graph.TypeManager - Unknown language (frontend: SolidityLanguageFrontend)
21:54:19.432 [ForkJoinPool.commonPool-worker-3] ERROR de.fraunhofer.aisec.cpg.graph.TypeManager - Unknown language (frontend: SolidityLanguageFrontend)
21:54:19.432 [ForkJoinPool.commonPool-worker-3] ERROR de.fraunhofer.aisec.cpg.graph.TypeManager - Unknown language (frontend: SolidityLanguageFrontend)
21:54:19.433 [ForkJoinPool.commonPool-worker-3] ERROR de.fraunhofer.aisec.cpg.graph.TypeManager - Unknown language (frontend: SolidityLanguageFrontend)
21:54:19.433 [ForkJoinPool.commonPool-worker-3] ERROR de.fraunhofer.aisec.cpg.graph.TypeManager - Unknown language (frontend: SolidityLanguageFrontend)
21:54:19.433 [ForkJoinPool.commonPool-worker-3] ERROR de.fraunhofer.aisec.cpg.graph.TypeManager - Unknown language (frontend: SolidityLanguageFrontend)
21:54:19.433 [ForkJoinPool.commonPool-worker-3] ERROR de.fraunhofer.aisec.cpg.graph.TypeManager - Unknown language (frontend: SolidityLanguageFrontend)
21:54:19.433 [ForkJoinPool.commonPool-worker-3] ERROR de.fraunhofer.aisec.cpg.graph.TypeManager - Unknown language (frontend: SolidityLanguageFrontend)
21:54:19.434 [ForkJoinPool.commonPool-worker-3] ERROR de.fraunhofer.aisec.cpg.graph.TypeManager - Unknown language (frontend: SolidityLanguageFrontend)
21:54:19.434 [ForkJoinPool.commonPool-worker-3] ERROR de.fraunhofer.aisec.cpg.graph.TypeManager - Unknown language (frontend: SolidityLanguageFrontend)
21:54:19.434 [ForkJoinPool.commonPool-worker-3] ERROR de.fraunhofer.aisec.cpg.graph.TypeManager - Unknown language (frontend: SolidityLanguageFrontend)
21:54:19.435 [ForkJoinPool.commonPool-worker-3] ERROR de.fraunhofer.aisec.cpg.graph.TypeManager - Unknown language (frontend: SolidityLanguageFrontend)
21:54:19.435 [ForkJoinPool.commonPool-worker-3] ERROR de.fraunhofer.aisec.cpg.graph.TypeManager - Unknown language (frontend: SolidityLanguageFrontend)
21:54:19.435 [ForkJoinPool.commonPool-worker-3] ERROR de.fraunhofer.aisec.cpg.graph.TypeManager - Unknown language (frontend: SolidityLanguageFrontend)
21:54:19.436 [ForkJoinPool.commonPool-worker-3] ERROR de.fraunhofer.aisec.cpg.graph.TypeManager - Unknown language (frontend: SolidityLanguageFrontend)
21:54:19.436 [ForkJoinPool.commonPool-worker-3] ERROR de.fraunhofer.aisec.cpg.graph.TypeManager - Unknown language (frontend: SolidityLanguageFrontend)
21:54:19.443 [ForkJoinPool.commonPool-worker-3] ERROR de.fraunhofer.aisec.cpg.graph.TypeManager - Unknown language (frontend: SolidityLanguageFrontend)
21:54:19.443 [ForkJoinPool.commonPool-worker-3] ERROR de.fraunhofer.aisec.cpg.graph.TypeManager - Unknown language (frontend: SolidityLanguageFrontend)
21:54:19.443 [ForkJoinPool.commonPool-worker-3] ERROR de.fraunhofer.aisec.cpg.graph.TypeManager - Unknown language (frontend: SolidityLanguageFrontend)
21:54:19.443 [ForkJoinPool.commonPool-worker-3] ERROR de.fraunhofer.aisec.cpg.graph.TypeManager - Unknown language (frontend: SolidityLanguageFrontend)
21:54:19.444 [ForkJoinPool.commonPool-worker-3] ERROR de.fraunhofer.aisec.cpg.graph.TypeManager - Unknown language (frontend: SolidityLanguageFrontend)
21:54:19.454 [ForkJoinPool.commonPool-worker-3] ERROR de.fraunhofer.aisec.cpg.graph.TypeManager - Unknown language (frontend: SolidityLanguageFrontend)
21:54:19.455 [ForkJoinPool.commonPool-worker-3] ERROR de.fraunhofer.aisec.cpg.graph.TypeManager - Unknown language (frontend: SolidityLanguageFrontend)
21:54:19.455 [ForkJoinPool.commonPool-worker-3] ERROR de.fraunhofer.aisec.cpg.graph.TypeManager - Unknown language (frontend: SolidityLanguageFrontend)
21:54:19.455 [ForkJoinPool.commonPool-worker-3] ERROR de.fraunhofer.aisec.cpg.graph.TypeManager - Unknown language (frontend: SolidityLanguageFrontend)
21:54:19.455 [ForkJoinPool.commonPool-worker-3] ERROR de.fraunhofer.aisec.cpg.graph.TypeManager - Unknown language (frontend: SolidityLanguageFrontend)
21:54:19.456 [ForkJoinPool.commonPool-worker-3] ERROR de.fraunhofer.aisec.cpg.graph.TypeManager - Unknown language (frontend: SolidityLanguageFrontend)
21:54:19.456 [ForkJoinPool.commonPool-worker-3] ERROR de.fraunhofer.aisec.cpg.graph.TypeManager - Unknown language (frontend: SolidityLanguageFrontend)
21:54:19.456 [ForkJoinPool.commonPool-worker-3] ERROR de.fraunhofer.aisec.cpg.graph.TypeManager - Unknown language (frontend: SolidityLanguageFrontend)
21:54:19.456 [ForkJoinPool.commonPool-worker-3] ERROR de.fraunhofer.aisec.cpg.graph.TypeManager - Unknown language (frontend: SolidityLanguageFrontend)
21:54:19.456 [ForkJoinPool.commonPool-worker-3] ERROR de.fraunhofer.aisec.cpg.graph.TypeManager - Unknown language (frontend: SolidityLanguageFrontend)
21:54:19.457 [ForkJoinPool.commonPool-worker-3] ERROR de.fraunhofer.aisec.cpg.graph.TypeManager - Unknown language (frontend: SolidityLanguageFrontend)
21:54:19.457 [ForkJoinPool.commonPool-worker-3] ERROR de.fraunhofer.aisec.cpg.graph.TypeManager - Unknown language (frontend: SolidityLanguageFrontend)
21:54:19.457 [ForkJoinPool.commonPool-worker-3] ERROR de.fraunhofer.aisec.cpg.graph.TypeManager - Unknown language (frontend: SolidityLanguageFrontend)
21:54:19.457 [ForkJoinPool.commonPool-worker-3] ERROR de.fraunhofer.aisec.cpg.graph.TypeManager - Unknown language (frontend: SolidityLanguageFrontend)
21:54:19.457 [ForkJoinPool.commonPool-worker-3] ERROR de.fraunhofer.aisec.cpg.graph.TypeManager - Unknown language (frontend: SolidityLanguageFrontend)
21:54:19.458 [ForkJoinPool.commonPool-worker-3] ERROR de.fraunhofer.aisec.cpg.graph.TypeManager - Unknown language (frontend: SolidityLanguageFrontend)
21:54:19.458 [ForkJoinPool.commonPool-worker-3] ERROR de.fraunhofer.aisec.cpg.graph.TypeManager - Unknown language (frontend: SolidityLanguageFrontend)
21:54:19.458 [ForkJoinPool.commonPool-worker-3] ERROR de.fraunhofer.aisec.cpg.graph.TypeManager - Unknown language (frontend: SolidityLanguageFrontend)
21:54:19.459 [ForkJoinPool.commonPool-worker-3] ERROR de.fraunhofer.aisec.cpg.graph.TypeManager - Unknown language (frontend: SolidityLanguageFrontend)
21:54:19.459 [ForkJoinPool.commonPool-worker-3] ERROR de.fraunhofer.aisec.cpg.graph.TypeManager - Unknown language (frontend: SolidityLanguageFrontend)
21:54:19.463 [ForkJoinPool.commonPool-worker-3] ERROR de.fraunhofer.aisec.cpg.graph.TypeManager - Unknown language (frontend: SolidityLanguageFrontend)
21:54:19.463 [ForkJoinPool.commonPool-worker-3] ERROR de.fraunhofer.aisec.cpg.graph.TypeManager - Unknown language (frontend: SolidityLanguageFrontend)
21:54:19.463 [ForkJoinPool.commonPool-worker-3] ERROR de.fraunhofer.aisec.cpg.graph.TypeManager - Unknown language (frontend: SolidityLanguageFrontend)
21:54:19.463 [ForkJoinPool.commonPool-worker-3] ERROR de.fraunhofer.aisec.cpg.graph.TypeManager - Unknown language (frontend: SolidityLanguageFrontend)
21:54:19.464 [ForkJoinPool.commonPool-worker-3] ERROR de.fraunhofer.aisec.cpg.graph.TypeManager - Unknown language (frontend: SolidityLanguageFrontend)
21:54:19.497 [ForkJoinPool.commonPool-worker-3] ERROR de.fraunhofer.aisec.cpg.graph.TypeManager - Unknown language (frontend: SolidityLanguageFrontend)
21:54:19.497 [ForkJoinPool.commonPool-worker-3] ERROR de.fraunhofer.aisec.cpg.graph.TypeManager - Unknown language (frontend: SolidityLanguageFrontend)
21:54:19.497 [ForkJoinPool.commonPool-worker-3] ERROR de.fraunhofer.aisec.cpg.graph.TypeManager - Unknown language (frontend: SolidityLanguageFrontend)
21:54:19.498 [ForkJoinPool.commonPool-worker-3] ERROR de.fraunhofer.aisec.cpg.graph.TypeManager - Unknown language (frontend: SolidityLanguageFrontend)
21:54:19.498 [ForkJoinPool.commonPool-worker-3] ERROR de.fraunhofer.aisec.cpg.graph.TypeManager - Unknown language (frontend: SolidityLanguageFrontend)
21:54:19.502 [ForkJoinPool.commonPool-worker-3] ERROR de.fraunhofer.aisec.cpg.graph.TypeManager - Unknown language (frontend: SolidityLanguageFrontend)
21:54:19.502 [ForkJoinPool.commonPool-worker-3] ERROR de.fraunhofer.aisec.cpg.graph.TypeManager - Unknown language (frontend: SolidityLanguageFrontend)
21:54:19.502 [ForkJoinPool.commonPool-worker-3] ERROR de.fraunhofer.aisec.cpg.graph.TypeManager - Unknown language (frontend: SolidityLanguageFrontend)
21:54:19.502 [ForkJoinPool.commonPool-worker-3] ERROR de.fraunhofer.aisec.cpg.graph.TypeManager - Unknown language (frontend: SolidityLanguageFrontend)
21:54:19.502 [ForkJoinPool.commonPool-worker-3] ERROR de.fraunhofer.aisec.cpg.graph.TypeManager - Unknown language (frontend: SolidityLanguageFrontend)
21:54:19.503 [ForkJoinPool.commonPool-worker-3] ERROR de.fraunhofer.aisec.cpg.graph.TypeManager - Unknown language (frontend: SolidityLanguageFrontend)
21:54:19.503 [ForkJoinPool.commonPool-worker-3] ERROR de.fraunhofer.aisec.cpg.graph.TypeManager - Unknown language (frontend: SolidityLanguageFrontend)
21:54:19.503 [ForkJoinPool.commonPool-worker-3] ERROR de.fraunhofer.aisec.cpg.graph.TypeManager - Unknown language (frontend: SolidityLanguageFrontend)
21:54:19.503 [ForkJoinPool.commonPool-worker-3] ERROR de.fraunhofer.aisec.cpg.graph.TypeManager - Unknown language (frontend: SolidityLanguageFrontend)
21:54:19.503 [ForkJoinPool.commonPool-worker-3] ERROR de.fraunhofer.aisec.cpg.graph.TypeManager - Unknown language (frontend: SolidityLanguageFrontend)
21:54:19.504 [ForkJoinPool.commonPool-worker-3] ERROR de.fraunhofer.aisec.cpg.graph.TypeManager - Unknown language (frontend: SolidityLanguageFrontend)
21:54:19.504 [ForkJoinPool.commonPool-worker-3] ERROR de.fraunhofer.aisec.cpg.graph.TypeManager - Unknown language (frontend: SolidityLanguageFrontend)
21:54:19.504 [ForkJoinPool.commonPool-worker-3] ERROR de.fraunhofer.aisec.cpg.graph.TypeManager - Unknown language (frontend: SolidityLanguageFrontend)
21:54:19.504 [ForkJoinPool.commonPool-worker-3] ERROR de.fraunhofer.aisec.cpg.graph.TypeManager - Unknown language (frontend: SolidityLanguageFrontend)
21:54:19.504 [ForkJoinPool.commonPool-worker-3] ERROR de.fraunhofer.aisec.cpg.graph.TypeManager - Unknown language (frontend: SolidityLanguageFrontend)
21:54:19.509 [ForkJoinPool.commonPool-worker-3] ERROR de.fraunhofer.aisec.cpg.graph.TypeManager - Unknown language (frontend: SolidityLanguageFrontend)
21:54:19.509 [ForkJoinPool.commonPool-worker-3] ERROR de.fraunhofer.aisec.cpg.graph.TypeManager - Unknown language (frontend: SolidityLanguageFrontend)
21:54:19.509 [ForkJoinPool.commonPool-worker-3] ERROR de.fraunhofer.aisec.cpg.graph.TypeManager - Unknown language (frontend: SolidityLanguageFrontend)
21:54:19.509 [ForkJoinPool.commonPool-worker-3] ERROR de.fraunhofer.aisec.cpg.graph.TypeManager - Unknown language (frontend: SolidityLanguageFrontend)
21:54:19.509 [ForkJoinPool.commonPool-worker-3] ERROR de.fraunhofer.aisec.cpg.graph.TypeManager - Unknown language (frontend: SolidityLanguageFrontend)
21:54:19.509 [ForkJoinPool.commonPool-worker-3] ERROR de.fraunhofer.aisec.cpg.graph.TypeManager - Unknown language (frontend: SolidityLanguageFrontend)
21:54:19.510 [ForkJoinPool.commonPool-worker-3] ERROR de.fraunhofer.aisec.cpg.graph.TypeManager - Unknown language (frontend: SolidityLanguageFrontend)
21:54:19.510 [ForkJoinPool.commonPool-worker-3] ERROR de.fraunhofer.aisec.cpg.graph.TypeManager - Unknown language (frontend: SolidityLanguageFrontend)
21:54:19.510 [ForkJoinPool.commonPool-worker-3] ERROR de.fraunhofer.aisec.cpg.graph.TypeManager - Unknown language (frontend: SolidityLanguageFrontend)
21:54:19.510 [ForkJoinPool.commonPool-worker-3] ERROR de.fraunhofer.aisec.cpg.graph.TypeManager - Unknown language (frontend: SolidityLanguageFrontend)
21:54:19.511 [ForkJoinPool.commonPool-worker-3] ERROR de.fraunhofer.aisec.cpg.graph.TypeManager - Unknown language (frontend: SolidityLanguageFrontend)
21:54:19.511 [ForkJoinPool.commonPool-worker-3] ERROR de.fraunhofer.aisec.cpg.graph.TypeManager - Unknown language (frontend: SolidityLanguageFrontend)
21:54:19.511 [ForkJoinPool.commonPool-worker-3] ERROR de.fraunhofer.aisec.cpg.graph.TypeManager - Unknown language (frontend: SolidityLanguageFrontend)
21:54:19.511 [ForkJoinPool.commonPool-worker-3] ERROR de.fraunhofer.aisec.cpg.graph.TypeManager - Unknown language (frontend: SolidityLanguageFrontend)
21:54:19.512 [ForkJoinPool.commonPool-worker-3] ERROR de.fraunhofer.aisec.cpg.graph.TypeManager - Unknown language (frontend: SolidityLanguageFrontend)
21:54:19.512 [ForkJoinPool.commonPool-worker-3] ERROR de.fraunhofer.aisec.cpg.graph.TypeManager - Unknown language (frontend: SolidityLanguageFrontend)
21:54:19.512 [ForkJoinPool.commonPool-worker-3] ERROR de.fraunhofer.aisec.cpg.graph.TypeManager - Unknown language (frontend: SolidityLanguageFrontend)
21:54:19.512 [ForkJoinPool.commonPool-worker-3] ERROR de.fraunhofer.aisec.cpg.graph.TypeManager - Unknown language (frontend: SolidityLanguageFrontend)
21:54:19.513 [ForkJoinPool.commonPool-worker-3] ERROR de.fraunhofer.aisec.cpg.graph.TypeManager - Unknown language (frontend: SolidityLanguageFrontend)
21:54:19.513 [ForkJoinPool.commonPool-worker-3] ERROR de.fraunhofer.aisec.cpg.graph.TypeManager - Unknown language (frontend: SolidityLanguageFrontend)
21:54:19.514 [ForkJoinPool.commonPool-worker-3] ERROR de.fraunhofer.aisec.cpg.graph.TypeManager - Unknown language (frontend: SolidityLanguageFrontend)
21:54:19.514 [ForkJoinPool.commonPool-worker-3] ERROR de.fraunhofer.aisec.cpg.graph.TypeManager - Unknown language (frontend: SolidityLanguageFrontend)
21:54:19.514 [ForkJoinPool.commonPool-worker-3] ERROR de.fraunhofer.aisec.cpg.graph.TypeManager - Unknown language (frontend: SolidityLanguageFrontend)
21:54:19.514 [ForkJoinPool.commonPool-worker-3] ERROR de.fraunhofer.aisec.cpg.graph.TypeManager - Unknown language (frontend: SolidityLanguageFrontend)
21:54:19.514 [ForkJoinPool.commonPool-worker-3] ERROR de.fraunhofer.aisec.cpg.graph.TypeManager - Unknown language (frontend: SolidityLanguageFrontend)
21:54:19.515 [ForkJoinPool.commonPool-worker-3] ERROR de.fraunhofer.aisec.cpg.graph.TypeManager - Unknown language (frontend: SolidityLanguageFrontend)
21:54:19.515 [ForkJoinPool.commonPool-worker-3] ERROR de.fraunhofer.aisec.cpg.graph.TypeManager - Unknown language (frontend: SolidityLanguageFrontend)
21:54:19.515 [ForkJoinPool.commonPool-worker-3] ERROR de.fraunhofer.aisec.cpg.graph.TypeManager - Unknown language (frontend: SolidityLanguageFrontend)
21:54:19.515 [ForkJoinPool.commonPool-worker-3] ERROR de.fraunhofer.aisec.cpg.graph.TypeManager - Unknown language (frontend: SolidityLanguageFrontend)
21:54:19.515 [ForkJoinPool.commonPool-worker-3] ERROR de.fraunhofer.aisec.cpg.graph.TypeManager - Unknown language (frontend: SolidityLanguageFrontend)
21:54:19.516 [ForkJoinPool.commonPool-worker-3] ERROR de.fraunhofer.aisec.cpg.graph.TypeManager - Unknown language (frontend: SolidityLanguageFrontend)
21:54:19.516 [ForkJoinPool.commonPool-worker-3] ERROR de.fraunhofer.aisec.cpg.graph.TypeManager - Unknown language (frontend: SolidityLanguageFrontend)
21:54:19.516 [ForkJoinPool.commonPool-worker-3] ERROR de.fraunhofer.aisec.cpg.graph.TypeManager - Unknown language (frontend: SolidityLanguageFrontend)
21:54:19.516 [ForkJoinPool.commonPool-worker-3] ERROR de.fraunhofer.aisec.cpg.graph.TypeManager - Unknown language (frontend: SolidityLanguageFrontend)
21:54:19.516 [ForkJoinPool.commonPool-worker-3] ERROR de.fraunhofer.aisec.cpg.graph.TypeManager - Unknown language (frontend: SolidityLanguageFrontend)
21:54:19.517 [ForkJoinPool.commonPool-worker-3] ERROR de.fraunhofer.aisec.cpg.graph.TypeManager - Unknown language (frontend: SolidityLanguageFrontend)
21:54:19.517 [ForkJoinPool.commonPool-worker-3] ERROR de.fraunhofer.aisec.cpg.graph.TypeManager - Unknown language (frontend: SolidityLanguageFrontend)
21:54:19.517 [ForkJoinPool.commonPool-worker-3] ERROR de.fraunhofer.aisec.cpg.graph.TypeManager - Unknown language (frontend: SolidityLanguageFrontend)
21:54:19.517 [ForkJoinPool.commonPool-worker-3] ERROR de.fraunhofer.aisec.cpg.graph.TypeManager - Unknown language (frontend: SolidityLanguageFrontend)
21:54:19.517 [ForkJoinPool.commonPool-worker-3] ERROR de.fraunhofer.aisec.cpg.graph.TypeManager - Unknown language (frontend: SolidityLanguageFrontend)
21:54:19.518 [ForkJoinPool.commonPool-worker-3] ERROR de.fraunhofer.aisec.cpg.graph.TypeManager - Unknown language (frontend: SolidityLanguageFrontend)
21:54:19.518 [ForkJoinPool.commonPool-worker-3] ERROR de.fraunhofer.aisec.cpg.graph.TypeManager - Unknown language (frontend: SolidityLanguageFrontend)
21:54:19.519 [ForkJoinPool.commonPool-worker-3] ERROR de.fraunhofer.aisec.cpg.graph.TypeManager - Unknown language (frontend: SolidityLanguageFrontend)
21:54:19.519 [ForkJoinPool.commonPool-worker-3] ERROR de.fraunhofer.aisec.cpg.graph.TypeManager - Unknown language (frontend: SolidityLanguageFrontend)
21:54:19.519 [ForkJoinPool.commonPool-worker-3] ERROR de.fraunhofer.aisec.cpg.graph.TypeManager - Unknown language (frontend: SolidityLanguageFrontend)
21:54:19.519 [ForkJoinPool.commonPool-worker-3] ERROR de.fraunhofer.aisec.cpg.graph.TypeManager - Unknown language (frontend: SolidityLanguageFrontend)
21:54:19.520 [ForkJoinPool.commonPool-worker-3] ERROR de.fraunhofer.aisec.cpg.graph.TypeManager - Unknown language (frontend: SolidityLanguageFrontend)
21:54:19.520 [ForkJoinPool.commonPool-worker-3] ERROR de.fraunhofer.aisec.cpg.graph.TypeManager - Unknown language (frontend: SolidityLanguageFrontend)
21:54:19.520 [ForkJoinPool.commonPool-worker-3] ERROR de.fraunhofer.aisec.cpg.graph.TypeManager - Unknown language (frontend: SolidityLanguageFrontend)
21:54:19.520 [ForkJoinPool.commonPool-worker-3] ERROR de.fraunhofer.aisec.cpg.graph.TypeManager - Unknown language (frontend: SolidityLanguageFrontend)
21:54:19.521 [ForkJoinPool.commonPool-worker-3] ERROR de.fraunhofer.aisec.cpg.graph.TypeManager - Unknown language (frontend: SolidityLanguageFrontend)
21:54:19.521 [ForkJoinPool.commonPool-worker-3] ERROR de.fraunhofer.aisec.cpg.graph.TypeManager - Unknown language (frontend: SolidityLanguageFrontend)
21:54:19.521 [ForkJoinPool.commonPool-worker-3] ERROR de.fraunhofer.aisec.cpg.graph.TypeManager - Unknown language (frontend: SolidityLanguageFrontend)
21:54:19.521 [ForkJoinPool.commonPool-worker-3] ERROR de.fraunhofer.aisec.cpg.graph.TypeManager - Unknown language (frontend: SolidityLanguageFrontend)
21:54:19.521 [ForkJoinPool.commonPool-worker-3] ERROR de.fraunhofer.aisec.cpg.graph.TypeManager - Unknown language (frontend: SolidityLanguageFrontend)
21:54:19.522 [ForkJoinPool.commonPool-worker-3] ERROR de.fraunhofer.aisec.cpg.graph.TypeManager - Unknown language (frontend: SolidityLanguageFrontend)
21:54:19.522 [ForkJoinPool.commonPool-worker-3] ERROR de.fraunhofer.aisec.cpg.graph.TypeManager - Unknown language (frontend: SolidityLanguageFrontend)
21:54:19.522 [ForkJoinPool.commonPool-worker-3] ERROR de.fraunhofer.aisec.cpg.graph.TypeManager - Unknown language (frontend: SolidityLanguageFrontend)
21:54:19.523 [ForkJoinPool.commonPool-worker-3] ERROR de.fraunhofer.aisec.cpg.graph.TypeManager - Unknown language (frontend: SolidityLanguageFrontend)
21:54:19.523 [ForkJoinPool.commonPool-worker-3] ERROR de.fraunhofer.aisec.cpg.graph.TypeManager - Unknown language (frontend: SolidityLanguageFrontend)
21:54:19.524 [ForkJoinPool.commonPool-worker-3] ERROR de.fraunhofer.aisec.cpg.graph.TypeManager - Unknown language (frontend: SolidityLanguageFrontend)
21:54:19.524 [ForkJoinPool.commonPool-worker-3] ERROR de.fraunhofer.aisec.cpg.graph.TypeManager - Unknown language (frontend: SolidityLanguageFrontend)
21:54:19.524 [ForkJoinPool.commonPool-worker-3] ERROR de.fraunhofer.aisec.cpg.graph.TypeManager - Unknown language (frontend: SolidityLanguageFrontend)
21:54:19.524 [ForkJoinPool.commonPool-worker-3] ERROR de.fraunhofer.aisec.cpg.graph.TypeManager - Unknown language (frontend: SolidityLanguageFrontend)
21:54:19.524 [ForkJoinPool.commonPool-worker-3] ERROR de.fraunhofer.aisec.cpg.graph.TypeManager - Unknown language (frontend: SolidityLanguageFrontend)
21:54:19.525 [ForkJoinPool.commonPool-worker-3] ERROR de.fraunhofer.aisec.cpg.graph.TypeManager - Unknown language (frontend: SolidityLanguageFrontend)
21:54:19.525 [ForkJoinPool.commonPool-worker-3] ERROR de.fraunhofer.aisec.cpg.graph.TypeManager - Unknown language (frontend: SolidityLanguageFrontend)
21:54:19.525 [ForkJoinPool.commonPool-worker-3] ERROR de.fraunhofer.aisec.cpg.graph.TypeManager - Unknown language (frontend: SolidityLanguageFrontend)
21:54:19.526 [ForkJoinPool.commonPool-worker-3] ERROR de.fraunhofer.aisec.cpg.graph.TypeManager - Unknown language (frontend: SolidityLanguageFrontend)
21:54:19.526 [ForkJoinPool.commonPool-worker-3] ERROR de.fraunhofer.aisec.cpg.graph.TypeManager - Unknown language (frontend: SolidityLanguageFrontend)
21:54:19.526 [ForkJoinPool.commonPool-worker-3] ERROR de.fraunhofer.aisec.cpg.graph.TypeManager - Unknown language (frontend: SolidityLanguageFrontend)
21:54:19.527 [ForkJoinPool.commonPool-worker-3] ERROR de.fraunhofer.aisec.cpg.graph.TypeManager - Unknown language (frontend: SolidityLanguageFrontend)
21:54:19.527 [ForkJoinPool.commonPool-worker-3] ERROR de.fraunhofer.aisec.cpg.graph.TypeManager - Unknown language (frontend: SolidityLanguageFrontend)
21:54:19.527 [ForkJoinPool.commonPool-worker-3] ERROR de.fraunhofer.aisec.cpg.graph.TypeManager - Unknown language (frontend: SolidityLanguageFrontend)
21:54:19.527 [ForkJoinPool.commonPool-worker-3] ERROR de.fraunhofer.aisec.cpg.graph.TypeManager - Unknown language (frontend: SolidityLanguageFrontend)
21:54:19.528 [ForkJoinPool.commonPool-worker-3] ERROR de.fraunhofer.aisec.cpg.graph.TypeManager - Unknown language (frontend: SolidityLanguageFrontend)
21:54:19.528 [ForkJoinPool.commonPool-worker-3] ERROR de.fraunhofer.aisec.cpg.graph.TypeManager - Unknown language (frontend: SolidityLanguageFrontend)
21:54:19.529 [ForkJoinPool.commonPool-worker-3] ERROR de.fraunhofer.aisec.cpg.graph.TypeManager - Unknown language (frontend: SolidityLanguageFrontend)
21:54:19.529 [ForkJoinPool.commonPool-worker-3] ERROR de.fraunhofer.aisec.cpg.graph.TypeManager - Unknown language (frontend: SolidityLanguageFrontend)
21:54:19.529 [ForkJoinPool.commonPool-worker-3] ERROR de.fraunhofer.aisec.cpg.graph.TypeManager - Unknown language (frontend: SolidityLanguageFrontend)
21:54:19.533 [ForkJoinPool.commonPool-worker-3] ERROR de.fraunhofer.aisec.cpg.graph.TypeManager - Unknown language (frontend: SolidityLanguageFrontend)
21:54:19.533 [ForkJoinPool.commonPool-worker-3] ERROR de.fraunhofer.aisec.cpg.graph.TypeManager - Unknown language (frontend: SolidityLanguageFrontend)
21:54:19.533 [ForkJoinPool.commonPool-worker-3] ERROR de.fraunhofer.aisec.cpg.graph.TypeManager - Unknown language (frontend: SolidityLanguageFrontend)
21:54:19.533 [ForkJoinPool.commonPool-worker-3] ERROR de.fraunhofer.aisec.cpg.graph.TypeManager - Unknown language (frontend: SolidityLanguageFrontend)
21:54:19.533 [ForkJoinPool.commonPool-worker-3] ERROR de.fraunhofer.aisec.cpg.graph.TypeManager - Unknown language (frontend: SolidityLanguageFrontend)
21:54:19.534 [ForkJoinPool.commonPool-worker-3] ERROR de.fraunhofer.aisec.cpg.passes.scopes.ScopeManager - Could not find the scope UNKNOWN needed to resolve the call UNKNOWN.transfer. Falling back to the current scope
Oct 03, 2022 9:54:20 PM org.neo4j.driver.internal.logging.JULogger info
INFO: Direct driver instance 707250996 created for server address localhost:7687
Oct 03, 2022 9:54:23 PM org.neo4j.driver.internal.logging.JULogger info
INFO: Closing driver instance 707250996
Oct 03, 2022 9:54:23 PM org.neo4j.driver.internal.logging.JULogger info
INFO: Closing connection pool towards localhost:7687
Oct 03, 2022 9:54:23 PM org.neo4j.driver.internal.logging.JULogger info
INFO: Direct driver instance 2189588 created for server address localhost:7687
Oct 03, 2022 9:54:33 PM org.neo4j.driver.internal.logging.JULogger info
INFO: Closing driver instance 2189588
Oct 03, 2022 9:54:33 PM org.neo4j.driver.internal.logging.JULogger info
INFO: Closing connection pool towards localhost:7687
Nr. Files: 1
File: /data/mapping_write.sol
- Missing Check of Return Value from external Call, mapping_write.sol 28:8-28:52