2022-06-02 10:09:32,140: [14] m.main:INFO: Registered plugins: IntrospectionAPIPlugin, <class 'manticore.ethereum.plugins.SkipRevertBasicBlocks'>, <class 'manticore.ethereum.plugins.FilterFunctions'>
2022-06-02 10:09:32,141: [14] m.main:INFO: Beginning analysis
2022-06-02 10:09:32,145: [14] m.e.manticore:INFO: Starting symbolic create contract
2022-06-02 10:09:33,300: [14] m.e.manticore:INFO: Starting symbolic transaction: 0
2022-06-02 10:09:38,497: [14] m.e.manticore:INFO: Found a concrete globalsha3 b'\x00\x00\x00\x00\x00\x00\x00\x00\x00\x00\x00\x00\x00\x00\x00\x00\x00\x00\x00\x00\x00\x00\x00\x00\x00\x00\x00\x00\x00\x02\x00\x00\x00\x00\x00\x00\x00\x00\x00\x00\x00\x00\x00\x00\x00\x00\x00\x00\x00\x00\x00\x00\x00\x00\x00\x00\x00\x00\x00\x00\x00\x00\x00\x01' -> 27376155845717860833342594873357525089589924219251518322086369159840883582034
2022-06-02 10:09:55,161: [14] m.e.manticore:INFO: 3 alive states, 3 terminated states
2022-06-02 10:09:55,629: [14] m.e.manticore:INFO: Starting symbolic transaction: 1
2022-06-02 10:11:15,902: [14] m.e.manticore:INFO: 12 alive states, 9 terminated states
2022-06-02 10:11:16,443: [14] m.e.manticore:INFO: Starting symbolic transaction: 2
2022-06-02 10:17:58,557: [14] m.e.manticore:INFO: 60 alive states, 33 terminated states
2022-06-02 10:17:59,337: [119] m.c.manticore:INFO: Generated testcase No. 0 - STOP(4 txs)
2022-06-02 10:17:59,338: [119] m.c.plugin:WARNING: Caught will_solve in state None, but failed to capture its initialization
2022-06-02 10:17:59,343: [115] m.c.manticore:INFO: Generated testcase No. 1 - STOP(4 txs)
2022-06-02 10:17:59,345: [115] m.c.plugin:WARNING: Caught will_solve in state None, but failed to capture its initialization
2022-06-02 10:17:59,349: [124] m.c.manticore:INFO: Generated testcase No. 2 - STOP(4 txs)
2022-06-02 10:17:59,350: [124] m.c.plugin:WARNING: Caught will_solve in state None, but failed to capture its initialization
2022-06-02 10:17:59,358: [117] m.c.manticore:INFO: Generated testcase No. 3 - STOP(4 txs)
2022-06-02 10:17:59,360: [117] m.c.plugin:WARNING: Caught will_solve in state None, but failed to capture its initialization
2022-06-02 10:17:59,362: [125] m.c.manticore:INFO: Generated testcase No. 4 - STOP(4 txs)
2022-06-02 10:17:59,363: [125] m.c.plugin:WARNING: Caught will_solve in state None, but failed to capture its initialization
2022-06-02 10:17:59,369: [118] m.c.manticore:INFO: Generated testcase No. 5 - STOP(4 txs)
2022-06-02 10:17:59,369: [126] m.c.manticore:INFO: Generated testcase No. 6 - STOP(4 txs)
2022-06-02 10:17:59,370: [118] m.c.plugin:WARNING: Caught will_solve in state None, but failed to capture its initialization
2022-06-02 10:17:59,370: [126] m.c.plugin:WARNING: Caught will_solve in state None, but failed to capture its initialization
2022-06-02 10:17:59,392: [123] m.c.manticore:INFO: Generated testcase No. 7 - STOP(4 txs)
2022-06-02 10:17:59,394: [123] m.c.plugin:WARNING: Caught will_solve in state None, but failed to capture its initialization
2022-06-02 10:17:59,399: [122] m.c.manticore:INFO: Generated testcase No. 8 - STOP(4 txs)
2022-06-02 10:17:59,400: [122] m.c.plugin:WARNING: Caught will_solve in state None, but failed to capture its initialization
2022-06-02 10:17:59,407: [120] m.c.manticore:INFO: Generated testcase No. 9 - STOP(4 txs)
2022-06-02 10:17:59,408: [120] m.c.plugin:WARNING: Caught will_solve in state None, but failed to capture its initialization
2022-06-02 10:17:59,442: [121] m.c.manticore:INFO: Generated testcase No. 10 - STOP(4 txs)
2022-06-02 10:17:59,444: [121] m.c.plugin:WARNING: Caught will_solve in state None, but failed to capture its initialization
2022-06-02 10:18:00,627: [116] m.c.manticore:INFO: Generated testcase No. 11 - STOP(4 txs)
2022-06-02 10:18:00,628: [116] m.c.plugin:WARNING: Caught will_solve in state None, but failed to capture its initialization
2022-06-02 10:18:01,739: [123] m.c.manticore:INFO: Generated testcase No. 12 - STOP(4 txs)
2022-06-02 10:18:01,772: [126] m.c.manticore:INFO: Generated testcase No. 13 - STOP(4 txs)
2022-06-02 10:18:01,774: [117] m.c.manticore:INFO: Generated testcase No. 14 - STOP(4 txs)
2022-06-02 10:18:01,791: [115] m.c.manticore:INFO: Generated testcase No. 15 - STOP(4 txs)
2022-06-02 10:18:01,962: [119] m.c.manticore:INFO: Generated testcase No. 16 - STOP(4 txs)
2022-06-02 10:18:02,019: [124] m.c.manticore:INFO: Generated testcase No. 17 - STOP(4 txs)
2022-06-02 10:18:02,057: [122] m.c.manticore:INFO: Generated testcase No. 18 - STOP(4 txs)
2022-06-02 10:18:02,074: [118] m.c.manticore:INFO: Generated testcase No. 19 - STOP(4 txs)
2022-06-02 10:18:02,196: [120] m.c.manticore:INFO: Generated testcase No. 20 - STOP(4 txs)
2022-06-02 10:18:04,079: [115] m.c.manticore:INFO: Generated testcase No. 21 - STOP(4 txs)
2022-06-02 10:18:04,096: [125] m.c.manticore:INFO: Generated testcase No. 22 - STOP(4 txs)
2022-06-02 10:18:04,159: [117] m.c.manticore:INFO: Generated testcase No. 23 - STOP(4 txs)
2022-06-02 10:18:04,295: [119] m.c.manticore:INFO: Generated testcase No. 24 - STOP(4 txs)
2022-06-02 10:18:04,699: [124] m.c.manticore:INFO: Generated testcase No. 25 - STOP(4 txs)
2022-06-02 10:18:04,868: [121] m.c.manticore:INFO: Generated testcase No. 26 - STOP(4 txs)
2022-06-02 10:18:06,103: [123] m.c.manticore:INFO: Generated testcase No. 27 - STOP(4 txs)
2022-06-02 10:18:06,188: [126] m.c.manticore:INFO: Generated testcase No. 28 - STOP(4 txs)
2022-06-02 10:18:06,271: [115] m.c.manticore:INFO: Generated testcase No. 29 - STOP(4 txs)
2022-06-02 10:18:06,325: [118] m.c.manticore:INFO: Generated testcase No. 30 - STOP(4 txs)
2022-06-02 10:18:06,344: [119] m.c.manticore:INFO: Generated testcase No. 31 - STOP(4 txs)
2022-06-02 10:18:06,367: [117] m.c.manticore:INFO: Generated testcase No. 32 - STOP(4 txs)
2022-06-02 10:18:06,406: [125] m.c.manticore:INFO: Generated testcase No. 33 - STOP(4 txs)
2022-06-02 10:18:07,157: [122] m.c.manticore:INFO: Generated testcase No. 34 - STOP(4 txs)
2022-06-02 10:18:07,807: [121] m.c.manticore:INFO: Generated testcase No. 35 - STOP(4 txs)
2022-06-02 10:18:07,931: [120] m.c.manticore:INFO: Generated testcase No. 36 - STOP(4 txs)
2022-06-02 10:18:08,327: [119] m.c.manticore:INFO: Generated testcase No. 37 - STOP(4 txs)
2022-06-02 10:18:08,678: [118] m.c.manticore:INFO: Generated testcase No. 38 - STOP(4 txs)
2022-06-02 10:18:09,060: [122] m.c.manticore:INFO: Generated testcase No. 39 - STOP(4 txs)
2022-06-02 10:18:09,244: [117] m.c.manticore:INFO: Generated testcase No. 40 - STOP(4 txs)
2022-06-02 10:18:09,464: [125] m.c.manticore:INFO: Generated testcase No. 41 - STOP(4 txs)
2022-06-02 10:18:09,569: [123] m.c.manticore:INFO: Generated testcase No. 42 - STOP(4 txs)
2022-06-02 10:18:10,387: [119] m.c.manticore:INFO: Generated testcase No. 43 - STOP(4 txs)
2022-06-02 10:18:10,828: [115] m.c.manticore:INFO: Generated testcase No. 45 - STOP(4 txs)
2022-06-02 10:18:10,927: [121] m.c.manticore:INFO: Generated testcase No. 44 - STOP(4 txs)
2022-06-02 10:18:11,058: [120] m.c.manticore:INFO: Generated testcase No. 46 - STOP(4 txs)
2022-06-02 10:18:11,170: [124] m.c.manticore:INFO: Generated testcase No. 47 - STOP(4 txs)
2022-06-02 10:18:11,191: [122] m.c.manticore:INFO: Generated testcase No. 48 - STOP(4 txs)
2022-06-02 10:18:11,968: [118] m.c.manticore:INFO: Generated testcase No. 49 - STOP(4 txs)
2022-06-02 10:18:12,690: [117] m.c.manticore:INFO: Generated testcase No. 50 - STOP(4 txs)
2022-06-02 10:18:12,865: [115] m.c.manticore:INFO: Generated testcase No. 51 - STOP(4 txs)
2022-06-02 10:18:13,223: [120] m.c.manticore:INFO: Generated testcase No. 52 - STOP(4 txs)
2022-06-02 10:18:13,302: [124] m.c.manticore:INFO: Generated testcase No. 53 - STOP(4 txs)
2022-06-02 10:18:14,368: [125] m.c.manticore:INFO: Generated testcase No. 54 - STOP(4 txs)
2022-06-02 10:18:14,399: [118] m.c.manticore:INFO: Generated testcase No. 55 - STOP(4 txs)
2022-06-02 10:18:14,901: [115] m.c.manticore:INFO: Generated testcase No. 56 - STOP(4 txs)
2022-06-02 10:18:15,049: [122] m.c.manticore:INFO: Generated testcase No. 57 - STOP(4 txs)
2022-06-02 10:18:15,098: [121] m.c.manticore:INFO: Generated testcase No. 58 - STOP(4 txs)
2022-06-02 10:18:15,857: [117] m.c.manticore:INFO: Generated testcase No. 59 - STOP(4 txs)
2022-06-02 10:18:44,846: [14] m.c.manticore:INFO: Results in /mcore_kr5kw1qr
2022-06-02 10:18:44,847: [14] m.c.manticore:INFO: Total time: 447.9554555416107