Directories in use:
home:         /var/lib/neo4j
config:       /etc/neo4j
logs:         /var/log/neo4j
plugins:      /var/lib/neo4j/plugins
import:       /var/lib/neo4j/import
data:         /var/lib/neo4j/data
certificates: /var/lib/neo4j/certificates
licenses:     /var/lib/neo4j/licenses
run:          /var/lib/neo4j/run
Starting Neo4j.
Started neo4j (pid:35). It is available at http://localhost:7474
There may be a short delay until the server is ready.
Neo4j is not running.
Neo4j is not running.
Neo4j is running.
/data/0xf015c35649c82f5467c9c74b7f28ee67665aad68.sol
11:57:53.220 [ForkJoinPool.commonPool-worker-3] ERROR de.fraunhofer.aisec.cpg.graph.TypeManager - Unknown language (frontend: SolidityLanguageFrontend)
11:57:53.223 [ForkJoinPool.commonPool-worker-3] ERROR de.fraunhofer.aisec.cpg.graph.TypeManager - Unknown language (frontend: SolidityLanguageFrontend)
11:57:53.224 [ForkJoinPool.commonPool-worker-3] ERROR de.fraunhofer.aisec.cpg.graph.TypeManager - Unknown language (frontend: SolidityLanguageFrontend)
11:57:53.224 [ForkJoinPool.commonPool-worker-3] ERROR de.fraunhofer.aisec.cpg.graph.TypeManager - Unknown language (frontend: SolidityLanguageFrontend)
11:57:53.224 [ForkJoinPool.commonPool-worker-3] ERROR de.fraunhofer.aisec.cpg.graph.TypeManager - Unknown language (frontend: SolidityLanguageFrontend)
11:57:53.229 [ForkJoinPool.commonPool-worker-3] ERROR de.fraunhofer.aisec.cpg.graph.TypeManager - Unknown language (frontend: SolidityLanguageFrontend)
11:57:53.229 [ForkJoinPool.commonPool-worker-3] ERROR de.fraunhofer.aisec.cpg.graph.TypeManager - Unknown language (frontend: SolidityLanguageFrontend)
11:57:53.229 [ForkJoinPool.commonPool-worker-3] ERROR de.fraunhofer.aisec.cpg.graph.TypeManager - Unknown language (frontend: SolidityLanguageFrontend)
11:57:53.230 [ForkJoinPool.commonPool-worker-3] ERROR de.fraunhofer.aisec.cpg.graph.TypeManager - Unknown language (frontend: SolidityLanguageFrontend)
11:57:53.230 [ForkJoinPool.commonPool-worker-3] ERROR de.fraunhofer.aisec.cpg.graph.TypeManager - Unknown language (frontend: SolidityLanguageFrontend)
11:57:53.232 [ForkJoinPool.commonPool-worker-3] ERROR de.fraunhofer.aisec.cpg.graph.TypeManager - Unknown language (frontend: SolidityLanguageFrontend)
11:57:53.232 [ForkJoinPool.commonPool-worker-3] ERROR de.fraunhofer.aisec.cpg.graph.TypeManager - Unknown language (frontend: SolidityLanguageFrontend)
11:57:53.232 [ForkJoinPool.commonPool-worker-3] ERROR de.fraunhofer.aisec.cpg.graph.TypeManager - Unknown language (frontend: SolidityLanguageFrontend)
11:57:53.232 [ForkJoinPool.commonPool-worker-3] ERROR de.fraunhofer.aisec.cpg.graph.TypeManager - Unknown language (frontend: SolidityLanguageFrontend)
11:57:53.233 [ForkJoinPool.commonPool-worker-3] ERROR de.fraunhofer.aisec.cpg.graph.TypeManager - Unknown language (frontend: SolidityLanguageFrontend)
11:57:53.235 [ForkJoinPool.commonPool-worker-3] ERROR de.fraunhofer.aisec.cpg.graph.TypeManager - Unknown language (frontend: SolidityLanguageFrontend)
11:57:53.235 [ForkJoinPool.commonPool-worker-3] ERROR de.fraunhofer.aisec.cpg.graph.TypeManager - Unknown language (frontend: SolidityLanguageFrontend)
11:57:53.235 [ForkJoinPool.commonPool-worker-3] ERROR de.fraunhofer.aisec.cpg.graph.TypeManager - Unknown language (frontend: SolidityLanguageFrontend)
11:57:53.236 [ForkJoinPool.commonPool-worker-3] ERROR de.fraunhofer.aisec.cpg.graph.TypeManager - Unknown language (frontend: SolidityLanguageFrontend)
11:57:53.237 [ForkJoinPool.commonPool-worker-3] ERROR de.fraunhofer.aisec.cpg.graph.TypeManager - Unknown language (frontend: SolidityLanguageFrontend)
11:57:53.237 [ForkJoinPool.commonPool-worker-3] ERROR de.fraunhofer.aisec.cpg.graph.TypeManager - Unknown language (frontend: SolidityLanguageFrontend)
11:57:53.237 [ForkJoinPool.commonPool-worker-3] ERROR de.fraunhofer.aisec.cpg.graph.TypeManager - Unknown language (frontend: SolidityLanguageFrontend)
11:57:53.237 [ForkJoinPool.commonPool-worker-3] ERROR de.fraunhofer.aisec.cpg.graph.TypeManager - Unknown language (frontend: SolidityLanguageFrontend)
11:57:53.238 [ForkJoinPool.commonPool-worker-3] ERROR de.fraunhofer.aisec.cpg.graph.TypeManager - Unknown language (frontend: SolidityLanguageFrontend)
11:57:53.243 [ForkJoinPool.commonPool-worker-3] ERROR de.fraunhofer.aisec.cpg.graph.TypeManager - Unknown language (frontend: SolidityLanguageFrontend)
11:57:53.243 [ForkJoinPool.commonPool-worker-3] ERROR de.fraunhofer.aisec.cpg.graph.TypeManager - Unknown language (frontend: SolidityLanguageFrontend)
11:57:53.243 [ForkJoinPool.commonPool-worker-3] ERROR de.fraunhofer.aisec.cpg.graph.TypeManager - Unknown language (frontend: SolidityLanguageFrontend)
11:57:53.244 [ForkJoinPool.commonPool-worker-3] ERROR de.fraunhofer.aisec.cpg.graph.TypeManager - Unknown language (frontend: SolidityLanguageFrontend)
11:57:53.244 [ForkJoinPool.commonPool-worker-3] ERROR de.fraunhofer.aisec.cpg.graph.TypeManager - Unknown language (frontend: SolidityLanguageFrontend)
11:57:53.244 [ForkJoinPool.commonPool-worker-3] ERROR de.fraunhofer.aisec.cpg.graph.TypeManager - Unknown language (frontend: SolidityLanguageFrontend)
11:57:53.244 [ForkJoinPool.commonPool-worker-3] ERROR de.fraunhofer.aisec.cpg.graph.TypeManager - Unknown language (frontend: SolidityLanguageFrontend)
11:57:53.244 [ForkJoinPool.commonPool-worker-3] ERROR de.fraunhofer.aisec.cpg.graph.TypeManager - Unknown language (frontend: SolidityLanguageFrontend)
11:57:53.245 [ForkJoinPool.commonPool-worker-3] ERROR de.fraunhofer.aisec.cpg.graph.TypeManager - Unknown language (frontend: SolidityLanguageFrontend)
11:57:53.245 [ForkJoinPool.commonPool-worker-3] ERROR de.fraunhofer.aisec.cpg.graph.TypeManager - Unknown language (frontend: SolidityLanguageFrontend)
11:57:53.245 [ForkJoinPool.commonPool-worker-3] ERROR de.fraunhofer.aisec.cpg.graph.TypeManager - Unknown language (frontend: SolidityLanguageFrontend)
11:57:53.245 [ForkJoinPool.commonPool-worker-3] ERROR de.fraunhofer.aisec.cpg.graph.TypeManager - Unknown language (frontend: SolidityLanguageFrontend)
11:57:53.246 [ForkJoinPool.commonPool-worker-3] ERROR de.fraunhofer.aisec.cpg.graph.TypeManager - Unknown language (frontend: SolidityLanguageFrontend)
11:57:53.246 [ForkJoinPool.commonPool-worker-3] ERROR de.fraunhofer.aisec.cpg.graph.TypeManager - Unknown language (frontend: SolidityLanguageFrontend)
11:57:53.246 [ForkJoinPool.commonPool-worker-3] ERROR de.fraunhofer.aisec.cpg.graph.TypeManager - Unknown language (frontend: SolidityLanguageFrontend)
11:57:53.248 [ForkJoinPool.commonPool-worker-3] ERROR de.fraunhofer.aisec.cpg.graph.TypeManager - Unknown language (frontend: SolidityLanguageFrontend)
11:57:53.248 [ForkJoinPool.commonPool-worker-3] ERROR de.fraunhofer.aisec.cpg.graph.TypeManager - Unknown language (frontend: SolidityLanguageFrontend)
11:57:53.248 [ForkJoinPool.commonPool-worker-3] ERROR de.fraunhofer.aisec.cpg.graph.TypeManager - Unknown language (frontend: SolidityLanguageFrontend)
11:57:53.248 [ForkJoinPool.commonPool-worker-3] ERROR de.fraunhofer.aisec.cpg.graph.TypeManager - Unknown language (frontend: SolidityLanguageFrontend)
11:57:53.248 [ForkJoinPool.commonPool-worker-3] ERROR de.fraunhofer.aisec.cpg.graph.TypeManager - Unknown language (frontend: SolidityLanguageFrontend)
11:57:53.249 [ForkJoinPool.commonPool-worker-3] ERROR de.fraunhofer.aisec.cpg.graph.TypeManager - Unknown language (frontend: SolidityLanguageFrontend)
11:57:53.249 [ForkJoinPool.commonPool-worker-3] ERROR de.fraunhofer.aisec.cpg.graph.TypeManager - Unknown language (frontend: SolidityLanguageFrontend)
11:57:53.250 [ForkJoinPool.commonPool-worker-3] ERROR de.fraunhofer.aisec.cpg.graph.TypeManager - Unknown language (frontend: SolidityLanguageFrontend)
11:57:53.250 [ForkJoinPool.commonPool-worker-3] ERROR de.fraunhofer.aisec.cpg.graph.TypeManager - Unknown language (frontend: SolidityLanguageFrontend)
11:57:53.250 [ForkJoinPool.commonPool-worker-3] ERROR de.fraunhofer.aisec.cpg.graph.TypeManager - Unknown language (frontend: SolidityLanguageFrontend)
11:57:53.254 [ForkJoinPool.commonPool-worker-3] ERROR de.fraunhofer.aisec.cpg.graph.TypeManager - Unknown language (frontend: SolidityLanguageFrontend)
11:57:53.254 [ForkJoinPool.commonPool-worker-3] ERROR de.fraunhofer.aisec.cpg.graph.TypeManager - Unknown language (frontend: SolidityLanguageFrontend)
11:57:53.255 [ForkJoinPool.commonPool-worker-3] ERROR de.fraunhofer.aisec.cpg.graph.TypeManager - Unknown language (frontend: SolidityLanguageFrontend)
11:57:53.255 [ForkJoinPool.commonPool-worker-3] ERROR de.fraunhofer.aisec.cpg.graph.TypeManager - Unknown language (frontend: SolidityLanguageFrontend)
11:57:53.255 [ForkJoinPool.commonPool-worker-3] ERROR de.fraunhofer.aisec.cpg.graph.TypeManager - Unknown language (frontend: SolidityLanguageFrontend)
11:57:53.261 [ForkJoinPool.commonPool-worker-3] ERROR de.fraunhofer.aisec.cpg.graph.TypeManager - Unknown language (frontend: SolidityLanguageFrontend)
11:57:53.261 [ForkJoinPool.commonPool-worker-3] ERROR de.fraunhofer.aisec.cpg.graph.TypeManager - Unknown language (frontend: SolidityLanguageFrontend)
11:57:53.261 [ForkJoinPool.commonPool-worker-3] ERROR de.fraunhofer.aisec.cpg.graph.TypeManager - Unknown language (frontend: SolidityLanguageFrontend)
11:57:53.262 [ForkJoinPool.commonPool-worker-3] ERROR de.fraunhofer.aisec.cpg.graph.TypeManager - Unknown language (frontend: SolidityLanguageFrontend)
11:57:53.262 [ForkJoinPool.commonPool-worker-3] ERROR de.fraunhofer.aisec.cpg.graph.TypeManager - Unknown language (frontend: SolidityLanguageFrontend)
11:57:53.262 [ForkJoinPool.commonPool-worker-3] ERROR de.fraunhofer.aisec.cpg.graph.TypeManager - Unknown language (frontend: SolidityLanguageFrontend)
11:57:53.262 [ForkJoinPool.commonPool-worker-3] ERROR de.fraunhofer.aisec.cpg.graph.TypeManager - Unknown language (frontend: SolidityLanguageFrontend)
11:57:53.263 [ForkJoinPool.commonPool-worker-3] ERROR de.fraunhofer.aisec.cpg.graph.TypeManager - Unknown language (frontend: SolidityLanguageFrontend)
11:57:53.263 [ForkJoinPool.commonPool-worker-3] ERROR de.fraunhofer.aisec.cpg.graph.TypeManager - Unknown language (frontend: SolidityLanguageFrontend)
11:57:53.263 [ForkJoinPool.commonPool-worker-3] ERROR de.fraunhofer.aisec.cpg.graph.TypeManager - Unknown language (frontend: SolidityLanguageFrontend)
11:57:53.264 [ForkJoinPool.commonPool-worker-3] ERROR de.fraunhofer.aisec.cpg.graph.TypeManager - Unknown language (frontend: SolidityLanguageFrontend)
11:57:53.264 [ForkJoinPool.commonPool-worker-3] ERROR de.fraunhofer.aisec.cpg.graph.TypeManager - Unknown language (frontend: SolidityLanguageFrontend)
11:57:53.264 [ForkJoinPool.commonPool-worker-3] ERROR de.fraunhofer.aisec.cpg.graph.TypeManager - Unknown language (frontend: SolidityLanguageFrontend)
11:57:53.264 [ForkJoinPool.commonPool-worker-3] ERROR de.fraunhofer.aisec.cpg.graph.TypeManager - Unknown language (frontend: SolidityLanguageFrontend)
11:57:53.264 [ForkJoinPool.commonPool-worker-3] ERROR de.fraunhofer.aisec.cpg.graph.TypeManager - Unknown language (frontend: SolidityLanguageFrontend)
11:57:53.264 [ForkJoinPool.commonPool-worker-3] ERROR de.fraunhofer.aisec.cpg.graph.TypeManager - Unknown language (frontend: SolidityLanguageFrontend)
11:57:53.265 [ForkJoinPool.commonPool-worker-3] ERROR de.fraunhofer.aisec.cpg.graph.TypeManager - Unknown language (frontend: SolidityLanguageFrontend)
11:57:53.265 [ForkJoinPool.commonPool-worker-3] ERROR de.fraunhofer.aisec.cpg.graph.TypeManager - Unknown language (frontend: SolidityLanguageFrontend)
11:57:53.265 [ForkJoinPool.commonPool-worker-3] ERROR de.fraunhofer.aisec.cpg.graph.TypeManager - Unknown language (frontend: SolidityLanguageFrontend)
11:57:53.265 [ForkJoinPool.commonPool-worker-3] ERROR de.fraunhofer.aisec.cpg.graph.TypeManager - Unknown language (frontend: SolidityLanguageFrontend)
11:57:53.266 [ForkJoinPool.commonPool-worker-3] ERROR de.fraunhofer.aisec.cpg.graph.TypeManager - Unknown language (frontend: SolidityLanguageFrontend)
11:57:53.266 [ForkJoinPool.commonPool-worker-3] ERROR de.fraunhofer.aisec.cpg.graph.TypeManager - Unknown language (frontend: SolidityLanguageFrontend)
11:57:53.266 [ForkJoinPool.commonPool-worker-3] ERROR de.fraunhofer.aisec.cpg.graph.TypeManager - Unknown language (frontend: SolidityLanguageFrontend)
11:57:53.266 [ForkJoinPool.commonPool-worker-3] ERROR de.fraunhofer.aisec.cpg.graph.TypeManager - Unknown language (frontend: SolidityLanguageFrontend)
11:57:53.266 [ForkJoinPool.commonPool-worker-3] ERROR de.fraunhofer.aisec.cpg.graph.TypeManager - Unknown language (frontend: SolidityLanguageFrontend)
11:57:53.267 [ForkJoinPool.commonPool-worker-3] ERROR de.fraunhofer.aisec.cpg.graph.TypeManager - Unknown language (frontend: SolidityLanguageFrontend)
11:57:53.267 [ForkJoinPool.commonPool-worker-3] ERROR de.fraunhofer.aisec.cpg.graph.TypeManager - Unknown language (frontend: SolidityLanguageFrontend)
11:57:53.267 [ForkJoinPool.commonPool-worker-3] ERROR de.fraunhofer.aisec.cpg.graph.TypeManager - Unknown language (frontend: SolidityLanguageFrontend)
11:57:53.267 [ForkJoinPool.commonPool-worker-3] ERROR de.fraunhofer.aisec.cpg.graph.TypeManager - Unknown language (frontend: SolidityLanguageFrontend)
11:57:53.267 [ForkJoinPool.commonPool-worker-3] ERROR de.fraunhofer.aisec.cpg.graph.TypeManager - Unknown language (frontend: SolidityLanguageFrontend)
11:57:53.268 [ForkJoinPool.commonPool-worker-3] ERROR de.fraunhofer.aisec.cpg.graph.TypeManager - Unknown language (frontend: SolidityLanguageFrontend)
11:57:53.268 [ForkJoinPool.commonPool-worker-3] ERROR de.fraunhofer.aisec.cpg.graph.TypeManager - Unknown language (frontend: SolidityLanguageFrontend)
11:57:53.269 [ForkJoinPool.commonPool-worker-3] ERROR de.fraunhofer.aisec.cpg.graph.TypeManager - Unknown language (frontend: SolidityLanguageFrontend)
11:57:53.269 [ForkJoinPool.commonPool-worker-3] ERROR de.fraunhofer.aisec.cpg.graph.TypeManager - Unknown language (frontend: SolidityLanguageFrontend)
11:57:53.269 [ForkJoinPool.commonPool-worker-3] ERROR de.fraunhofer.aisec.cpg.graph.TypeManager - Unknown language (frontend: SolidityLanguageFrontend)
11:57:53.269 [ForkJoinPool.commonPool-worker-3] ERROR de.fraunhofer.aisec.cpg.graph.TypeManager - Unknown language (frontend: SolidityLanguageFrontend)
11:57:53.269 [ForkJoinPool.commonPool-worker-3] ERROR de.fraunhofer.aisec.cpg.graph.TypeManager - Unknown language (frontend: SolidityLanguageFrontend)
11:57:53.269 [ForkJoinPool.commonPool-worker-3] ERROR de.fraunhofer.aisec.cpg.graph.TypeManager - Unknown language (frontend: SolidityLanguageFrontend)
11:57:53.270 [ForkJoinPool.commonPool-worker-3] ERROR de.fraunhofer.aisec.cpg.graph.TypeManager - Unknown language (frontend: SolidityLanguageFrontend)
11:57:53.270 [ForkJoinPool.commonPool-worker-3] ERROR de.fraunhofer.aisec.cpg.graph.TypeManager - Unknown language (frontend: SolidityLanguageFrontend)
11:57:53.270 [ForkJoinPool.commonPool-worker-3] ERROR de.fraunhofer.aisec.cpg.graph.TypeManager - Unknown language (frontend: SolidityLanguageFrontend)
11:57:53.270 [ForkJoinPool.commonPool-worker-3] ERROR de.fraunhofer.aisec.cpg.graph.TypeManager - Unknown language (frontend: SolidityLanguageFrontend)
11:57:53.270 [ForkJoinPool.commonPool-worker-3] ERROR de.fraunhofer.aisec.cpg.graph.TypeManager - Unknown language (frontend: SolidityLanguageFrontend)
11:57:53.270 [ForkJoinPool.commonPool-worker-3] ERROR de.fraunhofer.aisec.cpg.graph.TypeManager - Unknown language (frontend: SolidityLanguageFrontend)
11:57:53.271 [ForkJoinPool.commonPool-worker-3] ERROR de.fraunhofer.aisec.cpg.graph.TypeManager - Unknown language (frontend: SolidityLanguageFrontend)
11:57:53.271 [ForkJoinPool.commonPool-worker-3] ERROR de.fraunhofer.aisec.cpg.graph.TypeManager - Unknown language (frontend: SolidityLanguageFrontend)
11:57:53.271 [ForkJoinPool.commonPool-worker-3] ERROR de.fraunhofer.aisec.cpg.graph.TypeManager - Unknown language (frontend: SolidityLanguageFrontend)
11:57:53.271 [ForkJoinPool.commonPool-worker-3] ERROR de.fraunhofer.aisec.cpg.graph.TypeManager - Unknown language (frontend: SolidityLanguageFrontend)
11:57:53.271 [ForkJoinPool.commonPool-worker-3] ERROR de.fraunhofer.aisec.cpg.graph.TypeManager - Unknown language (frontend: SolidityLanguageFrontend)
11:57:53.271 [ForkJoinPool.commonPool-worker-3] ERROR de.fraunhofer.aisec.cpg.graph.TypeManager - Unknown language (frontend: SolidityLanguageFrontend)
11:57:53.272 [ForkJoinPool.commonPool-worker-3] ERROR de.fraunhofer.aisec.cpg.graph.TypeManager - Unknown language (frontend: SolidityLanguageFrontend)
11:57:53.272 [ForkJoinPool.commonPool-worker-3] ERROR de.fraunhofer.aisec.cpg.graph.TypeManager - Unknown language (frontend: SolidityLanguageFrontend)
11:57:53.272 [ForkJoinPool.commonPool-worker-3] ERROR de.fraunhofer.aisec.cpg.graph.TypeManager - Unknown language (frontend: SolidityLanguageFrontend)
11:57:53.272 [ForkJoinPool.commonPool-worker-3] ERROR de.fraunhofer.aisec.cpg.graph.TypeManager - Unknown language (frontend: SolidityLanguageFrontend)
11:57:53.273 [ForkJoinPool.commonPool-worker-3] ERROR de.fraunhofer.aisec.cpg.graph.TypeManager - Unknown language (frontend: SolidityLanguageFrontend)
11:57:53.273 [ForkJoinPool.commonPool-worker-3] ERROR de.fraunhofer.aisec.cpg.graph.TypeManager - Unknown language (frontend: SolidityLanguageFrontend)
11:57:53.273 [ForkJoinPool.commonPool-worker-3] ERROR de.fraunhofer.aisec.cpg.graph.TypeManager - Unknown language (frontend: SolidityLanguageFrontend)
11:57:53.273 [ForkJoinPool.commonPool-worker-3] ERROR de.fraunhofer.aisec.cpg.graph.TypeManager - Unknown language (frontend: SolidityLanguageFrontend)
11:57:53.273 [ForkJoinPool.commonPool-worker-3] ERROR de.fraunhofer.aisec.cpg.graph.TypeManager - Unknown language (frontend: SolidityLanguageFrontend)
11:57:53.273 [ForkJoinPool.commonPool-worker-3] ERROR de.fraunhofer.aisec.cpg.graph.TypeManager - Unknown language (frontend: SolidityLanguageFrontend)
11:57:53.274 [ForkJoinPool.commonPool-worker-3] ERROR de.fraunhofer.aisec.cpg.graph.TypeManager - Unknown language (frontend: SolidityLanguageFrontend)
11:57:53.274 [ForkJoinPool.commonPool-worker-3] ERROR de.fraunhofer.aisec.cpg.graph.TypeManager - Unknown language (frontend: SolidityLanguageFrontend)
11:57:53.274 [ForkJoinPool.commonPool-worker-3] ERROR de.fraunhofer.aisec.cpg.graph.TypeManager - Unknown language (frontend: SolidityLanguageFrontend)
11:57:53.274 [ForkJoinPool.commonPool-worker-3] ERROR de.fraunhofer.aisec.cpg.graph.TypeManager - Unknown language (frontend: SolidityLanguageFrontend)
11:57:53.274 [ForkJoinPool.commonPool-worker-3] ERROR de.fraunhofer.aisec.cpg.graph.TypeManager - Unknown language (frontend: SolidityLanguageFrontend)
11:57:53.275 [ForkJoinPool.commonPool-worker-3] ERROR de.fraunhofer.aisec.cpg.graph.TypeManager - Unknown language (frontend: SolidityLanguageFrontend)
11:57:53.275 [ForkJoinPool.commonPool-worker-3] ERROR de.fraunhofer.aisec.cpg.graph.TypeManager - Unknown language (frontend: SolidityLanguageFrontend)
11:57:53.275 [ForkJoinPool.commonPool-worker-3] ERROR de.fraunhofer.aisec.cpg.graph.TypeManager - Unknown language (frontend: SolidityLanguageFrontend)
11:57:53.275 [ForkJoinPool.commonPool-worker-3] ERROR de.fraunhofer.aisec.cpg.graph.TypeManager - Unknown language (frontend: SolidityLanguageFrontend)
11:57:53.276 [ForkJoinPool.commonPool-worker-3] ERROR de.fraunhofer.aisec.cpg.graph.TypeManager - Unknown language (frontend: SolidityLanguageFrontend)
11:57:53.279 [ForkJoinPool.commonPool-worker-3] ERROR de.fraunhofer.aisec.cpg.graph.TypeManager - Unknown language (frontend: SolidityLanguageFrontend)
11:57:53.279 [ForkJoinPool.commonPool-worker-3] ERROR de.fraunhofer.aisec.cpg.graph.TypeManager - Unknown language (frontend: SolidityLanguageFrontend)
11:57:53.279 [ForkJoinPool.commonPool-worker-3] ERROR de.fraunhofer.aisec.cpg.graph.TypeManager - Unknown language (frontend: SolidityLanguageFrontend)
11:57:53.279 [ForkJoinPool.commonPool-worker-3] ERROR de.fraunhofer.aisec.cpg.graph.TypeManager - Unknown language (frontend: SolidityLanguageFrontend)
11:57:53.280 [ForkJoinPool.commonPool-worker-3] ERROR de.fraunhofer.aisec.cpg.graph.TypeManager - Unknown language (frontend: SolidityLanguageFrontend)
11:57:53.314 [ForkJoinPool.commonPool-worker-3] ERROR de.fraunhofer.aisec.cpg.graph.TypeManager - Unknown language (frontend: SolidityLanguageFrontend)
11:57:53.314 [ForkJoinPool.commonPool-worker-3] ERROR de.fraunhofer.aisec.cpg.graph.TypeManager - Unknown language (frontend: SolidityLanguageFrontend)
11:57:53.315 [ForkJoinPool.commonPool-worker-3] ERROR de.fraunhofer.aisec.cpg.graph.TypeManager - Unknown language (frontend: SolidityLanguageFrontend)
11:57:53.315 [ForkJoinPool.commonPool-worker-3] ERROR de.fraunhofer.aisec.cpg.graph.TypeManager - Unknown language (frontend: SolidityLanguageFrontend)
11:57:53.315 [ForkJoinPool.commonPool-worker-3] ERROR de.fraunhofer.aisec.cpg.graph.TypeManager - Unknown language (frontend: SolidityLanguageFrontend)
11:57:53.316 [ForkJoinPool.commonPool-worker-3] ERROR de.fraunhofer.aisec.cpg.graph.TypeManager - Unknown language (frontend: SolidityLanguageFrontend)
11:57:53.316 [ForkJoinPool.commonPool-worker-3] ERROR de.fraunhofer.aisec.cpg.graph.TypeManager - Unknown language (frontend: SolidityLanguageFrontend)
11:57:53.316 [ForkJoinPool.commonPool-worker-3] ERROR de.fraunhofer.aisec.cpg.graph.TypeManager - Unknown language (frontend: SolidityLanguageFrontend)
11:57:53.316 [ForkJoinPool.commonPool-worker-3] ERROR de.fraunhofer.aisec.cpg.graph.TypeManager - Unknown language (frontend: SolidityLanguageFrontend)
11:57:53.316 [ForkJoinPool.commonPool-worker-3] ERROR de.fraunhofer.aisec.cpg.graph.TypeManager - Unknown language (frontend: SolidityLanguageFrontend)
11:57:53.318 [ForkJoinPool.commonPool-worker-3] ERROR de.fraunhofer.aisec.cpg.graph.TypeManager - Unknown language (frontend: SolidityLanguageFrontend)
11:57:53.318 [ForkJoinPool.commonPool-worker-3] ERROR de.fraunhofer.aisec.cpg.graph.TypeManager - Unknown language (frontend: SolidityLanguageFrontend)
11:57:53.318 [ForkJoinPool.commonPool-worker-3] ERROR de.fraunhofer.aisec.cpg.graph.TypeManager - Unknown language (frontend: SolidityLanguageFrontend)
11:57:53.319 [ForkJoinPool.commonPool-worker-3] ERROR de.fraunhofer.aisec.cpg.graph.TypeManager - Unknown language (frontend: SolidityLanguageFrontend)
11:57:53.319 [ForkJoinPool.commonPool-worker-3] ERROR de.fraunhofer.aisec.cpg.graph.TypeManager - Unknown language (frontend: SolidityLanguageFrontend)
11:57:53.319 [ForkJoinPool.commonPool-worker-3] ERROR de.fraunhofer.aisec.cpg.graph.TypeManager - Unknown language (frontend: SolidityLanguageFrontend)
11:57:53.319 [ForkJoinPool.commonPool-worker-3] ERROR de.fraunhofer.aisec.cpg.graph.TypeManager - Unknown language (frontend: SolidityLanguageFrontend)
11:57:53.319 [ForkJoinPool.commonPool-worker-3] ERROR de.fraunhofer.aisec.cpg.graph.TypeManager - Unknown language (frontend: SolidityLanguageFrontend)
11:57:53.320 [ForkJoinPool.commonPool-worker-3] ERROR de.fraunhofer.aisec.cpg.graph.TypeManager - Unknown language (frontend: SolidityLanguageFrontend)
11:57:53.320 [ForkJoinPool.commonPool-worker-3] ERROR de.fraunhofer.aisec.cpg.graph.TypeManager - Unknown language (frontend: SolidityLanguageFrontend)
11:57:53.320 [ForkJoinPool.commonPool-worker-3] ERROR de.fraunhofer.aisec.cpg.graph.TypeManager - Unknown language (frontend: SolidityLanguageFrontend)
11:57:53.320 [ForkJoinPool.commonPool-worker-3] ERROR de.fraunhofer.aisec.cpg.graph.TypeManager - Unknown language (frontend: SolidityLanguageFrontend)
11:57:53.320 [ForkJoinPool.commonPool-worker-3] ERROR de.fraunhofer.aisec.cpg.graph.TypeManager - Unknown language (frontend: SolidityLanguageFrontend)
11:57:53.321 [ForkJoinPool.commonPool-worker-3] ERROR de.fraunhofer.aisec.cpg.graph.TypeManager - Unknown language (frontend: SolidityLanguageFrontend)
11:57:53.321 [ForkJoinPool.commonPool-worker-3] ERROR de.fraunhofer.aisec.cpg.graph.TypeManager - Unknown language (frontend: SolidityLanguageFrontend)
11:57:53.325 [ForkJoinPool.commonPool-worker-3] ERROR de.fraunhofer.aisec.cpg.graph.TypeManager - Unknown language (frontend: SolidityLanguageFrontend)
11:57:53.325 [ForkJoinPool.commonPool-worker-3] ERROR de.fraunhofer.aisec.cpg.graph.TypeManager - Unknown language (frontend: SolidityLanguageFrontend)
11:57:53.325 [ForkJoinPool.commonPool-worker-3] ERROR de.fraunhofer.aisec.cpg.graph.TypeManager - Unknown language (frontend: SolidityLanguageFrontend)
11:57:53.326 [ForkJoinPool.commonPool-worker-3] ERROR de.fraunhofer.aisec.cpg.graph.TypeManager - Unknown language (frontend: SolidityLanguageFrontend)
11:57:53.326 [ForkJoinPool.commonPool-worker-3] ERROR de.fraunhofer.aisec.cpg.graph.TypeManager - Unknown language (frontend: SolidityLanguageFrontend)
11:57:53.326 [ForkJoinPool.commonPool-worker-3] ERROR de.fraunhofer.aisec.cpg.graph.TypeManager - Unknown language (frontend: SolidityLanguageFrontend)
11:57:53.326 [ForkJoinPool.commonPool-worker-3] ERROR de.fraunhofer.aisec.cpg.graph.TypeManager - Unknown language (frontend: SolidityLanguageFrontend)
11:57:53.326 [ForkJoinPool.commonPool-worker-3] ERROR de.fraunhofer.aisec.cpg.graph.TypeManager - Unknown language (frontend: SolidityLanguageFrontend)
11:57:53.326 [ForkJoinPool.commonPool-worker-3] ERROR de.fraunhofer.aisec.cpg.graph.TypeManager - Unknown language (frontend: SolidityLanguageFrontend)
11:57:53.327 [ForkJoinPool.commonPool-worker-3] ERROR de.fraunhofer.aisec.cpg.graph.TypeManager - Unknown language (frontend: SolidityLanguageFrontend)
11:57:53.327 [ForkJoinPool.commonPool-worker-3] ERROR de.fraunhofer.aisec.cpg.graph.TypeManager - Unknown language (frontend: SolidityLanguageFrontend)
11:57:53.327 [ForkJoinPool.commonPool-worker-3] ERROR de.fraunhofer.aisec.cpg.graph.TypeManager - Unknown language (frontend: SolidityLanguageFrontend)
11:57:53.327 [ForkJoinPool.commonPool-worker-3] ERROR de.fraunhofer.aisec.cpg.graph.TypeManager - Unknown language (frontend: SolidityLanguageFrontend)
11:57:53.327 [ForkJoinPool.commonPool-worker-3] ERROR de.fraunhofer.aisec.cpg.graph.TypeManager - Unknown language (frontend: SolidityLanguageFrontend)
11:57:53.327 [ForkJoinPool.commonPool-worker-3] ERROR de.fraunhofer.aisec.cpg.graph.TypeManager - Unknown language (frontend: SolidityLanguageFrontend)
11:57:53.327 [ForkJoinPool.commonPool-worker-3] ERROR de.fraunhofer.aisec.cpg.graph.TypeManager - Unknown language (frontend: SolidityLanguageFrontend)
11:57:53.328 [ForkJoinPool.commonPool-worker-3] ERROR de.fraunhofer.aisec.cpg.graph.TypeManager - Unknown language (frontend: SolidityLanguageFrontend)
11:57:53.328 [ForkJoinPool.commonPool-worker-3] ERROR de.fraunhofer.aisec.cpg.graph.TypeManager - Unknown language (frontend: SolidityLanguageFrontend)
11:57:53.328 [ForkJoinPool.commonPool-worker-3] ERROR de.fraunhofer.aisec.cpg.graph.TypeManager - Unknown language (frontend: SolidityLanguageFrontend)
11:57:53.328 [ForkJoinPool.commonPool-worker-3] ERROR de.fraunhofer.aisec.cpg.graph.TypeManager - Unknown language (frontend: SolidityLanguageFrontend)
11:57:53.329 [ForkJoinPool.commonPool-worker-3] ERROR de.fraunhofer.aisec.cpg.graph.TypeManager - Unknown language (frontend: SolidityLanguageFrontend)
11:57:53.329 [ForkJoinPool.commonPool-worker-3] ERROR de.fraunhofer.aisec.cpg.graph.TypeManager - Unknown language (frontend: SolidityLanguageFrontend)
11:57:53.329 [ForkJoinPool.commonPool-worker-3] ERROR de.fraunhofer.aisec.cpg.graph.TypeManager - Unknown language (frontend: SolidityLanguageFrontend)
11:57:53.329 [ForkJoinPool.commonPool-worker-3] ERROR de.fraunhofer.aisec.cpg.graph.TypeManager - Unknown language (frontend: SolidityLanguageFrontend)
11:57:53.329 [ForkJoinPool.commonPool-worker-3] ERROR de.fraunhofer.aisec.cpg.graph.TypeManager - Unknown language (frontend: SolidityLanguageFrontend)
11:57:53.338 [ForkJoinPool.commonPool-worker-3] ERROR de.fraunhofer.aisec.cpg.graph.TypeManager - Unknown language (frontend: SolidityLanguageFrontend)
11:57:53.338 [ForkJoinPool.commonPool-worker-3] ERROR de.fraunhofer.aisec.cpg.graph.TypeManager - Unknown language (frontend: SolidityLanguageFrontend)
11:57:53.338 [ForkJoinPool.commonPool-worker-3] ERROR de.fraunhofer.aisec.cpg.graph.TypeManager - Unknown language (frontend: SolidityLanguageFrontend)
11:57:53.338 [ForkJoinPool.commonPool-worker-3] ERROR de.fraunhofer.aisec.cpg.graph.TypeManager - Unknown language (frontend: SolidityLanguageFrontend)
11:57:53.339 [ForkJoinPool.commonPool-worker-3] ERROR de.fraunhofer.aisec.cpg.graph.TypeManager - Unknown language (frontend: SolidityLanguageFrontend)
11:57:53.339 [ForkJoinPool.commonPool-worker-3] ERROR de.fraunhofer.aisec.cpg.graph.TypeManager - Unknown language (frontend: SolidityLanguageFrontend)
11:57:53.339 [ForkJoinPool.commonPool-worker-3] ERROR de.fraunhofer.aisec.cpg.graph.TypeManager - Unknown language (frontend: SolidityLanguageFrontend)
11:57:53.339 [ForkJoinPool.commonPool-worker-3] ERROR de.fraunhofer.aisec.cpg.graph.TypeManager - Unknown language (frontend: SolidityLanguageFrontend)
11:57:53.339 [ForkJoinPool.commonPool-worker-3] ERROR de.fraunhofer.aisec.cpg.graph.TypeManager - Unknown language (frontend: SolidityLanguageFrontend)
11:57:53.340 [ForkJoinPool.commonPool-worker-3] ERROR de.fraunhofer.aisec.cpg.graph.TypeManager - Unknown language (frontend: SolidityLanguageFrontend)
11:57:53.340 [ForkJoinPool.commonPool-worker-3] ERROR de.fraunhofer.aisec.cpg.graph.TypeManager - Unknown language (frontend: SolidityLanguageFrontend)
11:57:53.340 [ForkJoinPool.commonPool-worker-3] ERROR de.fraunhofer.aisec.cpg.graph.TypeManager - Unknown language (frontend: SolidityLanguageFrontend)
11:57:53.341 [ForkJoinPool.commonPool-worker-3] ERROR de.fraunhofer.aisec.cpg.graph.TypeManager - Unknown language (frontend: SolidityLanguageFrontend)
11:57:53.341 [ForkJoinPool.commonPool-worker-3] ERROR de.fraunhofer.aisec.cpg.graph.TypeManager - Unknown language (frontend: SolidityLanguageFrontend)
11:57:53.341 [ForkJoinPool.commonPool-worker-3] ERROR de.fraunhofer.aisec.cpg.graph.TypeManager - Unknown language (frontend: SolidityLanguageFrontend)
11:57:53.342 [ForkJoinPool.commonPool-worker-3] ERROR de.fraunhofer.aisec.cpg.graph.TypeManager - Unknown language (frontend: SolidityLanguageFrontend)
11:57:53.342 [ForkJoinPool.commonPool-worker-3] ERROR de.fraunhofer.aisec.cpg.graph.TypeManager - Unknown language (frontend: SolidityLanguageFrontend)
11:57:53.342 [ForkJoinPool.commonPool-worker-3] ERROR de.fraunhofer.aisec.cpg.graph.TypeManager - Unknown language (frontend: SolidityLanguageFrontend)
11:57:53.342 [ForkJoinPool.commonPool-worker-3] ERROR de.fraunhofer.aisec.cpg.graph.TypeManager - Unknown language (frontend: SolidityLanguageFrontend)
11:57:53.342 [ForkJoinPool.commonPool-worker-3] ERROR de.fraunhofer.aisec.cpg.graph.TypeManager - Unknown language (frontend: SolidityLanguageFrontend)
11:57:53.343 [ForkJoinPool.commonPool-worker-3] ERROR de.fraunhofer.aisec.cpg.graph.TypeManager - Unknown language (frontend: SolidityLanguageFrontend)
11:57:53.343 [ForkJoinPool.commonPool-worker-3] ERROR de.fraunhofer.aisec.cpg.graph.TypeManager - Unknown language (frontend: SolidityLanguageFrontend)
11:57:53.343 [ForkJoinPool.commonPool-worker-3] ERROR de.fraunhofer.aisec.cpg.graph.TypeManager - Unknown language (frontend: SolidityLanguageFrontend)
11:57:53.343 [ForkJoinPool.commonPool-worker-3] ERROR de.fraunhofer.aisec.cpg.graph.TypeManager - Unknown language (frontend: SolidityLanguageFrontend)
11:57:53.343 [ForkJoinPool.commonPool-worker-3] ERROR de.fraunhofer.aisec.cpg.graph.TypeManager - Unknown language (frontend: SolidityLanguageFrontend)
11:57:53.344 [ForkJoinPool.commonPool-worker-3] ERROR de.fraunhofer.aisec.cpg.graph.TypeManager - Unknown language (frontend: SolidityLanguageFrontend)
11:57:53.344 [ForkJoinPool.commonPool-worker-3] ERROR de.fraunhofer.aisec.cpg.graph.TypeManager - Unknown language (frontend: SolidityLanguageFrontend)
11:57:53.344 [ForkJoinPool.commonPool-worker-3] ERROR de.fraunhofer.aisec.cpg.graph.TypeManager - Unknown language (frontend: SolidityLanguageFrontend)
11:57:53.345 [ForkJoinPool.commonPool-worker-3] ERROR de.fraunhofer.aisec.cpg.graph.TypeManager - Unknown language (frontend: SolidityLanguageFrontend)
11:57:53.345 [ForkJoinPool.commonPool-worker-3] ERROR de.fraunhofer.aisec.cpg.graph.TypeManager - Unknown language (frontend: SolidityLanguageFrontend)
11:57:53.345 [ForkJoinPool.commonPool-worker-3] ERROR de.fraunhofer.aisec.cpg.graph.TypeManager - Unknown language (frontend: SolidityLanguageFrontend)
11:57:53.346 [ForkJoinPool.commonPool-worker-3] ERROR de.fraunhofer.aisec.cpg.graph.TypeManager - Unknown language (frontend: SolidityLanguageFrontend)
11:57:53.346 [ForkJoinPool.commonPool-worker-3] ERROR de.fraunhofer.aisec.cpg.graph.TypeManager - Unknown language (frontend: SolidityLanguageFrontend)
11:57:53.346 [ForkJoinPool.commonPool-worker-3] ERROR de.fraunhofer.aisec.cpg.graph.TypeManager - Unknown language (frontend: SolidityLanguageFrontend)
11:57:53.346 [ForkJoinPool.commonPool-worker-3] ERROR de.fraunhofer.aisec.cpg.graph.TypeManager - Unknown language (frontend: SolidityLanguageFrontend)
11:57:53.347 [ForkJoinPool.commonPool-worker-3] ERROR de.fraunhofer.aisec.cpg.graph.TypeManager - Unknown language (frontend: SolidityLanguageFrontend)
11:57:53.347 [ForkJoinPool.commonPool-worker-3] ERROR de.fraunhofer.aisec.cpg.graph.TypeManager - Unknown language (frontend: SolidityLanguageFrontend)
11:57:53.347 [ForkJoinPool.commonPool-worker-3] ERROR de.fraunhofer.aisec.cpg.graph.TypeManager - Unknown language (frontend: SolidityLanguageFrontend)
11:57:53.347 [ForkJoinPool.commonPool-worker-3] ERROR de.fraunhofer.aisec.cpg.graph.TypeManager - Unknown language (frontend: SolidityLanguageFrontend)
11:57:53.347 [ForkJoinPool.commonPool-worker-3] ERROR de.fraunhofer.aisec.cpg.graph.TypeManager - Unknown language (frontend: SolidityLanguageFrontend)
11:57:53.348 [ForkJoinPool.commonPool-worker-3] ERROR de.fraunhofer.aisec.cpg.graph.TypeManager - Unknown language (frontend: SolidityLanguageFrontend)
11:57:53.348 [ForkJoinPool.commonPool-worker-3] ERROR de.fraunhofer.aisec.cpg.graph.TypeManager - Unknown language (frontend: SolidityLanguageFrontend)
11:57:53.348 [ForkJoinPool.commonPool-worker-3] ERROR de.fraunhofer.aisec.cpg.graph.TypeManager - Unknown language (frontend: SolidityLanguageFrontend)
11:57:53.348 [ForkJoinPool.commonPool-worker-3] ERROR de.fraunhofer.aisec.cpg.graph.TypeManager - Unknown language (frontend: SolidityLanguageFrontend)
11:57:53.348 [ForkJoinPool.commonPool-worker-3] ERROR de.fraunhofer.aisec.cpg.graph.TypeManager - Unknown language (frontend: SolidityLanguageFrontend)
11:57:53.349 [ForkJoinPool.commonPool-worker-3] ERROR de.fraunhofer.aisec.cpg.graph.TypeManager - Unknown language (frontend: SolidityLanguageFrontend)
11:57:53.349 [ForkJoinPool.commonPool-worker-3] ERROR de.fraunhofer.aisec.cpg.graph.TypeManager - Unknown language (frontend: SolidityLanguageFrontend)
11:57:53.349 [ForkJoinPool.commonPool-worker-3] ERROR de.fraunhofer.aisec.cpg.graph.TypeManager - Unknown language (frontend: SolidityLanguageFrontend)
11:57:53.349 [ForkJoinPool.commonPool-worker-3] ERROR de.fraunhofer.aisec.cpg.graph.TypeManager - Unknown language (frontend: SolidityLanguageFrontend)
11:57:53.350 [ForkJoinPool.commonPool-worker-3] ERROR de.fraunhofer.aisec.cpg.graph.TypeManager - Unknown language (frontend: SolidityLanguageFrontend)
11:57:53.350 [ForkJoinPool.commonPool-worker-3] ERROR de.fraunhofer.aisec.cpg.graph.TypeManager - Unknown language (frontend: SolidityLanguageFrontend)
11:57:53.351 [ForkJoinPool.commonPool-worker-3] ERROR de.fraunhofer.aisec.cpg.graph.TypeManager - Unknown language (frontend: SolidityLanguageFrontend)
11:57:53.351 [ForkJoinPool.commonPool-worker-3] ERROR de.fraunhofer.aisec.cpg.graph.TypeManager - Unknown language (frontend: SolidityLanguageFrontend)
11:57:53.351 [ForkJoinPool.commonPool-worker-3] ERROR de.fraunhofer.aisec.cpg.graph.TypeManager - Unknown language (frontend: SolidityLanguageFrontend)
11:57:53.351 [ForkJoinPool.commonPool-worker-3] ERROR de.fraunhofer.aisec.cpg.graph.TypeManager - Unknown language (frontend: SolidityLanguageFrontend)
11:57:53.352 [ForkJoinPool.commonPool-worker-3] ERROR de.fraunhofer.aisec.cpg.graph.TypeManager - Unknown language (frontend: SolidityLanguageFrontend)
11:57:53.352 [ForkJoinPool.commonPool-worker-3] ERROR de.fraunhofer.aisec.cpg.graph.TypeManager - Unknown language (frontend: SolidityLanguageFrontend)
11:57:53.352 [ForkJoinPool.commonPool-worker-3] ERROR de.fraunhofer.aisec.cpg.graph.TypeManager - Unknown language (frontend: SolidityLanguageFrontend)
11:57:53.352 [ForkJoinPool.commonPool-worker-3] ERROR de.fraunhofer.aisec.cpg.graph.TypeManager - Unknown language (frontend: SolidityLanguageFrontend)
11:57:53.352 [ForkJoinPool.commonPool-worker-3] ERROR de.fraunhofer.aisec.cpg.graph.TypeManager - Unknown language (frontend: SolidityLanguageFrontend)
11:57:53.353 [ForkJoinPool.commonPool-worker-3] ERROR de.fraunhofer.aisec.cpg.graph.TypeManager - Unknown language (frontend: SolidityLanguageFrontend)
11:57:53.353 [ForkJoinPool.commonPool-worker-3] ERROR de.fraunhofer.aisec.cpg.graph.TypeManager - Unknown language (frontend: SolidityLanguageFrontend)
11:57:53.353 [ForkJoinPool.commonPool-worker-3] ERROR de.fraunhofer.aisec.cpg.graph.TypeManager - Unknown language (frontend: SolidityLanguageFrontend)
11:57:53.353 [ForkJoinPool.commonPool-worker-3] ERROR de.fraunhofer.aisec.cpg.graph.TypeManager - Unknown language (frontend: SolidityLanguageFrontend)
11:57:53.353 [ForkJoinPool.commonPool-worker-3] ERROR de.fraunhofer.aisec.cpg.graph.TypeManager - Unknown language (frontend: SolidityLanguageFrontend)
11:57:53.354 [ForkJoinPool.commonPool-worker-3] ERROR de.fraunhofer.aisec.cpg.graph.TypeManager - Unknown language (frontend: SolidityLanguageFrontend)
11:57:53.354 [ForkJoinPool.commonPool-worker-3] ERROR de.fraunhofer.aisec.cpg.graph.TypeManager - Unknown language (frontend: SolidityLanguageFrontend)
11:57:53.354 [ForkJoinPool.commonPool-worker-3] ERROR de.fraunhofer.aisec.cpg.graph.TypeManager - Unknown language (frontend: SolidityLanguageFrontend)
11:57:53.354 [ForkJoinPool.commonPool-worker-3] ERROR de.fraunhofer.aisec.cpg.graph.TypeManager - Unknown language (frontend: SolidityLanguageFrontend)
11:57:53.354 [ForkJoinPool.commonPool-worker-3] ERROR de.fraunhofer.aisec.cpg.graph.TypeManager - Unknown language (frontend: SolidityLanguageFrontend)
11:57:53.359 [ForkJoinPool.commonPool-worker-3] ERROR de.fraunhofer.aisec.cpg.graph.TypeManager - Unknown language (frontend: SolidityLanguageFrontend)
11:57:53.360 [ForkJoinPool.commonPool-worker-3] ERROR de.fraunhofer.aisec.cpg.graph.TypeManager - Unknown language (frontend: SolidityLanguageFrontend)
11:57:53.360 [ForkJoinPool.commonPool-worker-3] ERROR de.fraunhofer.aisec.cpg.graph.TypeManager - Unknown language (frontend: SolidityLanguageFrontend)
11:57:53.360 [ForkJoinPool.commonPool-worker-3] ERROR de.fraunhofer.aisec.cpg.graph.TypeManager - Unknown language (frontend: SolidityLanguageFrontend)
11:57:53.360 [ForkJoinPool.commonPool-worker-3] ERROR de.fraunhofer.aisec.cpg.graph.TypeManager - Unknown language (frontend: SolidityLanguageFrontend)
11:57:53.361 [ForkJoinPool.commonPool-worker-3] ERROR de.fraunhofer.aisec.cpg.graph.TypeManager - Unknown language (frontend: SolidityLanguageFrontend)
11:57:53.361 [ForkJoinPool.commonPool-worker-3] ERROR de.fraunhofer.aisec.cpg.graph.TypeManager - Unknown language (frontend: SolidityLanguageFrontend)
11:57:53.361 [ForkJoinPool.commonPool-worker-3] ERROR de.fraunhofer.aisec.cpg.graph.TypeManager - Unknown language (frontend: SolidityLanguageFrontend)
11:57:53.361 [ForkJoinPool.commonPool-worker-3] ERROR de.fraunhofer.aisec.cpg.graph.TypeManager - Unknown language (frontend: SolidityLanguageFrontend)
11:57:53.361 [ForkJoinPool.commonPool-worker-3] ERROR de.fraunhofer.aisec.cpg.graph.TypeManager - Unknown language (frontend: SolidityLanguageFrontend)
11:57:53.362 [ForkJoinPool.commonPool-worker-3] ERROR de.fraunhofer.aisec.cpg.graph.TypeManager - Unknown language (frontend: SolidityLanguageFrontend)
11:57:53.362 [ForkJoinPool.commonPool-worker-3] ERROR de.fraunhofer.aisec.cpg.graph.TypeManager - Unknown language (frontend: SolidityLanguageFrontend)
11:57:53.362 [ForkJoinPool.commonPool-worker-3] ERROR de.fraunhofer.aisec.cpg.graph.TypeManager - Unknown language (frontend: SolidityLanguageFrontend)
11:57:53.362 [ForkJoinPool.commonPool-worker-3] ERROR de.fraunhofer.aisec.cpg.graph.TypeManager - Unknown language (frontend: SolidityLanguageFrontend)
11:57:53.362 [ForkJoinPool.commonPool-worker-3] ERROR de.fraunhofer.aisec.cpg.graph.TypeManager - Unknown language (frontend: SolidityLanguageFrontend)
11:57:53.363 [ForkJoinPool.commonPool-worker-3] ERROR de.fraunhofer.aisec.cpg.graph.TypeManager - Unknown language (frontend: SolidityLanguageFrontend)
11:57:53.363 [ForkJoinPool.commonPool-worker-3] ERROR de.fraunhofer.aisec.cpg.graph.TypeManager - Unknown language (frontend: SolidityLanguageFrontend)
11:57:53.363 [ForkJoinPool.commonPool-worker-3] ERROR de.fraunhofer.aisec.cpg.graph.TypeManager - Unknown language (frontend: SolidityLanguageFrontend)
11:57:53.363 [ForkJoinPool.commonPool-worker-3] ERROR de.fraunhofer.aisec.cpg.graph.TypeManager - Unknown language (frontend: SolidityLanguageFrontend)
11:57:53.363 [ForkJoinPool.commonPool-worker-3] ERROR de.fraunhofer.aisec.cpg.graph.TypeManager - Unknown language (frontend: SolidityLanguageFrontend)
11:57:53.364 [ForkJoinPool.commonPool-worker-3] ERROR de.fraunhofer.aisec.cpg.graph.TypeManager - Unknown language (frontend: SolidityLanguageFrontend)
11:57:53.364 [ForkJoinPool.commonPool-worker-3] ERROR de.fraunhofer.aisec.cpg.graph.TypeManager - Unknown language (frontend: SolidityLanguageFrontend)
11:57:53.364 [ForkJoinPool.commonPool-worker-3] ERROR de.fraunhofer.aisec.cpg.graph.TypeManager - Unknown language (frontend: SolidityLanguageFrontend)
11:57:53.364 [ForkJoinPool.commonPool-worker-3] ERROR de.fraunhofer.aisec.cpg.graph.TypeManager - Unknown language (frontend: SolidityLanguageFrontend)
11:57:53.364 [ForkJoinPool.commonPool-worker-3] ERROR de.fraunhofer.aisec.cpg.graph.TypeManager - Unknown language (frontend: SolidityLanguageFrontend)
11:57:53.364 [ForkJoinPool.commonPool-worker-3] ERROR de.fraunhofer.aisec.cpg.graph.TypeManager - Unknown language (frontend: SolidityLanguageFrontend)
11:57:53.365 [ForkJoinPool.commonPool-worker-3] ERROR de.fraunhofer.aisec.cpg.graph.TypeManager - Unknown language (frontend: SolidityLanguageFrontend)
11:57:53.365 [ForkJoinPool.commonPool-worker-3] ERROR de.fraunhofer.aisec.cpg.graph.TypeManager - Unknown language (frontend: SolidityLanguageFrontend)
11:57:53.365 [ForkJoinPool.commonPool-worker-3] ERROR de.fraunhofer.aisec.cpg.graph.TypeManager - Unknown language (frontend: SolidityLanguageFrontend)
11:57:53.365 [ForkJoinPool.commonPool-worker-3] ERROR de.fraunhofer.aisec.cpg.graph.TypeManager - Unknown language (frontend: SolidityLanguageFrontend)
11:57:53.365 [ForkJoinPool.commonPool-worker-3] ERROR de.fraunhofer.aisec.cpg.graph.TypeManager - Unknown language (frontend: SolidityLanguageFrontend)
11:57:53.365 [ForkJoinPool.commonPool-worker-3] ERROR de.fraunhofer.aisec.cpg.graph.TypeManager - Unknown language (frontend: SolidityLanguageFrontend)
11:57:53.365 [ForkJoinPool.commonPool-worker-3] ERROR de.fraunhofer.aisec.cpg.graph.TypeManager - Unknown language (frontend: SolidityLanguageFrontend)
11:57:53.366 [ForkJoinPool.commonPool-worker-3] ERROR de.fraunhofer.aisec.cpg.graph.TypeManager - Unknown language (frontend: SolidityLanguageFrontend)
11:57:53.366 [ForkJoinPool.commonPool-worker-3] ERROR de.fraunhofer.aisec.cpg.graph.TypeManager - Unknown language (frontend: SolidityLanguageFrontend)
11:57:53.366 [ForkJoinPool.commonPool-worker-3] ERROR de.fraunhofer.aisec.cpg.graph.TypeManager - Unknown language (frontend: SolidityLanguageFrontend)
11:57:53.366 [ForkJoinPool.commonPool-worker-3] ERROR de.fraunhofer.aisec.cpg.graph.TypeManager - Unknown language (frontend: SolidityLanguageFrontend)
11:57:53.366 [ForkJoinPool.commonPool-worker-3] ERROR de.fraunhofer.aisec.cpg.graph.TypeManager - Unknown language (frontend: SolidityLanguageFrontend)
11:57:53.366 [ForkJoinPool.commonPool-worker-3] ERROR de.fraunhofer.aisec.cpg.graph.TypeManager - Unknown language (frontend: SolidityLanguageFrontend)
11:57:53.366 [ForkJoinPool.commonPool-worker-3] ERROR de.fraunhofer.aisec.cpg.graph.TypeManager - Unknown language (frontend: SolidityLanguageFrontend)
11:57:53.367 [ForkJoinPool.commonPool-worker-3] ERROR de.fraunhofer.aisec.cpg.graph.TypeManager - Unknown language (frontend: SolidityLanguageFrontend)
11:57:53.367 [ForkJoinPool.commonPool-worker-3] ERROR de.fraunhofer.aisec.cpg.graph.TypeManager - Unknown language (frontend: SolidityLanguageFrontend)
11:57:53.367 [ForkJoinPool.commonPool-worker-3] ERROR de.fraunhofer.aisec.cpg.graph.TypeManager - Unknown language (frontend: SolidityLanguageFrontend)
11:57:53.367 [ForkJoinPool.commonPool-worker-3] ERROR de.fraunhofer.aisec.cpg.graph.TypeManager - Unknown language (frontend: SolidityLanguageFrontend)
11:57:53.367 [ForkJoinPool.commonPool-worker-3] ERROR de.fraunhofer.aisec.cpg.graph.TypeManager - Unknown language (frontend: SolidityLanguageFrontend)
11:57:53.368 [ForkJoinPool.commonPool-worker-3] ERROR de.fraunhofer.aisec.cpg.graph.TypeManager - Unknown language (frontend: SolidityLanguageFrontend)
11:57:53.368 [ForkJoinPool.commonPool-worker-3] ERROR de.fraunhofer.aisec.cpg.graph.TypeManager - Unknown language (frontend: SolidityLanguageFrontend)
11:57:53.368 [ForkJoinPool.commonPool-worker-3] ERROR de.fraunhofer.aisec.cpg.graph.TypeManager - Unknown language (frontend: SolidityLanguageFrontend)
11:57:53.368 [ForkJoinPool.commonPool-worker-3] ERROR de.fraunhofer.aisec.cpg.graph.TypeManager - Unknown language (frontend: SolidityLanguageFrontend)
11:57:53.368 [ForkJoinPool.commonPool-worker-3] ERROR de.fraunhofer.aisec.cpg.graph.TypeManager - Unknown language (frontend: SolidityLanguageFrontend)
11:57:53.368 [ForkJoinPool.commonPool-worker-3] ERROR de.fraunhofer.aisec.cpg.graph.TypeManager - Unknown language (frontend: SolidityLanguageFrontend)
11:57:53.368 [ForkJoinPool.commonPool-worker-3] ERROR de.fraunhofer.aisec.cpg.graph.TypeManager - Unknown language (frontend: SolidityLanguageFrontend)
11:57:53.368 [ForkJoinPool.commonPool-worker-3] ERROR de.fraunhofer.aisec.cpg.graph.TypeManager - Unknown language (frontend: SolidityLanguageFrontend)
11:57:53.369 [ForkJoinPool.commonPool-worker-3] ERROR de.fraunhofer.aisec.cpg.graph.TypeManager - Unknown language (frontend: SolidityLanguageFrontend)
11:57:53.369 [ForkJoinPool.commonPool-worker-3] ERROR de.fraunhofer.aisec.cpg.graph.TypeManager - Unknown language (frontend: SolidityLanguageFrontend)
11:57:53.369 [ForkJoinPool.commonPool-worker-3] ERROR de.fraunhofer.aisec.cpg.graph.TypeManager - Unknown language (frontend: SolidityLanguageFrontend)
11:57:53.370 [ForkJoinPool.commonPool-worker-3] ERROR de.fraunhofer.aisec.cpg.graph.TypeManager - Unknown language (frontend: SolidityLanguageFrontend)
11:57:53.370 [ForkJoinPool.commonPool-worker-3] ERROR de.fraunhofer.aisec.cpg.graph.TypeManager - Unknown language (frontend: SolidityLanguageFrontend)
11:57:53.370 [ForkJoinPool.commonPool-worker-3] ERROR de.fraunhofer.aisec.cpg.graph.TypeManager - Unknown language (frontend: SolidityLanguageFrontend)
11:57:53.370 [ForkJoinPool.commonPool-worker-3] ERROR de.fraunhofer.aisec.cpg.graph.TypeManager - Unknown language (frontend: SolidityLanguageFrontend)
11:57:53.371 [ForkJoinPool.commonPool-worker-3] ERROR de.fraunhofer.aisec.cpg.graph.TypeManager - Unknown language (frontend: SolidityLanguageFrontend)
11:57:53.371 [ForkJoinPool.commonPool-worker-3] ERROR de.fraunhofer.aisec.cpg.graph.TypeManager - Unknown language (frontend: SolidityLanguageFrontend)
11:57:53.371 [ForkJoinPool.commonPool-worker-3] ERROR de.fraunhofer.aisec.cpg.graph.TypeManager - Unknown language (frontend: SolidityLanguageFrontend)
11:57:53.371 [ForkJoinPool.commonPool-worker-3] ERROR de.fraunhofer.aisec.cpg.graph.TypeManager - Unknown language (frontend: SolidityLanguageFrontend)
11:57:53.371 [ForkJoinPool.commonPool-worker-3] ERROR de.fraunhofer.aisec.cpg.graph.TypeManager - Unknown language (frontend: SolidityLanguageFrontend)
11:57:53.372 [ForkJoinPool.commonPool-worker-3] ERROR de.fraunhofer.aisec.cpg.graph.TypeManager - Unknown language (frontend: SolidityLanguageFrontend)
11:57:53.372 [ForkJoinPool.commonPool-worker-3] ERROR de.fraunhofer.aisec.cpg.graph.TypeManager - Unknown language (frontend: SolidityLanguageFrontend)
11:57:53.372 [ForkJoinPool.commonPool-worker-3] ERROR de.fraunhofer.aisec.cpg.graph.TypeManager - Unknown language (frontend: SolidityLanguageFrontend)
11:57:53.372 [ForkJoinPool.commonPool-worker-3] ERROR de.fraunhofer.aisec.cpg.graph.TypeManager - Unknown language (frontend: SolidityLanguageFrontend)
11:57:53.372 [ForkJoinPool.commonPool-worker-3] ERROR de.fraunhofer.aisec.cpg.graph.TypeManager - Unknown language (frontend: SolidityLanguageFrontend)
11:57:53.372 [ForkJoinPool.commonPool-worker-3] ERROR de.fraunhofer.aisec.cpg.graph.TypeManager - Unknown language (frontend: SolidityLanguageFrontend)
11:57:53.372 [ForkJoinPool.commonPool-worker-3] ERROR de.fraunhofer.aisec.cpg.graph.TypeManager - Unknown language (frontend: SolidityLanguageFrontend)
11:57:53.373 [ForkJoinPool.commonPool-worker-3] ERROR de.fraunhofer.aisec.cpg.graph.TypeManager - Unknown language (frontend: SolidityLanguageFrontend)
11:57:53.373 [ForkJoinPool.commonPool-worker-3] ERROR de.fraunhofer.aisec.cpg.graph.TypeManager - Unknown language (frontend: SolidityLanguageFrontend)
11:57:53.373 [ForkJoinPool.commonPool-worker-3] ERROR de.fraunhofer.aisec.cpg.graph.TypeManager - Unknown language (frontend: SolidityLanguageFrontend)
11:57:53.373 [ForkJoinPool.commonPool-worker-3] ERROR de.fraunhofer.aisec.cpg.graph.TypeManager - Unknown language (frontend: SolidityLanguageFrontend)
11:57:53.373 [ForkJoinPool.commonPool-worker-3] ERROR de.fraunhofer.aisec.cpg.graph.TypeManager - Unknown language (frontend: SolidityLanguageFrontend)
11:57:53.374 [ForkJoinPool.commonPool-worker-3] ERROR de.fraunhofer.aisec.cpg.graph.TypeManager - Unknown language (frontend: SolidityLanguageFrontend)
11:57:53.374 [ForkJoinPool.commonPool-worker-3] ERROR de.fraunhofer.aisec.cpg.graph.TypeManager - Unknown language (frontend: SolidityLanguageFrontend)
11:57:53.374 [ForkJoinPool.commonPool-worker-3] ERROR de.fraunhofer.aisec.cpg.graph.TypeManager - Unknown language (frontend: SolidityLanguageFrontend)
11:57:53.374 [ForkJoinPool.commonPool-worker-3] ERROR de.fraunhofer.aisec.cpg.graph.TypeManager - Unknown language (frontend: SolidityLanguageFrontend)
11:57:53.374 [ForkJoinPool.commonPool-worker-3] ERROR de.fraunhofer.aisec.cpg.graph.TypeManager - Unknown language (frontend: SolidityLanguageFrontend)
11:57:53.374 [ForkJoinPool.commonPool-worker-3] ERROR de.fraunhofer.aisec.cpg.graph.TypeManager - Unknown language (frontend: SolidityLanguageFrontend)
11:57:53.374 [ForkJoinPool.commonPool-worker-3] ERROR de.fraunhofer.aisec.cpg.graph.TypeManager - Unknown language (frontend: SolidityLanguageFrontend)
11:57:53.375 [ForkJoinPool.commonPool-worker-3] ERROR de.fraunhofer.aisec.cpg.graph.TypeManager - Unknown language (frontend: SolidityLanguageFrontend)
11:57:53.375 [ForkJoinPool.commonPool-worker-3] ERROR de.fraunhofer.aisec.cpg.graph.TypeManager - Unknown language (frontend: SolidityLanguageFrontend)
11:57:53.375 [ForkJoinPool.commonPool-worker-3] ERROR de.fraunhofer.aisec.cpg.graph.TypeManager - Unknown language (frontend: SolidityLanguageFrontend)
11:57:53.375 [ForkJoinPool.commonPool-worker-3] ERROR de.fraunhofer.aisec.cpg.graph.TypeManager - Unknown language (frontend: SolidityLanguageFrontend)
11:57:53.375 [ForkJoinPool.commonPool-worker-3] ERROR de.fraunhofer.aisec.cpg.graph.TypeManager - Unknown language (frontend: SolidityLanguageFrontend)
11:57:53.375 [ForkJoinPool.commonPool-worker-3] ERROR de.fraunhofer.aisec.cpg.graph.TypeManager - Unknown language (frontend: SolidityLanguageFrontend)
11:57:53.375 [ForkJoinPool.commonPool-worker-3] ERROR de.fraunhofer.aisec.cpg.graph.TypeManager - Unknown language (frontend: SolidityLanguageFrontend)
11:57:53.376 [ForkJoinPool.commonPool-worker-3] ERROR de.fraunhofer.aisec.cpg.graph.TypeManager - Unknown language (frontend: SolidityLanguageFrontend)
11:57:53.376 [ForkJoinPool.commonPool-worker-3] ERROR de.fraunhofer.aisec.cpg.graph.TypeManager - Unknown language (frontend: SolidityLanguageFrontend)
11:57:53.376 [ForkJoinPool.commonPool-worker-3] ERROR de.fraunhofer.aisec.cpg.graph.TypeManager - Unknown language (frontend: SolidityLanguageFrontend)
11:57:53.376 [ForkJoinPool.commonPool-worker-3] ERROR de.fraunhofer.aisec.cpg.graph.TypeManager - Unknown language (frontend: SolidityLanguageFrontend)
11:57:53.376 [ForkJoinPool.commonPool-worker-3] ERROR de.fraunhofer.aisec.cpg.graph.TypeManager - Unknown language (frontend: SolidityLanguageFrontend)
11:57:53.377 [ForkJoinPool.commonPool-worker-3] ERROR de.fraunhofer.aisec.cpg.graph.TypeManager - Unknown language (frontend: SolidityLanguageFrontend)
11:57:53.377 [ForkJoinPool.commonPool-worker-3] ERROR de.fraunhofer.aisec.cpg.graph.TypeManager - Unknown language (frontend: SolidityLanguageFrontend)
11:57:53.377 [ForkJoinPool.commonPool-worker-3] ERROR de.fraunhofer.aisec.cpg.graph.TypeManager - Unknown language (frontend: SolidityLanguageFrontend)
11:57:53.377 [ForkJoinPool.commonPool-worker-3] ERROR de.fraunhofer.aisec.cpg.graph.TypeManager - Unknown language (frontend: SolidityLanguageFrontend)
11:57:53.378 [ForkJoinPool.commonPool-worker-3] ERROR de.fraunhofer.aisec.cpg.graph.TypeManager - Unknown language (frontend: SolidityLanguageFrontend)
11:57:53.378 [ForkJoinPool.commonPool-worker-3] ERROR de.fraunhofer.aisec.cpg.graph.TypeManager - Unknown language (frontend: SolidityLanguageFrontend)
11:57:53.378 [ForkJoinPool.commonPool-worker-3] ERROR de.fraunhofer.aisec.cpg.graph.TypeManager - Unknown language (frontend: SolidityLanguageFrontend)
11:57:53.378 [ForkJoinPool.commonPool-worker-3] ERROR de.fraunhofer.aisec.cpg.graph.TypeManager - Unknown language (frontend: SolidityLanguageFrontend)
11:57:53.378 [ForkJoinPool.commonPool-worker-3] ERROR de.fraunhofer.aisec.cpg.graph.TypeManager - Unknown language (frontend: SolidityLanguageFrontend)
11:57:53.378 [ForkJoinPool.commonPool-worker-3] ERROR de.fraunhofer.aisec.cpg.graph.TypeManager - Unknown language (frontend: SolidityLanguageFrontend)
11:57:53.378 [ForkJoinPool.commonPool-worker-3] ERROR de.fraunhofer.aisec.cpg.graph.TypeManager - Unknown language (frontend: SolidityLanguageFrontend)
11:57:53.379 [ForkJoinPool.commonPool-worker-3] ERROR de.fraunhofer.aisec.cpg.graph.TypeManager - Unknown language (frontend: SolidityLanguageFrontend)
11:57:53.379 [ForkJoinPool.commonPool-worker-3] ERROR de.fraunhofer.aisec.cpg.graph.TypeManager - Unknown language (frontend: SolidityLanguageFrontend)
11:57:53.379 [ForkJoinPool.commonPool-worker-3] ERROR de.fraunhofer.aisec.cpg.graph.TypeManager - Unknown language (frontend: SolidityLanguageFrontend)
11:57:53.379 [ForkJoinPool.commonPool-worker-3] ERROR de.fraunhofer.aisec.cpg.graph.TypeManager - Unknown language (frontend: SolidityLanguageFrontend)
11:57:53.379 [ForkJoinPool.commonPool-worker-3] ERROR de.fraunhofer.aisec.cpg.graph.TypeManager - Unknown language (frontend: SolidityLanguageFrontend)
11:57:53.379 [ForkJoinPool.commonPool-worker-3] ERROR de.fraunhofer.aisec.cpg.graph.TypeManager - Unknown language (frontend: SolidityLanguageFrontend)
11:57:53.380 [ForkJoinPool.commonPool-worker-3] ERROR de.fraunhofer.aisec.cpg.graph.TypeManager - Unknown language (frontend: SolidityLanguageFrontend)
11:57:53.380 [ForkJoinPool.commonPool-worker-3] ERROR de.fraunhofer.aisec.cpg.graph.TypeManager - Unknown language (frontend: SolidityLanguageFrontend)
11:57:53.380 [ForkJoinPool.commonPool-worker-3] ERROR de.fraunhofer.aisec.cpg.graph.TypeManager - Unknown language (frontend: SolidityLanguageFrontend)
11:57:53.380 [ForkJoinPool.commonPool-worker-3] ERROR de.fraunhofer.aisec.cpg.graph.TypeManager - Unknown language (frontend: SolidityLanguageFrontend)
11:57:53.381 [ForkJoinPool.commonPool-worker-3] ERROR de.fraunhofer.aisec.cpg.graph.TypeManager - Unknown language (frontend: SolidityLanguageFrontend)
11:57:53.381 [ForkJoinPool.commonPool-worker-3] ERROR de.fraunhofer.aisec.cpg.graph.TypeManager - Unknown language (frontend: SolidityLanguageFrontend)
11:57:53.381 [ForkJoinPool.commonPool-worker-3] ERROR de.fraunhofer.aisec.cpg.graph.TypeManager - Unknown language (frontend: SolidityLanguageFrontend)
11:57:53.381 [ForkJoinPool.commonPool-worker-3] ERROR de.fraunhofer.aisec.cpg.graph.TypeManager - Unknown language (frontend: SolidityLanguageFrontend)
11:57:53.381 [ForkJoinPool.commonPool-worker-3] ERROR de.fraunhofer.aisec.cpg.graph.TypeManager - Unknown language (frontend: SolidityLanguageFrontend)
11:57:53.381 [ForkJoinPool.commonPool-worker-3] ERROR de.fraunhofer.aisec.cpg.graph.TypeManager - Unknown language (frontend: SolidityLanguageFrontend)
11:57:53.382 [ForkJoinPool.commonPool-worker-3] ERROR de.fraunhofer.aisec.cpg.graph.TypeManager - Unknown language (frontend: SolidityLanguageFrontend)
11:57:53.382 [ForkJoinPool.commonPool-worker-3] ERROR de.fraunhofer.aisec.cpg.graph.TypeManager - Unknown language (frontend: SolidityLanguageFrontend)
11:57:53.383 [ForkJoinPool.commonPool-worker-3] ERROR de.fraunhofer.aisec.cpg.graph.TypeManager - Unknown language (frontend: SolidityLanguageFrontend)
11:57:53.383 [ForkJoinPool.commonPool-worker-3] ERROR de.fraunhofer.aisec.cpg.graph.TypeManager - Unknown language (frontend: SolidityLanguageFrontend)
11:57:53.384 [ForkJoinPool.commonPool-worker-3] ERROR de.fraunhofer.aisec.cpg.graph.TypeManager - Unknown language (frontend: SolidityLanguageFrontend)
11:57:53.384 [ForkJoinPool.commonPool-worker-3] ERROR de.fraunhofer.aisec.cpg.graph.TypeManager - Unknown language (frontend: SolidityLanguageFrontend)
11:57:53.384 [ForkJoinPool.commonPool-worker-3] ERROR de.fraunhofer.aisec.cpg.graph.TypeManager - Unknown language (frontend: SolidityLanguageFrontend)
11:57:53.384 [ForkJoinPool.commonPool-worker-3] ERROR de.fraunhofer.aisec.cpg.graph.TypeManager - Unknown language (frontend: SolidityLanguageFrontend)
11:57:53.384 [ForkJoinPool.commonPool-worker-3] ERROR de.fraunhofer.aisec.cpg.graph.TypeManager - Unknown language (frontend: SolidityLanguageFrontend)
11:57:53.385 [ForkJoinPool.commonPool-worker-3] ERROR de.fraunhofer.aisec.cpg.graph.TypeManager - Unknown language (frontend: SolidityLanguageFrontend)
11:57:53.385 [ForkJoinPool.commonPool-worker-3] ERROR de.fraunhofer.aisec.cpg.graph.TypeManager - Unknown language (frontend: SolidityLanguageFrontend)
11:57:53.385 [ForkJoinPool.commonPool-worker-3] ERROR de.fraunhofer.aisec.cpg.graph.TypeManager - Unknown language (frontend: SolidityLanguageFrontend)
11:57:53.387 [ForkJoinPool.commonPool-worker-3] ERROR de.fraunhofer.aisec.cpg.graph.TypeManager - Unknown language (frontend: SolidityLanguageFrontend)
11:57:53.387 [ForkJoinPool.commonPool-worker-3] ERROR de.fraunhofer.aisec.cpg.graph.TypeManager - Unknown language (frontend: SolidityLanguageFrontend)
11:57:53.387 [ForkJoinPool.commonPool-worker-3] ERROR de.fraunhofer.aisec.cpg.graph.TypeManager - Unknown language (frontend: SolidityLanguageFrontend)
11:57:53.387 [ForkJoinPool.commonPool-worker-3] ERROR de.fraunhofer.aisec.cpg.graph.TypeManager - Unknown language (frontend: SolidityLanguageFrontend)
11:57:53.387 [ForkJoinPool.commonPool-worker-3] ERROR de.fraunhofer.aisec.cpg.graph.TypeManager - Unknown language (frontend: SolidityLanguageFrontend)
11:57:53.389 [ForkJoinPool.commonPool-worker-3] ERROR de.fraunhofer.aisec.cpg.graph.TypeManager - Unknown language (frontend: SolidityLanguageFrontend)
11:57:53.390 [ForkJoinPool.commonPool-worker-3] ERROR de.fraunhofer.aisec.cpg.graph.TypeManager - Unknown language (frontend: SolidityLanguageFrontend)
11:57:53.390 [ForkJoinPool.commonPool-worker-3] ERROR de.fraunhofer.aisec.cpg.graph.TypeManager - Unknown language (frontend: SolidityLanguageFrontend)
11:57:53.390 [ForkJoinPool.commonPool-worker-3] ERROR de.fraunhofer.aisec.cpg.graph.TypeManager - Unknown language (frontend: SolidityLanguageFrontend)
11:57:53.390 [ForkJoinPool.commonPool-worker-3] ERROR de.fraunhofer.aisec.cpg.graph.TypeManager - Unknown language (frontend: SolidityLanguageFrontend)
11:57:53.392 [ForkJoinPool.commonPool-worker-3] ERROR de.fraunhofer.aisec.cpg.graph.TypeManager - Unknown language (frontend: SolidityLanguageFrontend)
11:57:53.392 [ForkJoinPool.commonPool-worker-3] ERROR de.fraunhofer.aisec.cpg.graph.TypeManager - Unknown language (frontend: SolidityLanguageFrontend)
11:57:53.392 [ForkJoinPool.commonPool-worker-3] ERROR de.fraunhofer.aisec.cpg.graph.TypeManager - Unknown language (frontend: SolidityLanguageFrontend)
11:57:53.392 [ForkJoinPool.commonPool-worker-3] ERROR de.fraunhofer.aisec.cpg.graph.TypeManager - Unknown language (frontend: SolidityLanguageFrontend)
11:57:53.392 [ForkJoinPool.commonPool-worker-3] ERROR de.fraunhofer.aisec.cpg.graph.TypeManager - Unknown language (frontend: SolidityLanguageFrontend)
11:57:53.393 [ForkJoinPool.commonPool-worker-3] ERROR de.fraunhofer.aisec.cpg.graph.TypeManager - Unknown language (frontend: SolidityLanguageFrontend)
11:57:53.393 [ForkJoinPool.commonPool-worker-3] ERROR de.fraunhofer.aisec.cpg.graph.TypeManager - Unknown language (frontend: SolidityLanguageFrontend)
11:57:53.393 [ForkJoinPool.commonPool-worker-3] ERROR de.fraunhofer.aisec.cpg.graph.TypeManager - Unknown language (frontend: SolidityLanguageFrontend)
11:57:53.393 [ForkJoinPool.commonPool-worker-3] ERROR de.fraunhofer.aisec.cpg.graph.TypeManager - Unknown language (frontend: SolidityLanguageFrontend)
11:57:53.393 [ForkJoinPool.commonPool-worker-3] ERROR de.fraunhofer.aisec.cpg.graph.TypeManager - Unknown language (frontend: SolidityLanguageFrontend)
11:57:53.401 [ForkJoinPool.commonPool-worker-3] ERROR de.fraunhofer.aisec.cpg.graph.TypeManager - Unknown language (frontend: SolidityLanguageFrontend)
11:57:53.401 [ForkJoinPool.commonPool-worker-3] ERROR de.fraunhofer.aisec.cpg.graph.TypeManager - Unknown language (frontend: SolidityLanguageFrontend)
11:57:53.401 [ForkJoinPool.commonPool-worker-3] ERROR de.fraunhofer.aisec.cpg.graph.TypeManager - Unknown language (frontend: SolidityLanguageFrontend)
11:57:53.401 [ForkJoinPool.commonPool-worker-3] ERROR de.fraunhofer.aisec.cpg.graph.TypeManager - Unknown language (frontend: SolidityLanguageFrontend)
11:57:53.401 [ForkJoinPool.commonPool-worker-3] ERROR de.fraunhofer.aisec.cpg.graph.TypeManager - Unknown language (frontend: SolidityLanguageFrontend)
11:57:53.403 [ForkJoinPool.commonPool-worker-3] ERROR de.fraunhofer.aisec.cpg.passes.scopes.ScopeManager - Could not find the scope UNKNOWN needed to resolve the call UNKNOWN.push. Falling back to the current scope
11:57:53.405 [ForkJoinPool.commonPool-worker-3] ERROR de.fraunhofer.aisec.cpg.graph.TypeManager - Unknown language (frontend: SolidityLanguageFrontend)
11:57:53.405 [ForkJoinPool.commonPool-worker-3] ERROR de.fraunhofer.aisec.cpg.graph.TypeManager - Unknown language (frontend: SolidityLanguageFrontend)
11:57:53.405 [ForkJoinPool.commonPool-worker-3] ERROR de.fraunhofer.aisec.cpg.graph.TypeManager - Unknown language (frontend: SolidityLanguageFrontend)
11:57:53.406 [ForkJoinPool.commonPool-worker-3] ERROR de.fraunhofer.aisec.cpg.graph.TypeManager - Unknown language (frontend: SolidityLanguageFrontend)
11:57:53.406 [ForkJoinPool.commonPool-worker-3] ERROR de.fraunhofer.aisec.cpg.graph.TypeManager - Unknown language (frontend: SolidityLanguageFrontend)
11:57:53.406 [ForkJoinPool.commonPool-worker-3] ERROR de.fraunhofer.aisec.cpg.passes.scopes.ScopeManager - Could not find the scope UNKNOWN needed to resolve the call UNKNOWN.value. Falling back to the current scope
11:57:53.407 [ForkJoinPool.commonPool-worker-3] ERROR de.fraunhofer.aisec.cpg.graph.TypeManager - Unknown language (frontend: SolidityLanguageFrontend)
11:57:53.407 [ForkJoinPool.commonPool-worker-3] ERROR de.fraunhofer.aisec.cpg.graph.TypeManager - Unknown language (frontend: SolidityLanguageFrontend)
11:57:53.407 [ForkJoinPool.commonPool-worker-3] ERROR de.fraunhofer.aisec.cpg.graph.TypeManager - Unknown language (frontend: SolidityLanguageFrontend)
11:57:53.407 [ForkJoinPool.commonPool-worker-3] ERROR de.fraunhofer.aisec.cpg.graph.TypeManager - Unknown language (frontend: SolidityLanguageFrontend)
11:57:53.407 [ForkJoinPool.commonPool-worker-3] ERROR de.fraunhofer.aisec.cpg.graph.TypeManager - Unknown language (frontend: SolidityLanguageFrontend)
11:57:53.407 [ForkJoinPool.commonPool-worker-3] ERROR de.fraunhofer.aisec.cpg.passes.scopes.ScopeManager - Could not find the scope UNKNOWN needed to resolve the call UNKNOWN.AddMessage. Falling back to the current scope
11:57:53.409 [ForkJoinPool.commonPool-worker-3] ERROR de.fraunhofer.aisec.cpg.graph.TypeManager - Unknown language (frontend: SolidityLanguageFrontend)
11:57:53.409 [ForkJoinPool.commonPool-worker-3] ERROR de.fraunhofer.aisec.cpg.graph.TypeManager - Unknown language (frontend: SolidityLanguageFrontend)
11:57:53.409 [ForkJoinPool.commonPool-worker-3] ERROR de.fraunhofer.aisec.cpg.graph.TypeManager - Unknown language (frontend: SolidityLanguageFrontend)
11:57:53.409 [ForkJoinPool.commonPool-worker-3] ERROR de.fraunhofer.aisec.cpg.graph.TypeManager - Unknown language (frontend: SolidityLanguageFrontend)
11:57:53.410 [ForkJoinPool.commonPool-worker-3] ERROR de.fraunhofer.aisec.cpg.graph.TypeManager - Unknown language (frontend: SolidityLanguageFrontend)
11:57:53.410 [ForkJoinPool.commonPool-worker-3] ERROR de.fraunhofer.aisec.cpg.passes.scopes.ScopeManager - Could not find the scope UNKNOWN needed to resolve the call UNKNOWN.AddMessage. Falling back to the current scope
11:57:53.410 [ForkJoinPool.commonPool-worker-3] ERROR de.fraunhofer.aisec.cpg.graph.TypeManager - Unknown language (frontend: SolidityLanguageFrontend)
11:57:53.410 [ForkJoinPool.commonPool-worker-3] ERROR de.fraunhofer.aisec.cpg.graph.TypeManager - Unknown language (frontend: SolidityLanguageFrontend)
11:57:53.411 [ForkJoinPool.commonPool-worker-3] ERROR de.fraunhofer.aisec.cpg.graph.TypeManager - Unknown language (frontend: SolidityLanguageFrontend)
11:57:53.411 [ForkJoinPool.commonPool-worker-3] ERROR de.fraunhofer.aisec.cpg.graph.TypeManager - Unknown language (frontend: SolidityLanguageFrontend)
11:57:53.411 [ForkJoinPool.commonPool-worker-3] ERROR de.fraunhofer.aisec.cpg.graph.TypeManager - Unknown language (frontend: SolidityLanguageFrontend)
11:57:53.411 [ForkJoinPool.commonPool-worker-3] ERROR de.fraunhofer.aisec.cpg.graph.TypeManager - Unknown language (frontend: SolidityLanguageFrontend)
11:57:53.411 [ForkJoinPool.commonPool-worker-3] ERROR de.fraunhofer.aisec.cpg.graph.TypeManager - Unknown language (frontend: SolidityLanguageFrontend)
11:57:53.411 [ForkJoinPool.commonPool-worker-3] ERROR de.fraunhofer.aisec.cpg.graph.TypeManager - Unknown language (frontend: SolidityLanguageFrontend)
11:57:53.412 [ForkJoinPool.commonPool-worker-3] ERROR de.fraunhofer.aisec.cpg.graph.TypeManager - Unknown language (frontend: SolidityLanguageFrontend)
11:57:53.412 [ForkJoinPool.commonPool-worker-3] ERROR de.fraunhofer.aisec.cpg.graph.TypeManager - Unknown language (frontend: SolidityLanguageFrontend)
Sep 29, 2022 11:57:54 AM org.neo4j.driver.internal.logging.JULogger info
INFO: Direct driver instance 56112634 created for server address localhost:7687
Sep 29, 2022 11:57:57 AM org.neo4j.driver.internal.logging.JULogger info
INFO: Closing driver instance 56112634
Sep 29, 2022 11:57:57 AM org.neo4j.driver.internal.logging.JULogger info
INFO: Closing connection pool towards localhost:7687
Sep 29, 2022 11:57:57 AM org.neo4j.driver.internal.logging.JULogger info
INFO: Direct driver instance 585496942 created for server address localhost:7687
Sep 29, 2022 11:58:08 AM org.neo4j.driver.internal.logging.JULogger info
INFO: Closing driver instance 585496942
Sep 29, 2022 11:58:08 AM org.neo4j.driver.internal.logging.JULogger info
INFO: Closing connection pool towards localhost:7687
Nr. Files: 1