INFO:Slither:Compilation warnings/errors on /data/0xbaa3de6504690efb064420d89e871c27065cdd52.sol:
/data/0xbaa3de6504690efb064420d89e871c27065cdd52.sol:14:9: Warning: Return value of low-level calls not used.
        target.call.value(msg.value)(data);
        ^--------------------------------^

INFO:Detectors:[91m
VaultProxy.Owner (/data/0xbaa3de6504690efb064420d89e871c27065cdd52.sol#19) shadows:
	- Proxy.Owner (/data/0xbaa3de6504690efb064420d89e871c27065cdd52.sol#10)
Reference: https://github.com/trailofbits/slither/wiki/Detectors-Documentation#state-variable-shadowing[0m
INFO:Detectors:[92m
Proxy.transferOwner (/data/0xbaa3de6504690efb064420d89e871c27065cdd52.sol#11) should be declared external
Proxy.proxy (/data/0xbaa3de6504690efb064420d89e871c27065cdd52.sol#12-15) should be declared external
VaultProxy.fallback (/data/0xbaa3de6504690efb064420d89e871c27065cdd52.sol#22) should be declared external
VaultProxy.Vault (/data/0xbaa3de6504690efb064420d89e871c27065cdd52.sol#24-29) should be declared external
VaultProxy.withdraw (/data/0xbaa3de6504690efb064420d89e871c27065cdd52.sol#37-41) should be declared external
Reference: https://github.com/trailofbits/slither/wiki/Detectors-Documentation#public-function-that-could-be-declared-as-external[0m
INFO:Detectors:[92m
Detected issues with version pragma in /data/0xbaa3de6504690efb064420d89e871c27065cdd52.sol:
	- pragma solidity^0.4.23 (/data/0xbaa3de6504690efb064420d89e871c27065cdd52.sol#7): it allows old versions
Reference: https://github.com/trailofbits/slither/wiki/Detectors-Documentation#incorrect-version-of-solidity[0m
INFO:Detectors:[92m
Low level call in Proxy.proxy (/data/0xbaa3de6504690efb064420d89e871c27065cdd52.sol#12-15):
	-target.call.value(msg.value)(data) /data/0xbaa3de6504690efb064420d89e871c27065cdd52.sol#14
Reference: https://github.com/trailofbits/slither/wiki/Detectors-Documentation#low-level-calls[0m
INFO:Detectors:[92m
Parameter '_owner' of Proxy.transferOwner (/data/0xbaa3de6504690efb064420d89e871c27065cdd52.sol#11) is not in mixedCase
Variable 'Proxy.Owner' (/data/0xbaa3de6504690efb064420d89e871c27065cdd52.sol#10) is not in mixedCase
Function 'VaultProxy.Vault' (/data/0xbaa3de6504690efb064420d89e871c27065cdd52.sol#24-29) is not in mixedCase
Variable 'VaultProxy.Owner' (/data/0xbaa3de6504690efb064420d89e871c27065cdd52.sol#19) is not in mixedCase
Variable 'VaultProxy.Deposits' (/data/0xbaa3de6504690efb064420d89e871c27065cdd52.sol#20) is not in mixedCase
Reference: https://github.com/trailofbits/slither/wiki/Detectors-Documentation#conformance-to-solidity-naming-conventions[0m
INFO:Slither:/data/0xbaa3de6504690efb064420d89e871c27065cdd52.sol analyzed (2 contracts), 13 result(s) found