Directories in use:
home:         /var/lib/neo4j
config:       /etc/neo4j
logs:         /var/log/neo4j
plugins:      /var/lib/neo4j/plugins
import:       /var/lib/neo4j/import
data:         /var/lib/neo4j/data
certificates: /var/lib/neo4j/certificates
licenses:     /var/lib/neo4j/licenses
run:          /var/lib/neo4j/run
Starting Neo4j.
Started neo4j (pid:34). It is available at http://localhost:7474
There may be a short delay until the server is ready.
Neo4j is not running.
Neo4j is not running.
Neo4j is running.
/data/phishable.sol
21:57:53.751 [ForkJoinPool.commonPool-worker-3] ERROR de.fraunhofer.aisec.cpg.graph.TypeManager - Unknown language (frontend: SolidityLanguageFrontend)
21:57:53.754 [ForkJoinPool.commonPool-worker-3] ERROR de.fraunhofer.aisec.cpg.graph.TypeManager - Unknown language (frontend: SolidityLanguageFrontend)
21:57:53.754 [ForkJoinPool.commonPool-worker-3] ERROR de.fraunhofer.aisec.cpg.graph.TypeManager - Unknown language (frontend: SolidityLanguageFrontend)
21:57:53.755 [ForkJoinPool.commonPool-worker-3] ERROR de.fraunhofer.aisec.cpg.graph.TypeManager - Unknown language (frontend: SolidityLanguageFrontend)
21:57:53.755 [ForkJoinPool.commonPool-worker-3] ERROR de.fraunhofer.aisec.cpg.graph.TypeManager - Unknown language (frontend: SolidityLanguageFrontend)
21:57:53.761 [ForkJoinPool.commonPool-worker-3] ERROR de.fraunhofer.aisec.cpg.graph.TypeManager - Unknown language (frontend: SolidityLanguageFrontend)
21:57:53.761 [ForkJoinPool.commonPool-worker-3] ERROR de.fraunhofer.aisec.cpg.graph.TypeManager - Unknown language (frontend: SolidityLanguageFrontend)
21:57:53.761 [ForkJoinPool.commonPool-worker-3] ERROR de.fraunhofer.aisec.cpg.graph.TypeManager - Unknown language (frontend: SolidityLanguageFrontend)
21:57:53.762 [ForkJoinPool.commonPool-worker-3] ERROR de.fraunhofer.aisec.cpg.graph.TypeManager - Unknown language (frontend: SolidityLanguageFrontend)
21:57:53.762 [ForkJoinPool.commonPool-worker-3] ERROR de.fraunhofer.aisec.cpg.graph.TypeManager - Unknown language (frontend: SolidityLanguageFrontend)
21:57:53.763 [ForkJoinPool.commonPool-worker-3] ERROR de.fraunhofer.aisec.cpg.graph.TypeManager - Unknown language (frontend: SolidityLanguageFrontend)
21:57:53.764 [ForkJoinPool.commonPool-worker-3] ERROR de.fraunhofer.aisec.cpg.graph.TypeManager - Unknown language (frontend: SolidityLanguageFrontend)
21:57:53.764 [ForkJoinPool.commonPool-worker-3] ERROR de.fraunhofer.aisec.cpg.graph.TypeManager - Unknown language (frontend: SolidityLanguageFrontend)
21:57:53.764 [ForkJoinPool.commonPool-worker-3] ERROR de.fraunhofer.aisec.cpg.graph.TypeManager - Unknown language (frontend: SolidityLanguageFrontend)
21:57:53.764 [ForkJoinPool.commonPool-worker-3] ERROR de.fraunhofer.aisec.cpg.graph.TypeManager - Unknown language (frontend: SolidityLanguageFrontend)
21:57:53.764 [ForkJoinPool.commonPool-worker-3] ERROR de.fraunhofer.aisec.cpg.graph.TypeManager - Unknown language (frontend: SolidityLanguageFrontend)
21:57:53.765 [ForkJoinPool.commonPool-worker-3] ERROR de.fraunhofer.aisec.cpg.graph.TypeManager - Unknown language (frontend: SolidityLanguageFrontend)
21:57:53.765 [ForkJoinPool.commonPool-worker-3] ERROR de.fraunhofer.aisec.cpg.graph.TypeManager - Unknown language (frontend: SolidityLanguageFrontend)
21:57:53.765 [ForkJoinPool.commonPool-worker-3] ERROR de.fraunhofer.aisec.cpg.graph.TypeManager - Unknown language (frontend: SolidityLanguageFrontend)
21:57:53.765 [ForkJoinPool.commonPool-worker-3] ERROR de.fraunhofer.aisec.cpg.graph.TypeManager - Unknown language (frontend: SolidityLanguageFrontend)
21:57:53.769 [ForkJoinPool.commonPool-worker-3] ERROR de.fraunhofer.aisec.cpg.graph.TypeManager - Unknown language (frontend: SolidityLanguageFrontend)
21:57:53.769 [ForkJoinPool.commonPool-worker-3] ERROR de.fraunhofer.aisec.cpg.graph.TypeManager - Unknown language (frontend: SolidityLanguageFrontend)
21:57:53.769 [ForkJoinPool.commonPool-worker-3] ERROR de.fraunhofer.aisec.cpg.graph.TypeManager - Unknown language (frontend: SolidityLanguageFrontend)
21:57:53.769 [ForkJoinPool.commonPool-worker-3] ERROR de.fraunhofer.aisec.cpg.graph.TypeManager - Unknown language (frontend: SolidityLanguageFrontend)
21:57:53.769 [ForkJoinPool.commonPool-worker-3] ERROR de.fraunhofer.aisec.cpg.graph.TypeManager - Unknown language (frontend: SolidityLanguageFrontend)
21:57:53.770 [ForkJoinPool.commonPool-worker-3] ERROR de.fraunhofer.aisec.cpg.graph.TypeManager - Unknown language (frontend: SolidityLanguageFrontend)
21:57:53.770 [ForkJoinPool.commonPool-worker-3] ERROR de.fraunhofer.aisec.cpg.graph.TypeManager - Unknown language (frontend: SolidityLanguageFrontend)
21:57:53.770 [ForkJoinPool.commonPool-worker-3] ERROR de.fraunhofer.aisec.cpg.graph.TypeManager - Unknown language (frontend: SolidityLanguageFrontend)
21:57:53.770 [ForkJoinPool.commonPool-worker-3] ERROR de.fraunhofer.aisec.cpg.graph.TypeManager - Unknown language (frontend: SolidityLanguageFrontend)
21:57:53.770 [ForkJoinPool.commonPool-worker-3] ERROR de.fraunhofer.aisec.cpg.graph.TypeManager - Unknown language (frontend: SolidityLanguageFrontend)
21:57:53.770 [ForkJoinPool.commonPool-worker-3] ERROR de.fraunhofer.aisec.cpg.graph.TypeManager - Unknown language (frontend: SolidityLanguageFrontend)
21:57:53.771 [ForkJoinPool.commonPool-worker-3] ERROR de.fraunhofer.aisec.cpg.graph.TypeManager - Unknown language (frontend: SolidityLanguageFrontend)
21:57:53.771 [ForkJoinPool.commonPool-worker-3] ERROR de.fraunhofer.aisec.cpg.graph.TypeManager - Unknown language (frontend: SolidityLanguageFrontend)
21:57:53.771 [ForkJoinPool.commonPool-worker-3] ERROR de.fraunhofer.aisec.cpg.graph.TypeManager - Unknown language (frontend: SolidityLanguageFrontend)
21:57:53.771 [ForkJoinPool.commonPool-worker-3] ERROR de.fraunhofer.aisec.cpg.graph.TypeManager - Unknown language (frontend: SolidityLanguageFrontend)
21:57:53.779 [ForkJoinPool.commonPool-worker-3] ERROR de.fraunhofer.aisec.cpg.graph.TypeManager - Unknown language (frontend: SolidityLanguageFrontend)
21:57:53.779 [ForkJoinPool.commonPool-worker-3] ERROR de.fraunhofer.aisec.cpg.graph.TypeManager - Unknown language (frontend: SolidityLanguageFrontend)
21:57:53.779 [ForkJoinPool.commonPool-worker-3] ERROR de.fraunhofer.aisec.cpg.graph.TypeManager - Unknown language (frontend: SolidityLanguageFrontend)
21:57:53.779 [ForkJoinPool.commonPool-worker-3] ERROR de.fraunhofer.aisec.cpg.graph.TypeManager - Unknown language (frontend: SolidityLanguageFrontend)
21:57:53.779 [ForkJoinPool.commonPool-worker-3] ERROR de.fraunhofer.aisec.cpg.graph.TypeManager - Unknown language (frontend: SolidityLanguageFrontend)
21:57:53.813 [ForkJoinPool.commonPool-worker-3] ERROR de.fraunhofer.aisec.cpg.graph.TypeManager - Unknown language (frontend: SolidityLanguageFrontend)
21:57:53.813 [ForkJoinPool.commonPool-worker-3] ERROR de.fraunhofer.aisec.cpg.graph.TypeManager - Unknown language (frontend: SolidityLanguageFrontend)
21:57:53.814 [ForkJoinPool.commonPool-worker-3] ERROR de.fraunhofer.aisec.cpg.graph.TypeManager - Unknown language (frontend: SolidityLanguageFrontend)
21:57:53.814 [ForkJoinPool.commonPool-worker-3] ERROR de.fraunhofer.aisec.cpg.graph.TypeManager - Unknown language (frontend: SolidityLanguageFrontend)
21:57:53.814 [ForkJoinPool.commonPool-worker-3] ERROR de.fraunhofer.aisec.cpg.graph.TypeManager - Unknown language (frontend: SolidityLanguageFrontend)
21:57:53.815 [ForkJoinPool.commonPool-worker-3] ERROR de.fraunhofer.aisec.cpg.graph.TypeManager - Unknown language (frontend: SolidityLanguageFrontend)
21:57:53.815 [ForkJoinPool.commonPool-worker-3] ERROR de.fraunhofer.aisec.cpg.graph.TypeManager - Unknown language (frontend: SolidityLanguageFrontend)
21:57:53.815 [ForkJoinPool.commonPool-worker-3] ERROR de.fraunhofer.aisec.cpg.graph.TypeManager - Unknown language (frontend: SolidityLanguageFrontend)
21:57:53.815 [ForkJoinPool.commonPool-worker-3] ERROR de.fraunhofer.aisec.cpg.graph.TypeManager - Unknown language (frontend: SolidityLanguageFrontend)
21:57:53.815 [ForkJoinPool.commonPool-worker-3] ERROR de.fraunhofer.aisec.cpg.graph.TypeManager - Unknown language (frontend: SolidityLanguageFrontend)
21:57:53.818 [ForkJoinPool.commonPool-worker-3] ERROR de.fraunhofer.aisec.cpg.graph.TypeManager - Unknown language (frontend: SolidityLanguageFrontend)
21:57:53.818 [ForkJoinPool.commonPool-worker-3] ERROR de.fraunhofer.aisec.cpg.graph.TypeManager - Unknown language (frontend: SolidityLanguageFrontend)
21:57:53.818 [ForkJoinPool.commonPool-worker-3] ERROR de.fraunhofer.aisec.cpg.graph.TypeManager - Unknown language (frontend: SolidityLanguageFrontend)
21:57:53.818 [ForkJoinPool.commonPool-worker-3] ERROR de.fraunhofer.aisec.cpg.graph.TypeManager - Unknown language (frontend: SolidityLanguageFrontend)
21:57:53.818 [ForkJoinPool.commonPool-worker-3] ERROR de.fraunhofer.aisec.cpg.graph.TypeManager - Unknown language (frontend: SolidityLanguageFrontend)
21:57:53.819 [ForkJoinPool.commonPool-worker-3] ERROR de.fraunhofer.aisec.cpg.graph.TypeManager - Unknown language (frontend: SolidityLanguageFrontend)
21:57:53.819 [ForkJoinPool.commonPool-worker-3] ERROR de.fraunhofer.aisec.cpg.graph.TypeManager - Unknown language (frontend: SolidityLanguageFrontend)
21:57:53.819 [ForkJoinPool.commonPool-worker-3] ERROR de.fraunhofer.aisec.cpg.graph.TypeManager - Unknown language (frontend: SolidityLanguageFrontend)
21:57:53.819 [ForkJoinPool.commonPool-worker-3] ERROR de.fraunhofer.aisec.cpg.graph.TypeManager - Unknown language (frontend: SolidityLanguageFrontend)
21:57:53.819 [ForkJoinPool.commonPool-worker-3] ERROR de.fraunhofer.aisec.cpg.graph.TypeManager - Unknown language (frontend: SolidityLanguageFrontend)
21:57:53.824 [ForkJoinPool.commonPool-worker-3] ERROR de.fraunhofer.aisec.cpg.graph.TypeManager - Unknown language (frontend: SolidityLanguageFrontend)
21:57:53.824 [ForkJoinPool.commonPool-worker-3] ERROR de.fraunhofer.aisec.cpg.graph.TypeManager - Unknown language (frontend: SolidityLanguageFrontend)
21:57:53.824 [ForkJoinPool.commonPool-worker-3] ERROR de.fraunhofer.aisec.cpg.graph.TypeManager - Unknown language (frontend: SolidityLanguageFrontend)
21:57:53.825 [ForkJoinPool.commonPool-worker-3] ERROR de.fraunhofer.aisec.cpg.graph.TypeManager - Unknown language (frontend: SolidityLanguageFrontend)
21:57:53.825 [ForkJoinPool.commonPool-worker-3] ERROR de.fraunhofer.aisec.cpg.graph.TypeManager - Unknown language (frontend: SolidityLanguageFrontend)
21:57:53.827 [ForkJoinPool.commonPool-worker-3] ERROR de.fraunhofer.aisec.cpg.graph.TypeManager - Unknown language (frontend: SolidityLanguageFrontend)
21:57:53.827 [ForkJoinPool.commonPool-worker-3] ERROR de.fraunhofer.aisec.cpg.graph.TypeManager - Unknown language (frontend: SolidityLanguageFrontend)
21:57:53.827 [ForkJoinPool.commonPool-worker-3] ERROR de.fraunhofer.aisec.cpg.graph.TypeManager - Unknown language (frontend: SolidityLanguageFrontend)
21:57:53.827 [ForkJoinPool.commonPool-worker-3] ERROR de.fraunhofer.aisec.cpg.graph.TypeManager - Unknown language (frontend: SolidityLanguageFrontend)
21:57:53.827 [ForkJoinPool.commonPool-worker-3] ERROR de.fraunhofer.aisec.cpg.graph.TypeManager - Unknown language (frontend: SolidityLanguageFrontend)
21:57:53.828 [ForkJoinPool.commonPool-worker-3] ERROR de.fraunhofer.aisec.cpg.graph.TypeManager - Unknown language (frontend: SolidityLanguageFrontend)
21:57:53.828 [ForkJoinPool.commonPool-worker-3] ERROR de.fraunhofer.aisec.cpg.graph.TypeManager - Unknown language (frontend: SolidityLanguageFrontend)
21:57:53.828 [ForkJoinPool.commonPool-worker-3] ERROR de.fraunhofer.aisec.cpg.graph.TypeManager - Unknown language (frontend: SolidityLanguageFrontend)
21:57:53.828 [ForkJoinPool.commonPool-worker-3] ERROR de.fraunhofer.aisec.cpg.graph.TypeManager - Unknown language (frontend: SolidityLanguageFrontend)
21:57:53.829 [ForkJoinPool.commonPool-worker-3] ERROR de.fraunhofer.aisec.cpg.graph.TypeManager - Unknown language (frontend: SolidityLanguageFrontend)
21:57:53.829 [ForkJoinPool.commonPool-worker-3] ERROR de.fraunhofer.aisec.cpg.graph.TypeManager - Unknown language (frontend: SolidityLanguageFrontend)
21:57:53.830 [ForkJoinPool.commonPool-worker-3] ERROR de.fraunhofer.aisec.cpg.graph.TypeManager - Unknown language (frontend: SolidityLanguageFrontend)
21:57:53.830 [ForkJoinPool.commonPool-worker-3] ERROR de.fraunhofer.aisec.cpg.graph.TypeManager - Unknown language (frontend: SolidityLanguageFrontend)
21:57:53.830 [ForkJoinPool.commonPool-worker-3] ERROR de.fraunhofer.aisec.cpg.graph.TypeManager - Unknown language (frontend: SolidityLanguageFrontend)
21:57:53.830 [ForkJoinPool.commonPool-worker-3] ERROR de.fraunhofer.aisec.cpg.graph.TypeManager - Unknown language (frontend: SolidityLanguageFrontend)
21:57:53.835 [ForkJoinPool.commonPool-worker-3] ERROR de.fraunhofer.aisec.cpg.graph.TypeManager - Unknown language (frontend: SolidityLanguageFrontend)
21:57:53.835 [ForkJoinPool.commonPool-worker-3] ERROR de.fraunhofer.aisec.cpg.graph.TypeManager - Unknown language (frontend: SolidityLanguageFrontend)
21:57:53.836 [ForkJoinPool.commonPool-worker-3] ERROR de.fraunhofer.aisec.cpg.graph.TypeManager - Unknown language (frontend: SolidityLanguageFrontend)
21:57:53.836 [ForkJoinPool.commonPool-worker-3] ERROR de.fraunhofer.aisec.cpg.graph.TypeManager - Unknown language (frontend: SolidityLanguageFrontend)
21:57:53.836 [ForkJoinPool.commonPool-worker-3] ERROR de.fraunhofer.aisec.cpg.graph.TypeManager - Unknown language (frontend: SolidityLanguageFrontend)
21:57:53.837 [ForkJoinPool.commonPool-worker-3] ERROR de.fraunhofer.aisec.cpg.graph.TypeManager - Unknown language (frontend: SolidityLanguageFrontend)
21:57:53.837 [ForkJoinPool.commonPool-worker-3] ERROR de.fraunhofer.aisec.cpg.graph.TypeManager - Unknown language (frontend: SolidityLanguageFrontend)
21:57:53.837 [ForkJoinPool.commonPool-worker-3] ERROR de.fraunhofer.aisec.cpg.graph.TypeManager - Unknown language (frontend: SolidityLanguageFrontend)
21:57:53.837 [ForkJoinPool.commonPool-worker-3] ERROR de.fraunhofer.aisec.cpg.graph.TypeManager - Unknown language (frontend: SolidityLanguageFrontend)
21:57:53.837 [ForkJoinPool.commonPool-worker-3] ERROR de.fraunhofer.aisec.cpg.graph.TypeManager - Unknown language (frontend: SolidityLanguageFrontend)
21:57:53.838 [ForkJoinPool.commonPool-worker-3] ERROR de.fraunhofer.aisec.cpg.graph.TypeManager - Unknown language (frontend: SolidityLanguageFrontend)
21:57:53.839 [ForkJoinPool.commonPool-worker-3] ERROR de.fraunhofer.aisec.cpg.graph.TypeManager - Unknown language (frontend: SolidityLanguageFrontend)
21:57:53.839 [ForkJoinPool.commonPool-worker-3] ERROR de.fraunhofer.aisec.cpg.graph.TypeManager - Unknown language (frontend: SolidityLanguageFrontend)
21:57:53.839 [ForkJoinPool.commonPool-worker-3] ERROR de.fraunhofer.aisec.cpg.graph.TypeManager - Unknown language (frontend: SolidityLanguageFrontend)
21:57:53.839 [ForkJoinPool.commonPool-worker-3] ERROR de.fraunhofer.aisec.cpg.graph.TypeManager - Unknown language (frontend: SolidityLanguageFrontend)
21:57:53.840 [ForkJoinPool.commonPool-worker-3] ERROR de.fraunhofer.aisec.cpg.graph.TypeManager - Unknown language (frontend: SolidityLanguageFrontend)
21:57:53.840 [ForkJoinPool.commonPool-worker-3] ERROR de.fraunhofer.aisec.cpg.graph.TypeManager - Unknown language (frontend: SolidityLanguageFrontend)
21:57:53.841 [ForkJoinPool.commonPool-worker-3] ERROR de.fraunhofer.aisec.cpg.graph.TypeManager - Unknown language (frontend: SolidityLanguageFrontend)
21:57:53.841 [ForkJoinPool.commonPool-worker-3] ERROR de.fraunhofer.aisec.cpg.graph.TypeManager - Unknown language (frontend: SolidityLanguageFrontend)
21:57:53.841 [ForkJoinPool.commonPool-worker-3] ERROR de.fraunhofer.aisec.cpg.graph.TypeManager - Unknown language (frontend: SolidityLanguageFrontend)
21:57:53.842 [ForkJoinPool.commonPool-worker-3] ERROR de.fraunhofer.aisec.cpg.graph.TypeManager - Unknown language (frontend: SolidityLanguageFrontend)
21:57:53.842 [ForkJoinPool.commonPool-worker-3] ERROR de.fraunhofer.aisec.cpg.graph.TypeManager - Unknown language (frontend: SolidityLanguageFrontend)
21:57:53.842 [ForkJoinPool.commonPool-worker-3] ERROR de.fraunhofer.aisec.cpg.graph.TypeManager - Unknown language (frontend: SolidityLanguageFrontend)
21:57:53.842 [ForkJoinPool.commonPool-worker-3] ERROR de.fraunhofer.aisec.cpg.graph.TypeManager - Unknown language (frontend: SolidityLanguageFrontend)
21:57:53.842 [ForkJoinPool.commonPool-worker-3] ERROR de.fraunhofer.aisec.cpg.graph.TypeManager - Unknown language (frontend: SolidityLanguageFrontend)
21:57:53.843 [ForkJoinPool.commonPool-worker-3] ERROR de.fraunhofer.aisec.cpg.graph.TypeManager - Unknown language (frontend: SolidityLanguageFrontend)
21:57:53.843 [ForkJoinPool.commonPool-worker-3] ERROR de.fraunhofer.aisec.cpg.graph.TypeManager - Unknown language (frontend: SolidityLanguageFrontend)
21:57:53.843 [ForkJoinPool.commonPool-worker-3] ERROR de.fraunhofer.aisec.cpg.graph.TypeManager - Unknown language (frontend: SolidityLanguageFrontend)
21:57:53.843 [ForkJoinPool.commonPool-worker-3] ERROR de.fraunhofer.aisec.cpg.graph.TypeManager - Unknown language (frontend: SolidityLanguageFrontend)
21:57:53.844 [ForkJoinPool.commonPool-worker-3] ERROR de.fraunhofer.aisec.cpg.graph.TypeManager - Unknown language (frontend: SolidityLanguageFrontend)
21:57:53.848 [ForkJoinPool.commonPool-worker-3] ERROR de.fraunhofer.aisec.cpg.graph.TypeManager - Unknown language (frontend: SolidityLanguageFrontend)
21:57:53.848 [ForkJoinPool.commonPool-worker-3] ERROR de.fraunhofer.aisec.cpg.graph.TypeManager - Unknown language (frontend: SolidityLanguageFrontend)
21:57:53.849 [ForkJoinPool.commonPool-worker-3] ERROR de.fraunhofer.aisec.cpg.graph.TypeManager - Unknown language (frontend: SolidityLanguageFrontend)
21:57:53.849 [ForkJoinPool.commonPool-worker-3] ERROR de.fraunhofer.aisec.cpg.graph.TypeManager - Unknown language (frontend: SolidityLanguageFrontend)
21:57:53.849 [ForkJoinPool.commonPool-worker-3] ERROR de.fraunhofer.aisec.cpg.graph.TypeManager - Unknown language (frontend: SolidityLanguageFrontend)
21:57:53.850 [ForkJoinPool.commonPool-worker-3] ERROR de.fraunhofer.aisec.cpg.passes.scopes.ScopeManager - Could not find the scope address needed to resolve the call address.transfer. Falling back to the current scope
Oct 03, 2022 9:57:54 PM org.neo4j.driver.internal.logging.JULogger info
INFO: Direct driver instance 1913113425 created for server address localhost:7687
Oct 03, 2022 9:57:57 PM org.neo4j.driver.internal.logging.JULogger info
INFO: Closing driver instance 1913113425
Oct 03, 2022 9:57:57 PM org.neo4j.driver.internal.logging.JULogger info
INFO: Closing connection pool towards localhost:7687
Oct 03, 2022 9:57:57 PM org.neo4j.driver.internal.logging.JULogger info
INFO: Direct driver instance 397857830 created for server address localhost:7687
Oct 03, 2022 9:58:08 PM org.neo4j.driver.internal.logging.JULogger info
INFO: Closing driver instance 397857830
Oct 03, 2022 9:58:08 PM org.neo4j.driver.internal.logging.JULogger info
INFO: Closing connection pool towards localhost:7687
Nr. Files: 1
File: /data/phishable.sol
- Missing Check of Return Value from external Call, phishable.sol 21:9-21:44