INFO:Slither:Compilation warnings/errors on /data/etherbank.sol:
/data/etherbank.sol:21:55: Warning: "throw" is deprecated in favour of "revert()", "require()" and "assert()".
		if (!(msg.sender.call.value(amountToWithdraw)())) { throw; }
		                                                    ^---^
/data/etherbank.sol:10:5: Warning: No visibility specified. Defaulting to "public". 
    function getBalance(address user) constant returns(uint) {  
    ^ (Relevant source part starts here and spans across multiple lines).
/data/etherbank.sol:14:2: Warning: No visibility specified. Defaulting to "public". 
	function addToBalance() {  
 ^ (Relevant source part starts here and spans across multiple lines).
/data/etherbank.sol:15:31: Warning: "msg.value" used in non-payable function. Do you want to add the "payable" modifier to this function?
		userBalances[msg.sender] += msg.value;
		                            ^-------^
/data/etherbank.sol:18:2: Warning: No visibility specified. Defaulting to "public". 
	function withdrawBalance() {  
 ^ (Relevant source part starts here and spans across multiple lines).

INFO:Detectors:[91m
Reentrancy in EtherBank.withdrawBalance (/data/etherbank.sol#18-23):
	External calls:
	- ! (msg.sender.call.value(amountToWithdraw)()) (/data/etherbank.sol#21)
	State variables written after the call(s):
	- userBalances (/data/etherbank.sol#22)
Reference: https://github.com/trailofbits/slither/wiki/Detectors-Documentation#reentrancy-vulnerabilities[0m
INFO:Detectors:[92m
Deprecated standard detected @ /data/etherbank.sol#21:
	- Usage of "throw" should be replaced with "revert()"
Reference: https://github.com/trailofbits/slither/wiki/Detectors-Documentation#deprecated-standards[0m
INFO:Detectors:[92m
EtherBank.getBalance (/data/etherbank.sol#10-12) should be declared external
EtherBank.addToBalance (/data/etherbank.sol#14-16) should be declared external
EtherBank.withdrawBalance (/data/etherbank.sol#18-23) should be declared external
Reference: https://github.com/trailofbits/slither/wiki/Detectors-Documentation#public-function-that-could-be-declared-as-external[0m
INFO:Detectors:[92m
Detected issues with version pragma in /data/etherbank.sol:
	- pragma solidity^0.4.0 (/data/etherbank.sol#7): it allows old versions
Reference: https://github.com/trailofbits/slither/wiki/Detectors-Documentation#incorrect-version-of-solidity[0m
INFO:Detectors:[92m
Low level call in EtherBank.withdrawBalance (/data/etherbank.sol#18-23):
	-! (msg.sender.call.value(amountToWithdraw)()) /data/etherbank.sol#21
Reference: https://github.com/trailofbits/slither/wiki/Detectors-Documentation#low-level-calls[0m
INFO:Slither:/data/etherbank.sol analyzed (1 contracts), 7 result(s) found