2022-05-31 16:16:59,125: [14] m.main:INFO: Registered plugins: IntrospectionAPIPlugin, <class 'manticore.ethereum.plugins.SkipRevertBasicBlocks'>, <class 'manticore.ethereum.plugins.FilterFunctions'>
2022-05-31 16:16:59,125: [14] m.main:INFO: Beginning analysis
2022-05-31 16:16:59,128: [14] m.e.manticore:INFO: Starting symbolic create contract
2022-05-31 16:17:54,612: [14] m.e.manticore:INFO: Starting symbolic transaction: 0
2022-05-31 16:18:47,665: [14] m.e.manticore:INFO: Found a concrete globalsha3 b'\x00\x00\x00\x00\x00\x00\x00\x00\x00\x00\x00\x00\x00\x00\x00\x00\x00\x00\x00\x00\x00\x00\x00\x00\x00\x00\x00\x00\x00\x02\x00\x00\x00\x00\x00\x00\x00\x00\x00\x00\x00\x00\x00\x00\x00\x00\x00\x00\x00\x00\x00\x00\x00\x00\x00\x00\x00\x00\x00\x00\x00\x00\x00\x00' -> 73138091548938366139099779971772605061518111956507126412222883840269740007539
2022-05-31 16:21:08,671: [14] m.e.manticore:INFO: 4 alive states, 4 terminated states
2022-05-31 16:21:44,874: [14] m.e.manticore:INFO: Starting symbolic transaction: 1
2022-05-31 16:36:47,840: [14] m.e.manticore:INFO: 16 alive states, 13 terminated states
2022-05-31 16:37:22,150: [102] m.c.manticore:INFO: Generated testcase No. 0 - STOP(3 txs)
2022-05-31 16:37:22,152: [102] m.c.plugin:WARNING: Caught will_solve in state None, but failed to capture its initialization
2022-05-31 16:37:22,293: [110] m.c.manticore:INFO: Generated testcase No. 1 - STOP(3 txs)
2022-05-31 16:37:22,294: [110] m.c.plugin:WARNING: Caught will_solve in state None, but failed to capture its initialization
2022-05-31 16:37:22,318: [103] m.c.manticore:INFO: Generated testcase No. 2 - STOP(3 txs)
2022-05-31 16:37:22,319: [103] m.c.plugin:WARNING: Caught will_solve in state None, but failed to capture its initialization
2022-05-31 16:37:22,322: [106] m.c.manticore:INFO: Generated testcase No. 3 - STOP(3 txs)
2022-05-31 16:37:22,324: [106] m.c.plugin:WARNING: Caught will_solve in state None, but failed to capture its initialization
2022-05-31 16:37:22,342: [107] m.c.manticore:INFO: Generated testcase No. 4 - STOP(3 txs)
2022-05-31 16:37:22,344: [107] m.c.plugin:WARNING: Caught will_solve in state None, but failed to capture its initialization
2022-05-31 16:37:22,367: [113] m.c.manticore:INFO: Generated testcase No. 5 - STOP(3 txs)
2022-05-31 16:37:22,369: [113] m.c.plugin:WARNING: Caught will_solve in state None, but failed to capture its initialization
2022-05-31 16:37:22,384: [109] m.c.manticore:INFO: Generated testcase No. 8 - STOP(3 txs)
2022-05-31 16:37:22,386: [109] m.c.plugin:WARNING: Caught will_solve in state None, but failed to capture its initialization
2022-05-31 16:37:22,387: [114] m.c.manticore:INFO: Generated testcase No. 9 - STOP(3 txs)
2022-05-31 16:37:22,389: [114] m.c.plugin:WARNING: Caught will_solve in state None, but failed to capture its initialization
2022-05-31 16:37:22,390: [104] m.c.manticore:INFO: Generated testcase No. 7 - STOP(3 txs)
2022-05-31 16:37:22,391: [108] m.c.manticore:INFO: Generated testcase No. 6 - STOP(3 txs)
2022-05-31 16:37:22,392: [104] m.c.plugin:WARNING: Caught will_solve in state None, but failed to capture its initialization
2022-05-31 16:37:22,392: [108] m.c.plugin:WARNING: Caught will_solve in state None, but failed to capture its initialization
2022-05-31 16:37:22,409: [115] m.c.manticore:INFO: Generated testcase No. 10 - STOP(3 txs)
2022-05-31 16:37:22,411: [115] m.c.plugin:WARNING: Caught will_solve in state None, but failed to capture its initialization
2022-05-31 16:37:22,484: [112] m.c.manticore:INFO: Generated testcase No. 11 - STOP(3 txs)
2022-05-31 16:37:22,486: [112] m.c.plugin:WARNING: Caught will_solve in state None, but failed to capture its initialization
2022-05-31 16:39:27,747: [113] m.c.manticore:INFO: Generated testcase No. 12 - STOP(3 txs)
2022-05-31 16:39:30,379: [110] m.c.manticore:INFO: Generated testcase No. 13 - STOP(3 txs)
2022-05-31 16:39:31,946: [108] m.c.manticore:INFO: Generated testcase No. 14 - STOP(3 txs)
2022-05-31 16:39:34,683: [115] m.c.manticore:INFO: Generated testcase No. 15 - STOP(3 txs)
2022-05-31 16:42:22,256: [14] m.c.manticore:INFO: Results in /mcore__9xkbhce
2022-05-31 16:42:22,256: [14] m.c.manticore:INFO: Total time: 1236.9172933101654
2022-05-31 16:42:23,447: [155] m.main:INFO: Registered plugins: IntrospectionAPIPlugin, <class 'manticore.ethereum.plugins.SkipRevertBasicBlocks'>, <class 'manticore.ethereum.plugins.FilterFunctions'>
2022-05-31 16:42:23,448: [155] m.main:INFO: Beginning analysis
2022-05-31 16:42:23,451: [155] m.e.manticore:INFO: Starting symbolic create contract
2022-05-31 16:42:25,370: [155] m.e.manticore:INFO: Starting symbolic transaction: 0
2022-05-31 16:42:30,887: [155] m.c.worker:ERROR: Exception in state 6: ManticoreError('Forking on unfeasible constraint set')
Traceback (most recent call last):
  File "/usr/local/lib/python3.7/dist-packages/manticore/core/worker.py", line 137, in run
    current_state.execute()
  File "/usr/local/lib/python3.7/dist-packages/manticore/ethereum/state.py", line 8, in execute
    return self._platform.execute()
  File "/usr/local/lib/python3.7/dist-packages/manticore/platforms/evm.py", line 3106, in execute
    self.current_vm.execute()
  File "/usr/local/lib/python3.7/dist-packages/manticore/platforms/evm.py", line 1322, in execute
    raise Concretize("Symbolic PC", expression=expression, setstate=setstate, policy="ALL")
manticore.core.state.Concretize

During handling of the above exception, another exception occurred:

Traceback (most recent call last):
  File "/usr/local/lib/python3.7/dist-packages/manticore/core/worker.py", line 158, in run
    m._fork(current_state, exc.expression, exc.policy, exc.setstate, exc.values)
  File "/usr/local/lib/python3.7/dist-packages/manticore/core/manticore.py", line 518, in _fork
    raise ManticoreError("Forking on unfeasible constraint set")
manticore.exceptions.ManticoreError: Forking on unfeasible constraint set