INFO:Slither:Compilation warnings/errors on /data/0x3a0e9acd953ffc0dd18d63603488846a6b8b2b01.sol:
/data/0x3a0e9acd953ffc0dd18d63603488846a6b8b2b01.sol:44:27: Warning: "sha3" has been deprecated in favour of "keccak256"
        token.call(bytes4(sha3("transfer(address,uint256)")),to,amount); 
                          ^-------------------------------^
/data/0x3a0e9acd953ffc0dd18d63603488846a6b8b2b01.sol:44:9: Warning: Return value of low-level calls not used.
        token.call(bytes4(sha3("transfer(address,uint256)")),to,amount); 
        ^-------------------------------------------------------------^
/data/0x3a0e9acd953ffc0dd18d63603488846a6b8b2b01.sol:103:57: Warning: Using contract member "balance" inherited from the address type is deprecated. Convert the contract to "address" type to access the member, for example use "address(contract).balance" instead.
    function Bal() public constant returns(uint){return this.balance;}
                                                        ^----------^
/data/0x3a0e9acd953ffc0dd18d63603488846a6b8b2b01.sol:61:5: Warning: No visibility specified. Defaulting to "public". 
    function()
    ^ (Relevant source part starts here and spans across multiple lines).
/data/0x3a0e9acd953ffc0dd18d63603488846a6b8b2b01.sol:67:5: Warning: No visibility specified. Defaulting to "public". 
    function Deposit() 
    ^ (Relevant source part starts here and spans across multiple lines).

INFO:Detectors:[91m
Token.owner (/data/0x3a0e9acd953ffc0dd18d63603488846a6b8b2b01.sol#38) shadows:
	- Ownable.owner (/data/0x3a0e9acd953ffc0dd18d63603488846a6b8b2b01.sol#12)
Reference: https://github.com/trailofbits/slither/wiki/Detectors-Documentation#state-variable-shadowing[0m
INFO:Detectors:[93m
Contract locking ether found in /data/0x3a0e9acd953ffc0dd18d63603488846a6b8b2b01.sol:
	Contract TokenBank has payable functions:
	 - fallback (/data/0x3a0e9acd953ffc0dd18d63603488846a6b8b2b01.sol#61-65)
	 - Deposit (/data/0x3a0e9acd953ffc0dd18d63603488846a6b8b2b01.sol#67-74)
	 - WithdrawToHolder (/data/0x3a0e9acd953ffc0dd18d63603488846a6b8b2b01.sol#87-101)
	But does not have a function to withdraw the ether
Reference: https://github.com/trailofbits/slither/wiki/Detectors-Documentation#contracts-that-lock-ether[0m
INFO:Detectors:[92m
Deprecated standard detected @ /data/0x3a0e9acd953ffc0dd18d63603488846a6b8b2b01.sol#44:
	- Usage of "sha3()" should be replaced with "keccak256()"
Reference: https://github.com/trailofbits/slither/wiki/Detectors-Documentation#deprecated-standards[0m
INFO:Detectors:[92m
Ownable.changeOwner (/data/0x3a0e9acd953ffc0dd18d63603488846a6b8b2b01.sol#14-19) should be declared external
Ownable.confirmOwner (/data/0x3a0e9acd953ffc0dd18d63603488846a6b8b2b01.sol#21-28) should be declared external
TokenBank.initTokenBank (/data/0x3a0e9acd953ffc0dd18d63603488846a6b8b2b01.sol#54-59) should be declared external
TokenBank.fallback (/data/0x3a0e9acd953ffc0dd18d63603488846a6b8b2b01.sol#61-65) should be declared external
TokenBank.WitdrawTokenToHolder (/data/0x3a0e9acd953ffc0dd18d63603488846a6b8b2b01.sol#76-85) should be declared external
TokenBank.WithdrawToHolder (/data/0x3a0e9acd953ffc0dd18d63603488846a6b8b2b01.sol#87-101) should be declared external
TokenBank.Bal (/data/0x3a0e9acd953ffc0dd18d63603488846a6b8b2b01.sol#103) should be declared external
Reference: https://github.com/trailofbits/slither/wiki/Detectors-Documentation#public-function-that-could-be-declared-as-external[0m
INFO:Detectors:[92m
Detected issues with version pragma in /data/0x3a0e9acd953ffc0dd18d63603488846a6b8b2b01.sol:
	- pragma solidity^0.4.18 (/data/0x3a0e9acd953ffc0dd18d63603488846a6b8b2b01.sol#7): it allows old versions
Reference: https://github.com/trailofbits/slither/wiki/Detectors-Documentation#incorrect-version-of-solidity[0m
INFO:Detectors:[92m
Low level call in Token.WithdrawToken (/data/0x3a0e9acd953ffc0dd18d63603488846a6b8b2b01.sol#39-45):
	-token.call(bytes4(sha3()(transfer(address,uint256))),to,amount) /data/0x3a0e9acd953ffc0dd18d63603488846a6b8b2b01.sol#44
Reference: https://github.com/trailofbits/slither/wiki/Detectors-Documentation#low-level-calls[0m
INFO:Detectors:[92m
Function 'Token.WithdrawToken' (/data/0x3a0e9acd953ffc0dd18d63603488846a6b8b2b01.sol#39-45) is not in mixedCase
Function 'TokenBank.Deposit' (/data/0x3a0e9acd953ffc0dd18d63603488846a6b8b2b01.sol#67-74) is not in mixedCase
Function 'TokenBank.WitdrawTokenToHolder' (/data/0x3a0e9acd953ffc0dd18d63603488846a6b8b2b01.sol#76-85) is not in mixedCase
Parameter '_to' of TokenBank.WitdrawTokenToHolder (/data/0x3a0e9acd953ffc0dd18d63603488846a6b8b2b01.sol#76) is not in mixedCase
Parameter '_token' of TokenBank.WitdrawTokenToHolder (/data/0x3a0e9acd953ffc0dd18d63603488846a6b8b2b01.sol#76) is not in mixedCase
Parameter '_amount' of TokenBank.WitdrawTokenToHolder (/data/0x3a0e9acd953ffc0dd18d63603488846a6b8b2b01.sol#76) is not in mixedCase
Function 'TokenBank.WithdrawToHolder' (/data/0x3a0e9acd953ffc0dd18d63603488846a6b8b2b01.sol#87-101) is not in mixedCase
Parameter '_addr' of TokenBank.WithdrawToHolder (/data/0x3a0e9acd953ffc0dd18d63603488846a6b8b2b01.sol#87) is not in mixedCase
Parameter '_wei' of TokenBank.WithdrawToHolder (/data/0x3a0e9acd953ffc0dd18d63603488846a6b8b2b01.sol#87) is not in mixedCase
Function 'TokenBank.Bal' (/data/0x3a0e9acd953ffc0dd18d63603488846a6b8b2b01.sol#103) is not in mixedCase
Variable 'TokenBank.MinDeposit' (/data/0x3a0e9acd953ffc0dd18d63603488846a6b8b2b01.sol#50) is not in mixedCase
Variable 'TokenBank.Holders' (/data/0x3a0e9acd953ffc0dd18d63603488846a6b8b2b01.sol#51) is not in mixedCase
Reference: https://github.com/trailofbits/slither/wiki/Detectors-Documentation#conformance-to-solidity-naming-conventions[0m
INFO:Slither:/data/0x3a0e9acd953ffc0dd18d63603488846a6b8b2b01.sol analyzed (3 contracts), 24 result(s) found