2022-05-31 16:17:01,880: [14] m.main:INFO: Registered plugins: IntrospectionAPIPlugin, <class 'manticore.ethereum.plugins.SkipRevertBasicBlocks'>, <class 'manticore.ethereum.plugins.FilterFunctions'>
2022-05-31 16:17:01,881: [14] m.main:INFO: Beginning analysis
2022-05-31 16:17:01,885: [14] m.e.manticore:INFO: Starting symbolic create contract
2022-05-31 16:17:03,116: [14] m.e.manticore:INFO: Starting symbolic transaction: 0
2022-05-31 16:17:09,148: [14] m.e.manticore:INFO: Found a concrete globalsha3 b'\x00\x00\x00\x00\x00\x00\x00\x00\x00\x00\x00\x00\x00\x00\x00\x00\x00\x00\x00\x00\x00\x00\x00\x00\x00\x00\x00\x00\x00\x02\x00\x00\x00\x00\x00\x00\x00\x00\x00\x00\x00\x00\x00\x00\x00\x00\x00\x00\x00\x00\x00\x00\x00\x00\x00\x00\x00\x00\x00\x00\x00\x00\x00\x02' -> 103897324152558924508739690356745203242964415294502778034921468049474951696033
2022-05-31 16:17:13,679: [14] m.e.manticore:INFO: Found a concrete globalsha3 b'\x00\x00\x00\x00\x00\x00\x00\x00\x00\x00\x00\x00\x00\x00\x00\x00\x00\x00\x00\x00\x00\x00\x00\x00\x00\x00\x00\x00\x00\x02\x00\x00\x00\x00\x00\x00\x00\x00\x00\x00\x00\x00\x00\x00\x00\x00\x00\x00\x00\x00\x00\x00\x00\x00\x00\x00\x00\x00\x00\x00\x00\x00\x00\x01' -> 27376155845717860833342594873357525089589924219251518322086369159840883582034
2022-05-31 16:17:23,239: [14] m.e.manticore:INFO: 2 alive states, 1 terminated states
2022-05-31 16:17:23,890: [14] m.e.manticore:INFO: Starting symbolic transaction: 1
2022-05-31 16:17:59,493: [14] m.e.manticore:INFO: 3 alive states, 2 terminated states
2022-05-31 16:18:00,180: [14] m.e.manticore:INFO: Starting symbolic transaction: 2
2022-05-31 16:20:40,377: [14] m.e.manticore:INFO: 4 alive states, 4 terminated states
2022-05-31 16:20:41,438: [107] m.c.manticore:INFO: Generated testcase No. 0 - STOP(4 txs)
2022-05-31 16:20:41,439: [107] m.c.plugin:WARNING: Caught will_solve in state None, but failed to capture its initialization
2022-05-31 16:20:41,445: [113] m.c.manticore:INFO: Generated testcase No. 1 - STOP(4 txs)
2022-05-31 16:20:41,446: [113] m.c.plugin:WARNING: Caught will_solve in state None, but failed to capture its initialization
2022-05-31 16:20:41,556: [108] m.c.manticore:INFO: Generated testcase No. 2 - STOP(4 txs)
2022-05-31 16:20:41,557: [108] m.c.plugin:WARNING: Caught will_solve in state None, but failed to capture its initialization
2022-05-31 16:20:50,608: [106] m.c.manticore:INFO: Generated testcase No. 3 - STOP(4 txs)
2022-05-31 16:20:50,610: [106] m.c.plugin:WARNING: Caught will_solve in state None, but failed to capture its initialization
2022-05-31 16:22:29,518: [14] m.c.manticore:INFO: Results in /mcore_gm_8342o
2022-05-31 16:22:29,519: [14] m.c.manticore:INFO: Total time: 269.24764466285706