2022-06-02 10:39:38,077: [14] m.main:INFO: Registered plugins: IntrospectionAPIPlugin, <class 'manticore.ethereum.plugins.SkipRevertBasicBlocks'>, <class 'manticore.ethereum.plugins.FilterFunctions'>
2022-06-02 10:39:38,078: [14] m.main:INFO: Beginning analysis
2022-06-02 10:39:38,081: [14] m.e.manticore:INFO: Starting symbolic create contract
2022-06-02 10:39:38,603: [14] m.e.manticore:INFO: Starting symbolic transaction: 0
2022-06-02 10:39:40,627: [14] m.e.manticore:INFO: 2 alive states, 1 terminated states
2022-06-02 10:39:40,785: [14] m.e.manticore:INFO: Starting symbolic transaction: 1
2022-06-02 10:39:45,224: [14] m.e.manticore:INFO: 4 alive states, 1 terminated states
2022-06-02 10:39:45,369: [14] m.e.manticore:INFO: Starting symbolic transaction: 2
2022-06-02 10:39:54,670: [14] m.e.manticore:INFO: 8 alive states, 1 terminated states
2022-06-02 10:39:54,957: [132] m.c.manticore:INFO: Generated testcase No. 0 - STOP(4 txs)
2022-06-02 10:39:54,958: [132] m.c.plugin:WARNING: Caught will_solve in state None, but failed to capture its initialization
2022-06-02 10:39:54,963: [123] m.c.manticore:INFO: Generated testcase No. 1 - STOP(4 txs)
2022-06-02 10:39:54,964: [128] m.c.manticore:INFO: Generated testcase No. 2 - STOP(4 txs)
2022-06-02 10:39:54,964: [127] m.c.manticore:INFO: Generated testcase No. 3 - STOP(4 txs)
2022-06-02 10:39:54,964: [123] m.c.plugin:WARNING: Caught will_solve in state None, but failed to capture its initialization
2022-06-02 10:39:54,965: [125] m.c.manticore:INFO: Generated testcase No. 4 - STOP(4 txs)
2022-06-02 10:39:54,965: [128] m.c.plugin:WARNING: Caught will_solve in state None, but failed to capture its initialization
2022-06-02 10:39:54,966: [127] m.c.plugin:WARNING: Caught will_solve in state None, but failed to capture its initialization
2022-06-02 10:39:54,966: [125] m.c.plugin:WARNING: Caught will_solve in state None, but failed to capture its initialization
2022-06-02 10:39:54,979: [124] m.c.manticore:INFO: Generated testcase No. 5 - STOP(4 txs)
2022-06-02 10:39:54,980: [124] m.c.plugin:WARNING: Caught will_solve in state None, but failed to capture its initialization
2022-06-02 10:39:55,026: [122] m.c.manticore:INFO: Generated testcase No. 6 - STOP(4 txs)
2022-06-02 10:39:55,028: [122] m.c.plugin:WARNING: Caught will_solve in state None, but failed to capture its initialization
2022-06-02 10:39:55,032: [121] m.c.manticore:INFO: Generated testcase No. 7 - STOP(4 txs)
2022-06-02 10:39:55,033: [121] m.c.plugin:WARNING: Caught will_solve in state None, but failed to capture its initialization
2022-06-02 10:39:58,436: [14] m.c.manticore:INFO: Results in /mcore_ai7i_dci
2022-06-02 10:39:58,436: [14] m.c.manticore:INFO: Total time: 13.037545442581177