2022-06-02 13:11:37,565: [14] m.main:INFO: Registered plugins: IntrospectionAPIPlugin, <class 'manticore.ethereum.plugins.SkipRevertBasicBlocks'>, <class 'manticore.ethereum.plugins.FilterFunctions'>
2022-06-02 13:11:37,566: [14] m.main:INFO: Beginning analysis
2022-06-02 13:11:37,570: [14] m.e.manticore:INFO: Starting symbolic create contract
2022-06-02 13:11:38,439: [14] m.e.manticore:INFO: Starting symbolic transaction: 0
2022-06-02 13:11:45,766: [14] m.e.manticore:INFO: 2 alive states, 1 terminated states
2022-06-02 13:11:46,204: [14] m.e.manticore:INFO: Starting symbolic transaction: 1
2022-06-02 13:12:03,567: [14] m.e.manticore:INFO: 4 alive states, 1 terminated states
2022-06-02 13:12:03,996: [92] m.c.manticore:INFO: Generated testcase No. 0 - STOP(3 txs)
2022-06-02 13:12:03,997: [92] m.c.plugin:WARNING: Caught will_solve in state None, but failed to capture its initialization
2022-06-02 13:12:04,082: [97] m.c.manticore:INFO: Generated testcase No. 1 - STOP(3 txs)
2022-06-02 13:12:04,083: [97] m.c.plugin:WARNING: Caught will_solve in state None, but failed to capture its initialization
2022-06-02 13:12:04,106: [93] m.c.manticore:INFO: Generated testcase No. 2 - STOP(3 txs)
2022-06-02 13:12:04,108: [93] m.c.plugin:WARNING: Caught will_solve in state None, but failed to capture its initialization
2022-06-02 13:12:04,112: [98] m.c.manticore:INFO: Generated testcase No. 3 - STOP(3 txs)
2022-06-02 13:12:04,113: [98] m.c.plugin:WARNING: Caught will_solve in state None, but failed to capture its initialization
2022-06-02 13:12:05,955: [14] m.c.manticore:INFO: Results in /mcore_d1y20vcz
2022-06-02 13:12:05,955: [14] m.c.manticore:INFO: Total time: 19.723055362701416
2022-06-02 13:12:07,308: [123] m.main:INFO: Registered plugins: IntrospectionAPIPlugin, <class 'manticore.ethereum.plugins.SkipRevertBasicBlocks'>, <class 'manticore.ethereum.plugins.FilterFunctions'>
2022-06-02 13:12:07,308: [123] m.main:INFO: Beginning analysis
2022-06-02 13:12:07,312: [123] m.e.manticore:INFO: Starting symbolic create contract
2022-06-02 13:12:08,923: [123] m.e.manticore:INFO: Starting symbolic transaction: 0
2022-06-02 13:12:36,772: [123] m.e.manticore:INFO: 3 alive states, 1 terminated states
2022-06-02 13:12:37,330: [123] m.e.manticore:INFO: Starting symbolic transaction: 1
2022-06-02 13:14:15,154: [123] m.e.manticore:INFO: 9 alive states, 1 terminated states
2022-06-02 13:14:15,848: [213] m.c.manticore:INFO: Generated testcase No. 0 - STOP(3 txs)
2022-06-02 13:14:15,850: [213] m.c.plugin:WARNING: Caught will_solve in state None, but failed to capture its initialization
2022-06-02 13:14:15,875: [214] m.c.manticore:INFO: Generated testcase No. 1 - STOP(3 txs)
2022-06-02 13:14:15,877: [214] m.c.plugin:WARNING: Caught will_solve in state None, but failed to capture its initialization
2022-06-02 13:14:15,928: [215] m.c.manticore:INFO: Generated testcase No. 2 - STOP(3 txs)
2022-06-02 13:14:15,930: [215] m.c.plugin:WARNING: Caught will_solve in state None, but failed to capture its initialization
2022-06-02 13:14:15,934: [218] m.c.manticore:INFO: Generated testcase No. 3 - STOP(3 txs)
2022-06-02 13:14:15,936: [218] m.c.plugin:WARNING: Caught will_solve in state None, but failed to capture its initialization
2022-06-02 13:14:15,977: [224] m.c.manticore:INFO: Generated testcase No. 4 - STOP(3 txs)
2022-06-02 13:14:15,980: [224] m.c.plugin:WARNING: Caught will_solve in state None, but failed to capture its initialization
2022-06-02 13:14:15,995: [223] m.c.manticore:INFO: Generated testcase No. 5 - STOP(3 txs)
2022-06-02 13:14:15,995: [221] m.c.manticore:INFO: Generated testcase No. 6 - STOP(3 txs)
2022-06-02 13:14:15,996: [223] m.c.plugin:WARNING: Caught will_solve in state None, but failed to capture its initialization
2022-06-02 13:14:15,997: [221] m.c.plugin:WARNING: Caught will_solve in state None, but failed to capture its initialization
2022-06-02 13:14:16,016: [222] m.c.manticore:INFO: Generated testcase No. 7 - STOP(3 txs)
2022-06-02 13:14:16,018: [222] m.c.plugin:WARNING: Caught will_solve in state None, but failed to capture its initialization
2022-06-02 13:14:16,042: [219] m.c.manticore:INFO: Generated testcase No. 8 - STOP(3 txs)
2022-06-02 13:14:16,044: [219] m.c.plugin:WARNING: Caught will_solve in state None, but failed to capture its initialization
2022-06-02 13:14:19,638: [123] m.c.manticore:INFO: Results in /mcore_41qw33om
2022-06-02 13:14:19,639: [123] m.c.manticore:INFO: Total time: 102.23223972320557
2022-06-02 13:14:20,961: [256] m.main:INFO: Registered plugins: IntrospectionAPIPlugin, <class 'manticore.ethereum.plugins.SkipRevertBasicBlocks'>, <class 'manticore.ethereum.plugins.FilterFunctions'>
2022-06-02 13:14:20,962: [256] m.main:INFO: Beginning analysis
2022-06-02 13:14:20,965: [256] m.e.manticore:INFO: Starting symbolic create contract
2022-06-02 13:14:23,737: [256] m.e.manticore:INFO: Starting symbolic transaction: 0
2022-06-02 13:16:07,807: [256] m.e.manticore:INFO: Found a concrete globalsha3 b'\x00\x00\x00\x00\x00\x00\x00\x00\x00\x00\x00\x00\x00\x00\x00\x00\x00\x00\x00\x00\x00\x00\x00\x00\x00\x00\x00\x00\x00\x02\x00\x00\x00\x00\x00\x00\x00\x00\x00\x00\x00\x00\x00\x00\x00\x00\x00\x00\x00\x00\x00\x00\x00\x00\x00\x00\x00\x00\x00\x00\x00\x00\x00\x04' -> 93405925606848684242376394016972829529189361045273175667784367156876440055338
2022-06-02 13:16:43,382: [256] m.e.manticore:INFO: 8 alive states, 1 terminated states
2022-06-02 13:16:44,685: [256] m.e.manticore:INFO: Starting symbolic transaction: 1
2022-06-02 13:40:56,772: [256] m.e.manticore:INFO: 64 alive states, 1 terminated states
2022-06-02 13:40:58,457: [355] m.c.manticore:INFO: Generated testcase No. 0 - STOP(3 txs)
2022-06-02 13:40:58,459: [355] m.c.plugin:WARNING: Caught will_solve in state None, but failed to capture its initialization
2022-06-02 13:40:58,460: [356] m.c.manticore:INFO: Generated testcase No. 1 - STOP(3 txs)
2022-06-02 13:40:58,462: [356] m.c.plugin:WARNING: Caught will_solve in state None, but failed to capture its initialization
2022-06-02 13:40:58,525: [343] m.c.manticore:INFO: Generated testcase No. 3 - STOP(3 txs)
2022-06-02 13:40:58,526: [343] m.c.plugin:WARNING: Caught will_solve in state None, but failed to capture its initialization
2022-06-02 13:40:58,539: [354] m.c.manticore:INFO: Generated testcase No. 2 - STOP(3 txs)
2022-06-02 13:40:58,541: [354] m.c.plugin:WARNING: Caught will_solve in state None, but failed to capture its initialization
2022-06-02 13:40:58,598: [348] m.c.manticore:INFO: Generated testcase No. 4 - STOP(3 txs)
2022-06-02 13:40:58,599: [348] m.c.plugin:WARNING: Caught will_solve in state None, but failed to capture its initialization
2022-06-02 13:40:58,681: [350] m.c.manticore:INFO: Generated testcase No. 5 - STOP(3 txs)
2022-06-02 13:40:58,682: [350] m.c.plugin:WARNING: Caught will_solve in state None, but failed to capture its initialization
2022-06-02 13:40:58,710: [351] m.c.manticore:INFO: Generated testcase No. 7 - STOP(3 txs)
2022-06-02 13:40:58,711: [351] m.c.plugin:WARNING: Caught will_solve in state None, but failed to capture its initialization
2022-06-02 13:40:58,724: [347] m.c.manticore:INFO: Generated testcase No. 6 - STOP(3 txs)
2022-06-02 13:40:58,726: [347] m.c.plugin:WARNING: Caught will_solve in state None, but failed to capture its initialization
2022-06-02 13:40:58,735: [344] m.c.manticore:INFO: Generated testcase No. 8 - STOP(3 txs)
2022-06-02 13:40:58,737: [344] m.c.plugin:WARNING: Caught will_solve in state None, but failed to capture its initialization
2022-06-02 13:40:58,781: [345] m.c.manticore:INFO: Generated testcase No. 9 - STOP(3 txs)
2022-06-02 13:40:58,783: [345] m.c.plugin:WARNING: Caught will_solve in state None, but failed to capture its initialization
2022-06-02 13:40:58,829: [353] m.c.manticore:INFO: Generated testcase No. 10 - STOP(3 txs)
2022-06-02 13:40:58,831: [353] m.c.plugin:WARNING: Caught will_solve in state None, but failed to capture its initialization
2022-06-02 13:41:04,854: [355] m.c.manticore:INFO: Generated testcase No. 11 - STOP(3 txs)
2022-06-02 13:41:05,306: [356] m.c.manticore:INFO: Generated testcase No. 12 - STOP(3 txs)
2022-06-02 13:41:05,729: [354] m.c.manticore:INFO: Generated testcase No. 13 - STOP(3 txs)
2022-06-02 13:41:06,215: [350] m.c.manticore:INFO: Generated testcase No. 14 - STOP(3 txs)
2022-06-02 13:41:06,822: [351] m.c.manticore:INFO: Generated testcase No. 15 - STOP(3 txs)
2022-06-02 13:41:06,846: [347] m.c.manticore:INFO: Generated testcase No. 16 - STOP(3 txs)
2022-06-02 13:41:07,129: [343] m.c.manticore:INFO: Generated testcase No. 17 - STOP(3 txs)
2022-06-02 13:41:07,276: [348] m.c.manticore:INFO: Generated testcase No. 18 - STOP(3 txs)
2022-06-02 13:41:07,418: [345] m.c.manticore:INFO: Generated testcase No. 19 - STOP(3 txs)
2022-06-02 13:41:07,824: [344] m.c.manticore:INFO: Generated testcase No. 20 - STOP(3 txs)
2022-06-02 13:41:08,160: [353] m.c.manticore:INFO: Generated testcase No. 21 - STOP(3 txs)
2022-06-02 13:41:11,614: [354] m.c.manticore:INFO: Generated testcase No. 22 - STOP(3 txs)
2022-06-02 13:41:11,752: [356] m.c.manticore:INFO: Generated testcase No. 23 - STOP(3 txs)
2022-06-02 13:41:11,881: [355] m.c.manticore:INFO: Generated testcase No. 24 - STOP(3 txs)
2022-06-02 13:41:12,184: [350] m.c.manticore:INFO: Generated testcase No. 25 - STOP(3 txs)
2022-06-02 13:41:12,883: [347] m.c.manticore:INFO: Generated testcase No. 26 - STOP(3 txs)
2022-06-02 13:41:13,154: [351] m.c.manticore:INFO: Generated testcase No. 27 - STOP(3 txs)
2022-06-02 13:41:13,172: [348] m.c.manticore:INFO: Generated testcase No. 28 - STOP(3 txs)
2022-06-02 13:41:13,408: [345] m.c.manticore:INFO: Generated testcase No. 29 - STOP(3 txs)
2022-06-02 13:41:13,869: [343] m.c.manticore:INFO: Generated testcase No. 30 - STOP(3 txs)
2022-06-02 13:41:14,461: [353] m.c.manticore:INFO: Generated testcase No. 31 - STOP(3 txs)
2022-06-02 13:41:15,213: [344] m.c.manticore:INFO: Generated testcase No. 32 - STOP(3 txs)
2022-06-02 13:41:17,895: [356] m.c.manticore:INFO: Generated testcase No. 33 - STOP(3 txs)
2022-06-02 13:41:18,422: [355] m.c.manticore:INFO: Generated testcase No. 34 - STOP(3 txs)
2022-06-02 13:41:18,633: [350] m.c.manticore:INFO: Generated testcase No. 35 - STOP(3 txs)
2022-06-02 13:41:18,951: [354] m.c.manticore:INFO: Generated testcase No. 36 - STOP(3 txs)
2022-06-02 13:41:19,298: [348] m.c.manticore:INFO: Generated testcase No. 37 - STOP(3 txs)
2022-06-02 13:41:19,504: [347] m.c.manticore:INFO: Generated testcase No. 38 - STOP(3 txs)
2022-06-02 13:41:19,673: [345] m.c.manticore:INFO: Generated testcase No. 39 - STOP(3 txs)
2022-06-02 13:41:19,826: [351] m.c.manticore:INFO: Generated testcase No. 40 - STOP(3 txs)
2022-06-02 13:41:19,963: [343] m.c.manticore:INFO: Generated testcase No. 41 - STOP(3 txs)
2022-06-02 13:41:20,985: [353] m.c.manticore:INFO: Generated testcase No. 42 - STOP(3 txs)
2022-06-02 13:41:21,466: [344] m.c.manticore:INFO: Generated testcase No. 43 - STOP(3 txs)
2022-06-02 13:41:24,404: [356] m.c.manticore:INFO: Generated testcase No. 44 - STOP(3 txs)
2022-06-02 13:41:24,444: [355] m.c.manticore:INFO: Generated testcase No. 45 - STOP(3 txs)
2022-06-02 13:41:25,199: [350] m.c.manticore:INFO: Generated testcase No. 46 - STOP(3 txs)
2022-06-02 13:41:25,306: [354] m.c.manticore:INFO: Generated testcase No. 47 - STOP(3 txs)
2022-06-02 13:41:25,434: [345] m.c.manticore:INFO: Generated testcase No. 48 - STOP(3 txs)
2022-06-02 13:41:25,463: [348] m.c.manticore:INFO: Generated testcase No. 49 - STOP(3 txs)
2022-06-02 13:41:26,461: [343] m.c.manticore:INFO: Generated testcase No. 50 - STOP(3 txs)
2022-06-02 13:41:26,493: [353] m.c.manticore:INFO: Generated testcase No. 51 - STOP(3 txs)
2022-06-02 13:41:26,538: [347] m.c.manticore:INFO: Generated testcase No. 52 - STOP(3 txs)
2022-06-02 13:41:26,580: [351] m.c.manticore:INFO: Generated testcase No. 53 - STOP(3 txs)
2022-06-02 13:41:27,369: [344] m.c.manticore:INFO: Generated testcase No. 54 - STOP(3 txs)
2022-06-02 13:41:30,120: [356] m.c.manticore:INFO: Generated testcase No. 55 - STOP(3 txs)
2022-06-02 13:41:30,557: [355] m.c.manticore:INFO: Generated testcase No. 56 - STOP(3 txs)
2022-06-02 13:41:31,385: [345] m.c.manticore:INFO: Generated testcase No. 57 - STOP(3 txs)
2022-06-02 13:41:31,656: [350] m.c.manticore:INFO: Generated testcase No. 58 - STOP(3 txs)
2022-06-02 13:41:31,824: [354] m.c.manticore:INFO: Generated testcase No. 59 - STOP(3 txs)
2022-06-02 13:41:32,381: [353] m.c.manticore:INFO: Generated testcase No. 60 - STOP(3 txs)
2022-06-02 13:41:32,741: [351] m.c.manticore:INFO: Generated testcase No. 61 - STOP(3 txs)
2022-06-02 13:41:32,890: [343] m.c.manticore:INFO: Generated testcase No. 62 - STOP(3 txs)
2022-06-02 13:41:33,049: [347] m.c.manticore:INFO: Generated testcase No. 63 - STOP(3 txs)