Directories in use:
home:         /var/lib/neo4j
config:       /etc/neo4j
logs:         /var/log/neo4j
plugins:      /var/lib/neo4j/plugins
import:       /var/lib/neo4j/import
data:         /var/lib/neo4j/data
certificates: /var/lib/neo4j/certificates
licenses:     /var/lib/neo4j/licenses
run:          /var/lib/neo4j/run
Starting Neo4j.
Started neo4j (pid:34). It is available at http://localhost:7474
There may be a short delay until the server is ready.
Neo4j is not running.
Neo4j is not running.
Neo4j is running.
/data/multiowned_vulnerable.sol
22:00:52.742 [ForkJoinPool.commonPool-worker-3] ERROR de.fraunhofer.aisec.cpg.graph.TypeManager - Unknown language (frontend: SolidityLanguageFrontend)
22:00:52.745 [ForkJoinPool.commonPool-worker-3] ERROR de.fraunhofer.aisec.cpg.graph.TypeManager - Unknown language (frontend: SolidityLanguageFrontend)
22:00:52.745 [ForkJoinPool.commonPool-worker-3] ERROR de.fraunhofer.aisec.cpg.graph.TypeManager - Unknown language (frontend: SolidityLanguageFrontend)
22:00:52.746 [ForkJoinPool.commonPool-worker-3] ERROR de.fraunhofer.aisec.cpg.graph.TypeManager - Unknown language (frontend: SolidityLanguageFrontend)
22:00:52.746 [ForkJoinPool.commonPool-worker-3] ERROR de.fraunhofer.aisec.cpg.graph.TypeManager - Unknown language (frontend: SolidityLanguageFrontend)
22:00:52.752 [ForkJoinPool.commonPool-worker-3] ERROR de.fraunhofer.aisec.cpg.graph.TypeManager - Unknown language (frontend: SolidityLanguageFrontend)
22:00:52.752 [ForkJoinPool.commonPool-worker-3] ERROR de.fraunhofer.aisec.cpg.graph.TypeManager - Unknown language (frontend: SolidityLanguageFrontend)
22:00:52.753 [ForkJoinPool.commonPool-worker-3] ERROR de.fraunhofer.aisec.cpg.graph.TypeManager - Unknown language (frontend: SolidityLanguageFrontend)
22:00:52.753 [ForkJoinPool.commonPool-worker-3] ERROR de.fraunhofer.aisec.cpg.graph.TypeManager - Unknown language (frontend: SolidityLanguageFrontend)
22:00:52.753 [ForkJoinPool.commonPool-worker-3] ERROR de.fraunhofer.aisec.cpg.graph.TypeManager - Unknown language (frontend: SolidityLanguageFrontend)
22:00:52.755 [ForkJoinPool.commonPool-worker-3] ERROR de.fraunhofer.aisec.cpg.graph.TypeManager - Unknown language (frontend: SolidityLanguageFrontend)
22:00:52.756 [ForkJoinPool.commonPool-worker-3] ERROR de.fraunhofer.aisec.cpg.graph.TypeManager - Unknown language (frontend: SolidityLanguageFrontend)
22:00:52.756 [ForkJoinPool.commonPool-worker-3] ERROR de.fraunhofer.aisec.cpg.graph.TypeManager - Unknown language (frontend: SolidityLanguageFrontend)
22:00:52.756 [ForkJoinPool.commonPool-worker-3] ERROR de.fraunhofer.aisec.cpg.graph.TypeManager - Unknown language (frontend: SolidityLanguageFrontend)
22:00:52.756 [ForkJoinPool.commonPool-worker-3] ERROR de.fraunhofer.aisec.cpg.graph.TypeManager - Unknown language (frontend: SolidityLanguageFrontend)
22:00:52.765 [ForkJoinPool.commonPool-worker-3] ERROR de.fraunhofer.aisec.cpg.graph.TypeManager - Unknown language (frontend: SolidityLanguageFrontend)
22:00:52.765 [ForkJoinPool.commonPool-worker-3] ERROR de.fraunhofer.aisec.cpg.graph.TypeManager - Unknown language (frontend: SolidityLanguageFrontend)
22:00:52.765 [ForkJoinPool.commonPool-worker-3] ERROR de.fraunhofer.aisec.cpg.graph.TypeManager - Unknown language (frontend: SolidityLanguageFrontend)
22:00:52.765 [ForkJoinPool.commonPool-worker-3] ERROR de.fraunhofer.aisec.cpg.graph.TypeManager - Unknown language (frontend: SolidityLanguageFrontend)
22:00:52.765 [ForkJoinPool.commonPool-worker-3] ERROR de.fraunhofer.aisec.cpg.graph.TypeManager - Unknown language (frontend: SolidityLanguageFrontend)
22:00:52.774 [ForkJoinPool.commonPool-worker-3] ERROR de.fraunhofer.aisec.cpg.graph.TypeManager - Unknown language (frontend: SolidityLanguageFrontend)
22:00:52.774 [ForkJoinPool.commonPool-worker-3] ERROR de.fraunhofer.aisec.cpg.graph.TypeManager - Unknown language (frontend: SolidityLanguageFrontend)
22:00:52.774 [ForkJoinPool.commonPool-worker-3] ERROR de.fraunhofer.aisec.cpg.graph.TypeManager - Unknown language (frontend: SolidityLanguageFrontend)
22:00:52.774 [ForkJoinPool.commonPool-worker-3] ERROR de.fraunhofer.aisec.cpg.graph.TypeManager - Unknown language (frontend: SolidityLanguageFrontend)
22:00:52.774 [ForkJoinPool.commonPool-worker-3] ERROR de.fraunhofer.aisec.cpg.graph.TypeManager - Unknown language (frontend: SolidityLanguageFrontend)
22:00:52.775 [ForkJoinPool.commonPool-worker-3] ERROR de.fraunhofer.aisec.cpg.graph.TypeManager - Unknown language (frontend: SolidityLanguageFrontend)
22:00:52.775 [ForkJoinPool.commonPool-worker-3] ERROR de.fraunhofer.aisec.cpg.graph.TypeManager - Unknown language (frontend: SolidityLanguageFrontend)
22:00:52.775 [ForkJoinPool.commonPool-worker-3] ERROR de.fraunhofer.aisec.cpg.graph.TypeManager - Unknown language (frontend: SolidityLanguageFrontend)
22:00:52.775 [ForkJoinPool.commonPool-worker-3] ERROR de.fraunhofer.aisec.cpg.graph.TypeManager - Unknown language (frontend: SolidityLanguageFrontend)
22:00:52.776 [ForkJoinPool.commonPool-worker-3] ERROR de.fraunhofer.aisec.cpg.graph.TypeManager - Unknown language (frontend: SolidityLanguageFrontend)
22:00:52.778 [ForkJoinPool.commonPool-worker-3] ERROR de.fraunhofer.aisec.cpg.graph.TypeManager - Unknown language (frontend: SolidityLanguageFrontend)
22:00:52.779 [ForkJoinPool.commonPool-worker-3] ERROR de.fraunhofer.aisec.cpg.graph.TypeManager - Unknown language (frontend: SolidityLanguageFrontend)
22:00:52.779 [ForkJoinPool.commonPool-worker-3] ERROR de.fraunhofer.aisec.cpg.graph.TypeManager - Unknown language (frontend: SolidityLanguageFrontend)
22:00:52.779 [ForkJoinPool.commonPool-worker-3] ERROR de.fraunhofer.aisec.cpg.graph.TypeManager - Unknown language (frontend: SolidityLanguageFrontend)
22:00:52.779 [ForkJoinPool.commonPool-worker-3] ERROR de.fraunhofer.aisec.cpg.graph.TypeManager - Unknown language (frontend: SolidityLanguageFrontend)
22:00:52.780 [ForkJoinPool.commonPool-worker-3] ERROR de.fraunhofer.aisec.cpg.graph.TypeManager - Unknown language (frontend: SolidityLanguageFrontend)
22:00:52.780 [ForkJoinPool.commonPool-worker-3] ERROR de.fraunhofer.aisec.cpg.graph.TypeManager - Unknown language (frontend: SolidityLanguageFrontend)
22:00:52.780 [ForkJoinPool.commonPool-worker-3] ERROR de.fraunhofer.aisec.cpg.graph.TypeManager - Unknown language (frontend: SolidityLanguageFrontend)
22:00:52.780 [ForkJoinPool.commonPool-worker-3] ERROR de.fraunhofer.aisec.cpg.graph.TypeManager - Unknown language (frontend: SolidityLanguageFrontend)
22:00:52.780 [ForkJoinPool.commonPool-worker-3] ERROR de.fraunhofer.aisec.cpg.graph.TypeManager - Unknown language (frontend: SolidityLanguageFrontend)
22:00:52.781 [ForkJoinPool.commonPool-worker-3] ERROR de.fraunhofer.aisec.cpg.graph.TypeManager - Unknown language (frontend: SolidityLanguageFrontend)
22:00:52.781 [ForkJoinPool.commonPool-worker-3] ERROR de.fraunhofer.aisec.cpg.graph.TypeManager - Unknown language (frontend: SolidityLanguageFrontend)
22:00:52.782 [ForkJoinPool.commonPool-worker-3] ERROR de.fraunhofer.aisec.cpg.graph.TypeManager - Unknown language (frontend: SolidityLanguageFrontend)
22:00:52.782 [ForkJoinPool.commonPool-worker-3] ERROR de.fraunhofer.aisec.cpg.graph.TypeManager - Unknown language (frontend: SolidityLanguageFrontend)
22:00:52.782 [ForkJoinPool.commonPool-worker-3] ERROR de.fraunhofer.aisec.cpg.graph.TypeManager - Unknown language (frontend: SolidityLanguageFrontend)
22:00:52.783 [ForkJoinPool.commonPool-worker-3] ERROR de.fraunhofer.aisec.cpg.graph.TypeManager - Unknown language (frontend: SolidityLanguageFrontend)
22:00:52.783 [ForkJoinPool.commonPool-worker-3] ERROR de.fraunhofer.aisec.cpg.graph.TypeManager - Unknown language (frontend: SolidityLanguageFrontend)
22:00:52.783 [ForkJoinPool.commonPool-worker-3] ERROR de.fraunhofer.aisec.cpg.graph.TypeManager - Unknown language (frontend: SolidityLanguageFrontend)
22:00:52.783 [ForkJoinPool.commonPool-worker-3] ERROR de.fraunhofer.aisec.cpg.graph.TypeManager - Unknown language (frontend: SolidityLanguageFrontend)
22:00:52.784 [ForkJoinPool.commonPool-worker-3] ERROR de.fraunhofer.aisec.cpg.graph.TypeManager - Unknown language (frontend: SolidityLanguageFrontend)
22:00:52.784 [ForkJoinPool.commonPool-worker-3] ERROR de.fraunhofer.aisec.cpg.graph.TypeManager - Unknown language (frontend: SolidityLanguageFrontend)
22:00:52.784 [ForkJoinPool.commonPool-worker-3] ERROR de.fraunhofer.aisec.cpg.graph.TypeManager - Unknown language (frontend: SolidityLanguageFrontend)
22:00:52.784 [ForkJoinPool.commonPool-worker-3] ERROR de.fraunhofer.aisec.cpg.graph.TypeManager - Unknown language (frontend: SolidityLanguageFrontend)
22:00:52.785 [ForkJoinPool.commonPool-worker-3] ERROR de.fraunhofer.aisec.cpg.graph.TypeManager - Unknown language (frontend: SolidityLanguageFrontend)
22:00:52.785 [ForkJoinPool.commonPool-worker-3] ERROR de.fraunhofer.aisec.cpg.graph.TypeManager - Unknown language (frontend: SolidityLanguageFrontend)
22:00:52.785 [ForkJoinPool.commonPool-worker-3] ERROR de.fraunhofer.aisec.cpg.graph.TypeManager - Unknown language (frontend: SolidityLanguageFrontend)
22:00:52.785 [ForkJoinPool.commonPool-worker-3] ERROR de.fraunhofer.aisec.cpg.graph.TypeManager - Unknown language (frontend: SolidityLanguageFrontend)
22:00:52.785 [ForkJoinPool.commonPool-worker-3] ERROR de.fraunhofer.aisec.cpg.graph.TypeManager - Unknown language (frontend: SolidityLanguageFrontend)
22:00:52.786 [ForkJoinPool.commonPool-worker-3] ERROR de.fraunhofer.aisec.cpg.graph.TypeManager - Unknown language (frontend: SolidityLanguageFrontend)
22:00:52.786 [ForkJoinPool.commonPool-worker-3] ERROR de.fraunhofer.aisec.cpg.graph.TypeManager - Unknown language (frontend: SolidityLanguageFrontend)
22:00:52.786 [ForkJoinPool.commonPool-worker-3] ERROR de.fraunhofer.aisec.cpg.graph.TypeManager - Unknown language (frontend: SolidityLanguageFrontend)
22:00:52.786 [ForkJoinPool.commonPool-worker-3] ERROR de.fraunhofer.aisec.cpg.graph.TypeManager - Unknown language (frontend: SolidityLanguageFrontend)
22:00:52.786 [ForkJoinPool.commonPool-worker-3] ERROR de.fraunhofer.aisec.cpg.graph.TypeManager - Unknown language (frontend: SolidityLanguageFrontend)
22:00:52.787 [ForkJoinPool.commonPool-worker-3] ERROR de.fraunhofer.aisec.cpg.graph.TypeManager - Unknown language (frontend: SolidityLanguageFrontend)
22:00:52.787 [ForkJoinPool.commonPool-worker-3] ERROR de.fraunhofer.aisec.cpg.graph.TypeManager - Unknown language (frontend: SolidityLanguageFrontend)
22:00:52.787 [ForkJoinPool.commonPool-worker-3] ERROR de.fraunhofer.aisec.cpg.graph.TypeManager - Unknown language (frontend: SolidityLanguageFrontend)
22:00:52.788 [ForkJoinPool.commonPool-worker-3] ERROR de.fraunhofer.aisec.cpg.graph.TypeManager - Unknown language (frontend: SolidityLanguageFrontend)
22:00:52.788 [ForkJoinPool.commonPool-worker-3] ERROR de.fraunhofer.aisec.cpg.graph.TypeManager - Unknown language (frontend: SolidityLanguageFrontend)
22:00:52.788 [ForkJoinPool.commonPool-worker-3] ERROR de.fraunhofer.aisec.cpg.graph.TypeManager - Unknown language (frontend: SolidityLanguageFrontend)
22:00:52.788 [ForkJoinPool.commonPool-worker-3] ERROR de.fraunhofer.aisec.cpg.graph.TypeManager - Unknown language (frontend: SolidityLanguageFrontend)
22:00:52.789 [ForkJoinPool.commonPool-worker-3] ERROR de.fraunhofer.aisec.cpg.graph.TypeManager - Unknown language (frontend: SolidityLanguageFrontend)
22:00:52.789 [ForkJoinPool.commonPool-worker-3] ERROR de.fraunhofer.aisec.cpg.graph.TypeManager - Unknown language (frontend: SolidityLanguageFrontend)
22:00:52.789 [ForkJoinPool.commonPool-worker-3] ERROR de.fraunhofer.aisec.cpg.graph.TypeManager - Unknown language (frontend: SolidityLanguageFrontend)
22:00:52.789 [ForkJoinPool.commonPool-worker-3] ERROR de.fraunhofer.aisec.cpg.graph.TypeManager - Unknown language (frontend: SolidityLanguageFrontend)
22:00:52.790 [ForkJoinPool.commonPool-worker-3] ERROR de.fraunhofer.aisec.cpg.graph.TypeManager - Unknown language (frontend: SolidityLanguageFrontend)
22:00:52.792 [ForkJoinPool.commonPool-worker-3] ERROR de.fraunhofer.aisec.cpg.graph.TypeManager - Unknown language (frontend: SolidityLanguageFrontend)
22:00:52.792 [ForkJoinPool.commonPool-worker-3] ERROR de.fraunhofer.aisec.cpg.graph.TypeManager - Unknown language (frontend: SolidityLanguageFrontend)
22:00:52.792 [ForkJoinPool.commonPool-worker-3] ERROR de.fraunhofer.aisec.cpg.graph.TypeManager - Unknown language (frontend: SolidityLanguageFrontend)
22:00:52.792 [ForkJoinPool.commonPool-worker-3] ERROR de.fraunhofer.aisec.cpg.graph.TypeManager - Unknown language (frontend: SolidityLanguageFrontend)
22:00:52.793 [ForkJoinPool.commonPool-worker-3] ERROR de.fraunhofer.aisec.cpg.graph.TypeManager - Unknown language (frontend: SolidityLanguageFrontend)
22:00:52.795 [ForkJoinPool.commonPool-worker-3] ERROR de.fraunhofer.aisec.cpg.graph.TypeManager - Unknown language (frontend: SolidityLanguageFrontend)
22:00:52.796 [ForkJoinPool.commonPool-worker-3] ERROR de.fraunhofer.aisec.cpg.graph.TypeManager - Unknown language (frontend: SolidityLanguageFrontend)
22:00:52.796 [ForkJoinPool.commonPool-worker-3] ERROR de.fraunhofer.aisec.cpg.graph.TypeManager - Unknown language (frontend: SolidityLanguageFrontend)
22:00:52.796 [ForkJoinPool.commonPool-worker-3] ERROR de.fraunhofer.aisec.cpg.graph.TypeManager - Unknown language (frontend: SolidityLanguageFrontend)
22:00:52.796 [ForkJoinPool.commonPool-worker-3] ERROR de.fraunhofer.aisec.cpg.graph.TypeManager - Unknown language (frontend: SolidityLanguageFrontend)
22:00:52.799 [ForkJoinPool.commonPool-worker-3] ERROR de.fraunhofer.aisec.cpg.graph.TypeManager - Unknown language (frontend: SolidityLanguageFrontend)
22:00:52.799 [ForkJoinPool.commonPool-worker-3] ERROR de.fraunhofer.aisec.cpg.graph.TypeManager - Unknown language (frontend: SolidityLanguageFrontend)
22:00:52.799 [ForkJoinPool.commonPool-worker-3] ERROR de.fraunhofer.aisec.cpg.graph.TypeManager - Unknown language (frontend: SolidityLanguageFrontend)
22:00:52.800 [ForkJoinPool.commonPool-worker-3] ERROR de.fraunhofer.aisec.cpg.graph.TypeManager - Unknown language (frontend: SolidityLanguageFrontend)
22:00:52.800 [ForkJoinPool.commonPool-worker-3] ERROR de.fraunhofer.aisec.cpg.graph.TypeManager - Unknown language (frontend: SolidityLanguageFrontend)
22:00:52.800 [ForkJoinPool.commonPool-worker-3] ERROR de.fraunhofer.aisec.cpg.graph.TypeManager - Unknown language (frontend: SolidityLanguageFrontend)
22:00:52.800 [ForkJoinPool.commonPool-worker-3] ERROR de.fraunhofer.aisec.cpg.graph.TypeManager - Unknown language (frontend: SolidityLanguageFrontend)
22:00:52.801 [ForkJoinPool.commonPool-worker-3] ERROR de.fraunhofer.aisec.cpg.graph.TypeManager - Unknown language (frontend: SolidityLanguageFrontend)
22:00:52.801 [ForkJoinPool.commonPool-worker-3] ERROR de.fraunhofer.aisec.cpg.graph.TypeManager - Unknown language (frontend: SolidityLanguageFrontend)
22:00:52.801 [ForkJoinPool.commonPool-worker-3] ERROR de.fraunhofer.aisec.cpg.graph.TypeManager - Unknown language (frontend: SolidityLanguageFrontend)
22:00:52.802 [ForkJoinPool.commonPool-worker-3] ERROR de.fraunhofer.aisec.cpg.graph.TypeManager - Unknown language (frontend: SolidityLanguageFrontend)
22:00:52.802 [ForkJoinPool.commonPool-worker-3] ERROR de.fraunhofer.aisec.cpg.graph.TypeManager - Unknown language (frontend: SolidityLanguageFrontend)
22:00:52.802 [ForkJoinPool.commonPool-worker-3] ERROR de.fraunhofer.aisec.cpg.graph.TypeManager - Unknown language (frontend: SolidityLanguageFrontend)
22:00:52.802 [ForkJoinPool.commonPool-worker-3] ERROR de.fraunhofer.aisec.cpg.graph.TypeManager - Unknown language (frontend: SolidityLanguageFrontend)
22:00:52.802 [ForkJoinPool.commonPool-worker-3] ERROR de.fraunhofer.aisec.cpg.graph.TypeManager - Unknown language (frontend: SolidityLanguageFrontend)
22:00:52.803 [ForkJoinPool.commonPool-worker-3] ERROR de.fraunhofer.aisec.cpg.graph.TypeManager - Unknown language (frontend: SolidityLanguageFrontend)
22:00:52.803 [ForkJoinPool.commonPool-worker-3] ERROR de.fraunhofer.aisec.cpg.graph.TypeManager - Unknown language (frontend: SolidityLanguageFrontend)
22:00:52.804 [ForkJoinPool.commonPool-worker-3] ERROR de.fraunhofer.aisec.cpg.graph.TypeManager - Unknown language (frontend: SolidityLanguageFrontend)
22:00:52.804 [ForkJoinPool.commonPool-worker-3] ERROR de.fraunhofer.aisec.cpg.graph.TypeManager - Unknown language (frontend: SolidityLanguageFrontend)
22:00:52.804 [ForkJoinPool.commonPool-worker-3] ERROR de.fraunhofer.aisec.cpg.graph.TypeManager - Unknown language (frontend: SolidityLanguageFrontend)
22:00:52.804 [ForkJoinPool.commonPool-worker-3] ERROR de.fraunhofer.aisec.cpg.graph.TypeManager - Unknown language (frontend: SolidityLanguageFrontend)
22:00:52.805 [ForkJoinPool.commonPool-worker-3] ERROR de.fraunhofer.aisec.cpg.graph.TypeManager - Unknown language (frontend: SolidityLanguageFrontend)
22:00:52.805 [ForkJoinPool.commonPool-worker-3] ERROR de.fraunhofer.aisec.cpg.graph.TypeManager - Unknown language (frontend: SolidityLanguageFrontend)
22:00:52.805 [ForkJoinPool.commonPool-worker-3] ERROR de.fraunhofer.aisec.cpg.graph.TypeManager - Unknown language (frontend: SolidityLanguageFrontend)
22:00:52.805 [ForkJoinPool.commonPool-worker-3] ERROR de.fraunhofer.aisec.cpg.graph.TypeManager - Unknown language (frontend: SolidityLanguageFrontend)
22:00:52.806 [ForkJoinPool.commonPool-worker-3] ERROR de.fraunhofer.aisec.cpg.graph.TypeManager - Unknown language (frontend: SolidityLanguageFrontend)
22:00:52.806 [ForkJoinPool.commonPool-worker-3] ERROR de.fraunhofer.aisec.cpg.graph.TypeManager - Unknown language (frontend: SolidityLanguageFrontend)
22:00:52.806 [ForkJoinPool.commonPool-worker-3] ERROR de.fraunhofer.aisec.cpg.graph.TypeManager - Unknown language (frontend: SolidityLanguageFrontend)
22:00:52.806 [ForkJoinPool.commonPool-worker-3] ERROR de.fraunhofer.aisec.cpg.graph.TypeManager - Unknown language (frontend: SolidityLanguageFrontend)
22:00:52.807 [ForkJoinPool.commonPool-worker-3] ERROR de.fraunhofer.aisec.cpg.graph.TypeManager - Unknown language (frontend: SolidityLanguageFrontend)
22:00:52.809 [ForkJoinPool.commonPool-worker-3] ERROR de.fraunhofer.aisec.cpg.graph.TypeManager - Unknown language (frontend: SolidityLanguageFrontend)
22:00:52.809 [ForkJoinPool.commonPool-worker-3] ERROR de.fraunhofer.aisec.cpg.graph.TypeManager - Unknown language (frontend: SolidityLanguageFrontend)
22:00:52.809 [ForkJoinPool.commonPool-worker-3] ERROR de.fraunhofer.aisec.cpg.graph.TypeManager - Unknown language (frontend: SolidityLanguageFrontend)
22:00:52.809 [ForkJoinPool.commonPool-worker-3] ERROR de.fraunhofer.aisec.cpg.graph.TypeManager - Unknown language (frontend: SolidityLanguageFrontend)
22:00:52.809 [ForkJoinPool.commonPool-worker-3] ERROR de.fraunhofer.aisec.cpg.graph.TypeManager - Unknown language (frontend: SolidityLanguageFrontend)
22:00:52.844 [ForkJoinPool.commonPool-worker-3] ERROR de.fraunhofer.aisec.cpg.graph.TypeManager - Unknown language (frontend: SolidityLanguageFrontend)
22:00:52.844 [ForkJoinPool.commonPool-worker-3] ERROR de.fraunhofer.aisec.cpg.graph.TypeManager - Unknown language (frontend: SolidityLanguageFrontend)
22:00:52.844 [ForkJoinPool.commonPool-worker-3] ERROR de.fraunhofer.aisec.cpg.graph.TypeManager - Unknown language (frontend: SolidityLanguageFrontend)
22:00:52.844 [ForkJoinPool.commonPool-worker-3] ERROR de.fraunhofer.aisec.cpg.graph.TypeManager - Unknown language (frontend: SolidityLanguageFrontend)
22:00:52.845 [ForkJoinPool.commonPool-worker-3] ERROR de.fraunhofer.aisec.cpg.graph.TypeManager - Unknown language (frontend: SolidityLanguageFrontend)
22:00:52.846 [ForkJoinPool.commonPool-worker-3] ERROR de.fraunhofer.aisec.cpg.graph.TypeManager - Unknown language (frontend: SolidityLanguageFrontend)
22:00:52.846 [ForkJoinPool.commonPool-worker-3] ERROR de.fraunhofer.aisec.cpg.graph.TypeManager - Unknown language (frontend: SolidityLanguageFrontend)
22:00:52.846 [ForkJoinPool.commonPool-worker-3] ERROR de.fraunhofer.aisec.cpg.graph.TypeManager - Unknown language (frontend: SolidityLanguageFrontend)
22:00:52.846 [ForkJoinPool.commonPool-worker-3] ERROR de.fraunhofer.aisec.cpg.graph.TypeManager - Unknown language (frontend: SolidityLanguageFrontend)
22:00:52.846 [ForkJoinPool.commonPool-worker-3] ERROR de.fraunhofer.aisec.cpg.graph.TypeManager - Unknown language (frontend: SolidityLanguageFrontend)
22:00:52.847 [ForkJoinPool.commonPool-worker-3] ERROR de.fraunhofer.aisec.cpg.graph.TypeManager - Unknown language (frontend: SolidityLanguageFrontend)
22:00:52.847 [ForkJoinPool.commonPool-worker-3] ERROR de.fraunhofer.aisec.cpg.graph.TypeManager - Unknown language (frontend: SolidityLanguageFrontend)
22:00:52.847 [ForkJoinPool.commonPool-worker-3] ERROR de.fraunhofer.aisec.cpg.graph.TypeManager - Unknown language (frontend: SolidityLanguageFrontend)
22:00:52.847 [ForkJoinPool.commonPool-worker-3] ERROR de.fraunhofer.aisec.cpg.graph.TypeManager - Unknown language (frontend: SolidityLanguageFrontend)
22:00:52.848 [ForkJoinPool.commonPool-worker-3] ERROR de.fraunhofer.aisec.cpg.graph.TypeManager - Unknown language (frontend: SolidityLanguageFrontend)
22:00:52.851 [ForkJoinPool.commonPool-worker-3] ERROR de.fraunhofer.aisec.cpg.graph.TypeManager - Unknown language (frontend: SolidityLanguageFrontend)
22:00:52.852 [ForkJoinPool.commonPool-worker-3] ERROR de.fraunhofer.aisec.cpg.graph.TypeManager - Unknown language (frontend: SolidityLanguageFrontend)
22:00:52.852 [ForkJoinPool.commonPool-worker-3] ERROR de.fraunhofer.aisec.cpg.graph.TypeManager - Unknown language (frontend: SolidityLanguageFrontend)
22:00:52.852 [ForkJoinPool.commonPool-worker-3] ERROR de.fraunhofer.aisec.cpg.graph.TypeManager - Unknown language (frontend: SolidityLanguageFrontend)
22:00:52.852 [ForkJoinPool.commonPool-worker-3] ERROR de.fraunhofer.aisec.cpg.graph.TypeManager - Unknown language (frontend: SolidityLanguageFrontend)
22:00:52.852 [ForkJoinPool.commonPool-worker-3] ERROR de.fraunhofer.aisec.cpg.graph.TypeManager - Unknown language (frontend: SolidityLanguageFrontend)
22:00:52.852 [ForkJoinPool.commonPool-worker-3] ERROR de.fraunhofer.aisec.cpg.graph.TypeManager - Unknown language (frontend: SolidityLanguageFrontend)
22:00:52.853 [ForkJoinPool.commonPool-worker-3] ERROR de.fraunhofer.aisec.cpg.graph.TypeManager - Unknown language (frontend: SolidityLanguageFrontend)
22:00:52.853 [ForkJoinPool.commonPool-worker-3] ERROR de.fraunhofer.aisec.cpg.graph.TypeManager - Unknown language (frontend: SolidityLanguageFrontend)
22:00:52.853 [ForkJoinPool.commonPool-worker-3] ERROR de.fraunhofer.aisec.cpg.graph.TypeManager - Unknown language (frontend: SolidityLanguageFrontend)
22:00:52.853 [ForkJoinPool.commonPool-worker-3] ERROR de.fraunhofer.aisec.cpg.graph.TypeManager - Unknown language (frontend: SolidityLanguageFrontend)
22:00:52.853 [ForkJoinPool.commonPool-worker-3] ERROR de.fraunhofer.aisec.cpg.graph.TypeManager - Unknown language (frontend: SolidityLanguageFrontend)
22:00:52.853 [ForkJoinPool.commonPool-worker-3] ERROR de.fraunhofer.aisec.cpg.graph.TypeManager - Unknown language (frontend: SolidityLanguageFrontend)
22:00:52.853 [ForkJoinPool.commonPool-worker-3] ERROR de.fraunhofer.aisec.cpg.graph.TypeManager - Unknown language (frontend: SolidityLanguageFrontend)
22:00:52.854 [ForkJoinPool.commonPool-worker-3] ERROR de.fraunhofer.aisec.cpg.graph.TypeManager - Unknown language (frontend: SolidityLanguageFrontend)
22:00:52.860 [ForkJoinPool.commonPool-worker-3] ERROR de.fraunhofer.aisec.cpg.graph.TypeManager - Unknown language (frontend: SolidityLanguageFrontend)
22:00:52.860 [ForkJoinPool.commonPool-worker-3] ERROR de.fraunhofer.aisec.cpg.graph.TypeManager - Unknown language (frontend: SolidityLanguageFrontend)
22:00:52.860 [ForkJoinPool.commonPool-worker-3] ERROR de.fraunhofer.aisec.cpg.graph.TypeManager - Unknown language (frontend: SolidityLanguageFrontend)
22:00:52.860 [ForkJoinPool.commonPool-worker-3] ERROR de.fraunhofer.aisec.cpg.graph.TypeManager - Unknown language (frontend: SolidityLanguageFrontend)
22:00:52.861 [ForkJoinPool.commonPool-worker-3] ERROR de.fraunhofer.aisec.cpg.graph.TypeManager - Unknown language (frontend: SolidityLanguageFrontend)
22:00:52.861 [ForkJoinPool.commonPool-worker-3] ERROR de.fraunhofer.aisec.cpg.graph.TypeManager - Unknown language (frontend: SolidityLanguageFrontend)
22:00:52.861 [ForkJoinPool.commonPool-worker-3] ERROR de.fraunhofer.aisec.cpg.graph.TypeManager - Unknown language (frontend: SolidityLanguageFrontend)
22:00:52.861 [ForkJoinPool.commonPool-worker-3] ERROR de.fraunhofer.aisec.cpg.graph.TypeManager - Unknown language (frontend: SolidityLanguageFrontend)
22:00:52.862 [ForkJoinPool.commonPool-worker-3] ERROR de.fraunhofer.aisec.cpg.graph.TypeManager - Unknown language (frontend: SolidityLanguageFrontend)
22:00:52.862 [ForkJoinPool.commonPool-worker-3] ERROR de.fraunhofer.aisec.cpg.graph.TypeManager - Unknown language (frontend: SolidityLanguageFrontend)
22:00:52.862 [ForkJoinPool.commonPool-worker-3] ERROR de.fraunhofer.aisec.cpg.graph.TypeManager - Unknown language (frontend: SolidityLanguageFrontend)
22:00:52.862 [ForkJoinPool.commonPool-worker-3] ERROR de.fraunhofer.aisec.cpg.graph.TypeManager - Unknown language (frontend: SolidityLanguageFrontend)
22:00:52.862 [ForkJoinPool.commonPool-worker-3] ERROR de.fraunhofer.aisec.cpg.graph.TypeManager - Unknown language (frontend: SolidityLanguageFrontend)
22:00:52.863 [ForkJoinPool.commonPool-worker-3] ERROR de.fraunhofer.aisec.cpg.graph.TypeManager - Unknown language (frontend: SolidityLanguageFrontend)
22:00:52.863 [ForkJoinPool.commonPool-worker-3] ERROR de.fraunhofer.aisec.cpg.graph.TypeManager - Unknown language (frontend: SolidityLanguageFrontend)
22:00:52.863 [ForkJoinPool.commonPool-worker-3] ERROR de.fraunhofer.aisec.cpg.graph.TypeManager - Unknown language (frontend: SolidityLanguageFrontend)
22:00:52.863 [ForkJoinPool.commonPool-worker-3] ERROR de.fraunhofer.aisec.cpg.graph.TypeManager - Unknown language (frontend: SolidityLanguageFrontend)
22:00:52.863 [ForkJoinPool.commonPool-worker-3] ERROR de.fraunhofer.aisec.cpg.graph.TypeManager - Unknown language (frontend: SolidityLanguageFrontend)
22:00:52.864 [ForkJoinPool.commonPool-worker-3] ERROR de.fraunhofer.aisec.cpg.graph.TypeManager - Unknown language (frontend: SolidityLanguageFrontend)
22:00:52.864 [ForkJoinPool.commonPool-worker-3] ERROR de.fraunhofer.aisec.cpg.graph.TypeManager - Unknown language (frontend: SolidityLanguageFrontend)
22:00:52.865 [ForkJoinPool.commonPool-worker-3] ERROR de.fraunhofer.aisec.cpg.graph.TypeManager - Unknown language (frontend: SolidityLanguageFrontend)
22:00:52.865 [ForkJoinPool.commonPool-worker-3] ERROR de.fraunhofer.aisec.cpg.graph.TypeManager - Unknown language (frontend: SolidityLanguageFrontend)
22:00:52.865 [ForkJoinPool.commonPool-worker-3] ERROR de.fraunhofer.aisec.cpg.graph.TypeManager - Unknown language (frontend: SolidityLanguageFrontend)
22:00:52.865 [ForkJoinPool.commonPool-worker-3] ERROR de.fraunhofer.aisec.cpg.graph.TypeManager - Unknown language (frontend: SolidityLanguageFrontend)
22:00:52.865 [ForkJoinPool.commonPool-worker-3] ERROR de.fraunhofer.aisec.cpg.graph.TypeManager - Unknown language (frontend: SolidityLanguageFrontend)
22:00:52.865 [ForkJoinPool.commonPool-worker-3] ERROR de.fraunhofer.aisec.cpg.graph.TypeManager - Unknown language (frontend: SolidityLanguageFrontend)
22:00:52.866 [ForkJoinPool.commonPool-worker-3] ERROR de.fraunhofer.aisec.cpg.graph.TypeManager - Unknown language (frontend: SolidityLanguageFrontend)
22:00:52.866 [ForkJoinPool.commonPool-worker-3] ERROR de.fraunhofer.aisec.cpg.graph.TypeManager - Unknown language (frontend: SolidityLanguageFrontend)
22:00:52.866 [ForkJoinPool.commonPool-worker-3] ERROR de.fraunhofer.aisec.cpg.graph.TypeManager - Unknown language (frontend: SolidityLanguageFrontend)
22:00:52.866 [ForkJoinPool.commonPool-worker-3] ERROR de.fraunhofer.aisec.cpg.graph.TypeManager - Unknown language (frontend: SolidityLanguageFrontend)
22:00:52.867 [ForkJoinPool.commonPool-worker-3] ERROR de.fraunhofer.aisec.cpg.graph.TypeManager - Unknown language (frontend: SolidityLanguageFrontend)
22:00:52.867 [ForkJoinPool.commonPool-worker-3] ERROR de.fraunhofer.aisec.cpg.graph.TypeManager - Unknown language (frontend: SolidityLanguageFrontend)
22:00:52.867 [ForkJoinPool.commonPool-worker-3] ERROR de.fraunhofer.aisec.cpg.graph.TypeManager - Unknown language (frontend: SolidityLanguageFrontend)
22:00:52.867 [ForkJoinPool.commonPool-worker-3] ERROR de.fraunhofer.aisec.cpg.graph.TypeManager - Unknown language (frontend: SolidityLanguageFrontend)
22:00:52.867 [ForkJoinPool.commonPool-worker-3] ERROR de.fraunhofer.aisec.cpg.graph.TypeManager - Unknown language (frontend: SolidityLanguageFrontend)
22:00:52.867 [ForkJoinPool.commonPool-worker-3] ERROR de.fraunhofer.aisec.cpg.graph.TypeManager - Unknown language (frontend: SolidityLanguageFrontend)
22:00:52.867 [ForkJoinPool.commonPool-worker-3] ERROR de.fraunhofer.aisec.cpg.graph.TypeManager - Unknown language (frontend: SolidityLanguageFrontend)
22:00:52.867 [ForkJoinPool.commonPool-worker-3] ERROR de.fraunhofer.aisec.cpg.graph.TypeManager - Unknown language (frontend: SolidityLanguageFrontend)
22:00:52.868 [ForkJoinPool.commonPool-worker-3] ERROR de.fraunhofer.aisec.cpg.graph.TypeManager - Unknown language (frontend: SolidityLanguageFrontend)
22:00:52.868 [ForkJoinPool.commonPool-worker-3] ERROR de.fraunhofer.aisec.cpg.graph.TypeManager - Unknown language (frontend: SolidityLanguageFrontend)
22:00:52.868 [ForkJoinPool.commonPool-worker-3] ERROR de.fraunhofer.aisec.cpg.graph.TypeManager - Unknown language (frontend: SolidityLanguageFrontend)
22:00:52.869 [ForkJoinPool.commonPool-worker-3] ERROR de.fraunhofer.aisec.cpg.graph.TypeManager - Unknown language (frontend: SolidityLanguageFrontend)
22:00:52.869 [ForkJoinPool.commonPool-worker-3] ERROR de.fraunhofer.aisec.cpg.graph.TypeManager - Unknown language (frontend: SolidityLanguageFrontend)
22:00:52.869 [ForkJoinPool.commonPool-worker-3] ERROR de.fraunhofer.aisec.cpg.graph.TypeManager - Unknown language (frontend: SolidityLanguageFrontend)
22:00:52.869 [ForkJoinPool.commonPool-worker-3] ERROR de.fraunhofer.aisec.cpg.graph.TypeManager - Unknown language (frontend: SolidityLanguageFrontend)
22:00:52.870 [ForkJoinPool.commonPool-worker-3] ERROR de.fraunhofer.aisec.cpg.graph.TypeManager - Unknown language (frontend: SolidityLanguageFrontend)
22:00:52.870 [ForkJoinPool.commonPool-worker-3] ERROR de.fraunhofer.aisec.cpg.graph.TypeManager - Unknown language (frontend: SolidityLanguageFrontend)
22:00:52.870 [ForkJoinPool.commonPool-worker-3] ERROR de.fraunhofer.aisec.cpg.graph.TypeManager - Unknown language (frontend: SolidityLanguageFrontend)
22:00:52.870 [ForkJoinPool.commonPool-worker-3] ERROR de.fraunhofer.aisec.cpg.graph.TypeManager - Unknown language (frontend: SolidityLanguageFrontend)
22:00:52.870 [ForkJoinPool.commonPool-worker-3] ERROR de.fraunhofer.aisec.cpg.graph.TypeManager - Unknown language (frontend: SolidityLanguageFrontend)
22:00:52.871 [ForkJoinPool.commonPool-worker-3] ERROR de.fraunhofer.aisec.cpg.graph.TypeManager - Unknown language (frontend: SolidityLanguageFrontend)
22:00:52.871 [ForkJoinPool.commonPool-worker-3] ERROR de.fraunhofer.aisec.cpg.graph.TypeManager - Unknown language (frontend: SolidityLanguageFrontend)
22:00:52.871 [ForkJoinPool.commonPool-worker-3] ERROR de.fraunhofer.aisec.cpg.graph.TypeManager - Unknown language (frontend: SolidityLanguageFrontend)
22:00:52.872 [ForkJoinPool.commonPool-worker-3] ERROR de.fraunhofer.aisec.cpg.graph.TypeManager - Unknown language (frontend: SolidityLanguageFrontend)
22:00:52.872 [ForkJoinPool.commonPool-worker-3] ERROR de.fraunhofer.aisec.cpg.graph.TypeManager - Unknown language (frontend: SolidityLanguageFrontend)
22:00:52.872 [ForkJoinPool.commonPool-worker-3] ERROR de.fraunhofer.aisec.cpg.graph.TypeManager - Unknown language (frontend: SolidityLanguageFrontend)
22:00:52.872 [ForkJoinPool.commonPool-worker-3] ERROR de.fraunhofer.aisec.cpg.graph.TypeManager - Unknown language (frontend: SolidityLanguageFrontend)
22:00:52.872 [ForkJoinPool.commonPool-worker-3] ERROR de.fraunhofer.aisec.cpg.graph.TypeManager - Unknown language (frontend: SolidityLanguageFrontend)
22:00:52.873 [ForkJoinPool.commonPool-worker-3] ERROR de.fraunhofer.aisec.cpg.graph.TypeManager - Unknown language (frontend: SolidityLanguageFrontend)
22:00:52.873 [ForkJoinPool.commonPool-worker-3] ERROR de.fraunhofer.aisec.cpg.graph.TypeManager - Unknown language (frontend: SolidityLanguageFrontend)
22:00:52.873 [ForkJoinPool.commonPool-worker-3] ERROR de.fraunhofer.aisec.cpg.graph.TypeManager - Unknown language (frontend: SolidityLanguageFrontend)
22:00:52.873 [ForkJoinPool.commonPool-worker-3] ERROR de.fraunhofer.aisec.cpg.graph.TypeManager - Unknown language (frontend: SolidityLanguageFrontend)
22:00:52.874 [ForkJoinPool.commonPool-worker-3] ERROR de.fraunhofer.aisec.cpg.graph.TypeManager - Unknown language (frontend: SolidityLanguageFrontend)
22:00:52.874 [ForkJoinPool.commonPool-worker-3] ERROR de.fraunhofer.aisec.cpg.graph.TypeManager - Unknown language (frontend: SolidityLanguageFrontend)
22:00:52.874 [ForkJoinPool.commonPool-worker-3] ERROR de.fraunhofer.aisec.cpg.graph.TypeManager - Unknown language (frontend: SolidityLanguageFrontend)
22:00:52.874 [ForkJoinPool.commonPool-worker-3] ERROR de.fraunhofer.aisec.cpg.graph.TypeManager - Unknown language (frontend: SolidityLanguageFrontend)
22:00:52.875 [ForkJoinPool.commonPool-worker-3] ERROR de.fraunhofer.aisec.cpg.graph.TypeManager - Unknown language (frontend: SolidityLanguageFrontend)
22:00:52.875 [ForkJoinPool.commonPool-worker-3] ERROR de.fraunhofer.aisec.cpg.graph.TypeManager - Unknown language (frontend: SolidityLanguageFrontend)
22:00:52.875 [ForkJoinPool.commonPool-worker-3] ERROR de.fraunhofer.aisec.cpg.graph.TypeManager - Unknown language (frontend: SolidityLanguageFrontend)
22:00:52.875 [ForkJoinPool.commonPool-worker-3] ERROR de.fraunhofer.aisec.cpg.graph.TypeManager - Unknown language (frontend: SolidityLanguageFrontend)
22:00:52.875 [ForkJoinPool.commonPool-worker-3] ERROR de.fraunhofer.aisec.cpg.graph.TypeManager - Unknown language (frontend: SolidityLanguageFrontend)
22:00:52.875 [ForkJoinPool.commonPool-worker-3] ERROR de.fraunhofer.aisec.cpg.graph.TypeManager - Unknown language (frontend: SolidityLanguageFrontend)
22:00:52.876 [ForkJoinPool.commonPool-worker-3] ERROR de.fraunhofer.aisec.cpg.graph.TypeManager - Unknown language (frontend: SolidityLanguageFrontend)
22:00:52.876 [ForkJoinPool.commonPool-worker-3] ERROR de.fraunhofer.aisec.cpg.graph.TypeManager - Unknown language (frontend: SolidityLanguageFrontend)
22:00:52.876 [ForkJoinPool.commonPool-worker-3] ERROR de.fraunhofer.aisec.cpg.graph.TypeManager - Unknown language (frontend: SolidityLanguageFrontend)
22:00:52.876 [ForkJoinPool.commonPool-worker-3] ERROR de.fraunhofer.aisec.cpg.graph.TypeManager - Unknown language (frontend: SolidityLanguageFrontend)
22:00:52.877 [ForkJoinPool.commonPool-worker-3] ERROR de.fraunhofer.aisec.cpg.graph.TypeManager - Unknown language (frontend: SolidityLanguageFrontend)
22:00:52.877 [ForkJoinPool.commonPool-worker-3] ERROR de.fraunhofer.aisec.cpg.graph.TypeManager - Unknown language (frontend: SolidityLanguageFrontend)
22:00:52.877 [ForkJoinPool.commonPool-worker-3] ERROR de.fraunhofer.aisec.cpg.graph.TypeManager - Unknown language (frontend: SolidityLanguageFrontend)
22:00:52.877 [ForkJoinPool.commonPool-worker-3] ERROR de.fraunhofer.aisec.cpg.graph.TypeManager - Unknown language (frontend: SolidityLanguageFrontend)
22:00:52.877 [ForkJoinPool.commonPool-worker-3] ERROR de.fraunhofer.aisec.cpg.graph.TypeManager - Unknown language (frontend: SolidityLanguageFrontend)
22:00:52.877 [ForkJoinPool.commonPool-worker-3] ERROR de.fraunhofer.aisec.cpg.graph.TypeManager - Unknown language (frontend: SolidityLanguageFrontend)
22:00:52.877 [ForkJoinPool.commonPool-worker-3] ERROR de.fraunhofer.aisec.cpg.graph.TypeManager - Unknown language (frontend: SolidityLanguageFrontend)
22:00:52.878 [ForkJoinPool.commonPool-worker-3] ERROR de.fraunhofer.aisec.cpg.graph.TypeManager - Unknown language (frontend: SolidityLanguageFrontend)
22:00:52.878 [ForkJoinPool.commonPool-worker-3] ERROR de.fraunhofer.aisec.cpg.graph.TypeManager - Unknown language (frontend: SolidityLanguageFrontend)
22:00:52.878 [ForkJoinPool.commonPool-worker-3] ERROR de.fraunhofer.aisec.cpg.graph.TypeManager - Unknown language (frontend: SolidityLanguageFrontend)
22:00:52.879 [ForkJoinPool.commonPool-worker-3] ERROR de.fraunhofer.aisec.cpg.graph.TypeManager - Unknown language (frontend: SolidityLanguageFrontend)
22:00:52.879 [ForkJoinPool.commonPool-worker-3] ERROR de.fraunhofer.aisec.cpg.graph.TypeManager - Unknown language (frontend: SolidityLanguageFrontend)
22:00:52.879 [ForkJoinPool.commonPool-worker-3] ERROR de.fraunhofer.aisec.cpg.graph.TypeManager - Unknown language (frontend: SolidityLanguageFrontend)
22:00:52.879 [ForkJoinPool.commonPool-worker-3] ERROR de.fraunhofer.aisec.cpg.graph.TypeManager - Unknown language (frontend: SolidityLanguageFrontend)
22:00:52.879 [ForkJoinPool.commonPool-worker-3] ERROR de.fraunhofer.aisec.cpg.graph.TypeManager - Unknown language (frontend: SolidityLanguageFrontend)
22:00:52.880 [ForkJoinPool.commonPool-worker-3] ERROR de.fraunhofer.aisec.cpg.graph.TypeManager - Unknown language (frontend: SolidityLanguageFrontend)
22:00:52.880 [ForkJoinPool.commonPool-worker-3] ERROR de.fraunhofer.aisec.cpg.graph.TypeManager - Unknown language (frontend: SolidityLanguageFrontend)
22:00:52.880 [ForkJoinPool.commonPool-worker-3] ERROR de.fraunhofer.aisec.cpg.graph.TypeManager - Unknown language (frontend: SolidityLanguageFrontend)
22:00:52.880 [ForkJoinPool.commonPool-worker-3] ERROR de.fraunhofer.aisec.cpg.graph.TypeManager - Unknown language (frontend: SolidityLanguageFrontend)
22:00:52.881 [ForkJoinPool.commonPool-worker-3] ERROR de.fraunhofer.aisec.cpg.graph.TypeManager - Unknown language (frontend: SolidityLanguageFrontend)
22:00:52.881 [ForkJoinPool.commonPool-worker-3] ERROR de.fraunhofer.aisec.cpg.graph.TypeManager - Unknown language (frontend: SolidityLanguageFrontend)
22:00:52.881 [ForkJoinPool.commonPool-worker-3] ERROR de.fraunhofer.aisec.cpg.graph.TypeManager - Unknown language (frontend: SolidityLanguageFrontend)
22:00:52.881 [ForkJoinPool.commonPool-worker-3] ERROR de.fraunhofer.aisec.cpg.graph.TypeManager - Unknown language (frontend: SolidityLanguageFrontend)
22:00:52.881 [ForkJoinPool.commonPool-worker-3] ERROR de.fraunhofer.aisec.cpg.graph.TypeManager - Unknown language (frontend: SolidityLanguageFrontend)
22:00:52.882 [ForkJoinPool.commonPool-worker-3] ERROR de.fraunhofer.aisec.cpg.graph.TypeManager - Unknown language (frontend: SolidityLanguageFrontend)
22:00:52.882 [ForkJoinPool.commonPool-worker-3] ERROR de.fraunhofer.aisec.cpg.graph.TypeManager - Unknown language (frontend: SolidityLanguageFrontend)
22:00:52.882 [ForkJoinPool.commonPool-worker-3] ERROR de.fraunhofer.aisec.cpg.graph.TypeManager - Unknown language (frontend: SolidityLanguageFrontend)
22:00:52.882 [ForkJoinPool.commonPool-worker-3] ERROR de.fraunhofer.aisec.cpg.graph.TypeManager - Unknown language (frontend: SolidityLanguageFrontend)
22:00:52.882 [ForkJoinPool.commonPool-worker-3] ERROR de.fraunhofer.aisec.cpg.graph.TypeManager - Unknown language (frontend: SolidityLanguageFrontend)
22:00:52.882 [ForkJoinPool.commonPool-worker-3] ERROR de.fraunhofer.aisec.cpg.graph.TypeManager - Unknown language (frontend: SolidityLanguageFrontend)
22:00:52.883 [ForkJoinPool.commonPool-worker-3] ERROR de.fraunhofer.aisec.cpg.graph.TypeManager - Unknown language (frontend: SolidityLanguageFrontend)
22:00:52.883 [ForkJoinPool.commonPool-worker-3] ERROR de.fraunhofer.aisec.cpg.graph.TypeManager - Unknown language (frontend: SolidityLanguageFrontend)
22:00:52.883 [ForkJoinPool.commonPool-worker-3] ERROR de.fraunhofer.aisec.cpg.graph.TypeManager - Unknown language (frontend: SolidityLanguageFrontend)
22:00:52.883 [ForkJoinPool.commonPool-worker-3] ERROR de.fraunhofer.aisec.cpg.graph.TypeManager - Unknown language (frontend: SolidityLanguageFrontend)
22:00:52.884 [ForkJoinPool.commonPool-worker-3] ERROR de.fraunhofer.aisec.cpg.graph.TypeManager - Unknown language (frontend: SolidityLanguageFrontend)
22:00:52.884 [ForkJoinPool.commonPool-worker-3] ERROR de.fraunhofer.aisec.cpg.graph.TypeManager - Unknown language (frontend: SolidityLanguageFrontend)
22:00:52.884 [ForkJoinPool.commonPool-worker-3] ERROR de.fraunhofer.aisec.cpg.graph.TypeManager - Unknown language (frontend: SolidityLanguageFrontend)
22:00:52.884 [ForkJoinPool.commonPool-worker-3] ERROR de.fraunhofer.aisec.cpg.graph.TypeManager - Unknown language (frontend: SolidityLanguageFrontend)
22:00:52.884 [ForkJoinPool.commonPool-worker-3] ERROR de.fraunhofer.aisec.cpg.graph.TypeManager - Unknown language (frontend: SolidityLanguageFrontend)
22:00:52.886 [ForkJoinPool.commonPool-worker-3] ERROR de.fraunhofer.aisec.cpg.graph.TypeManager - Unknown language (frontend: SolidityLanguageFrontend)
22:00:52.886 [ForkJoinPool.commonPool-worker-3] ERROR de.fraunhofer.aisec.cpg.graph.TypeManager - Unknown language (frontend: SolidityLanguageFrontend)
22:00:52.886 [ForkJoinPool.commonPool-worker-3] ERROR de.fraunhofer.aisec.cpg.graph.TypeManager - Unknown language (frontend: SolidityLanguageFrontend)
22:00:52.886 [ForkJoinPool.commonPool-worker-3] ERROR de.fraunhofer.aisec.cpg.graph.TypeManager - Unknown language (frontend: SolidityLanguageFrontend)
22:00:52.886 [ForkJoinPool.commonPool-worker-3] ERROR de.fraunhofer.aisec.cpg.graph.TypeManager - Unknown language (frontend: SolidityLanguageFrontend)
22:00:52.887 [ForkJoinPool.commonPool-worker-3] ERROR de.fraunhofer.aisec.cpg.graph.TypeManager - Unknown language (frontend: SolidityLanguageFrontend)
22:00:52.887 [ForkJoinPool.commonPool-worker-3] ERROR de.fraunhofer.aisec.cpg.graph.TypeManager - Unknown language (frontend: SolidityLanguageFrontend)
22:00:52.887 [ForkJoinPool.commonPool-worker-3] ERROR de.fraunhofer.aisec.cpg.graph.TypeManager - Unknown language (frontend: SolidityLanguageFrontend)
22:00:52.887 [ForkJoinPool.commonPool-worker-3] ERROR de.fraunhofer.aisec.cpg.graph.TypeManager - Unknown language (frontend: SolidityLanguageFrontend)
22:00:52.887 [ForkJoinPool.commonPool-worker-3] ERROR de.fraunhofer.aisec.cpg.graph.TypeManager - Unknown language (frontend: SolidityLanguageFrontend)
22:00:52.888 [ForkJoinPool.commonPool-worker-3] ERROR de.fraunhofer.aisec.cpg.graph.TypeManager - Unknown language (frontend: SolidityLanguageFrontend)
22:00:52.888 [ForkJoinPool.commonPool-worker-3] ERROR de.fraunhofer.aisec.cpg.graph.TypeManager - Unknown language (frontend: SolidityLanguageFrontend)
22:00:52.888 [ForkJoinPool.commonPool-worker-3] ERROR de.fraunhofer.aisec.cpg.graph.TypeManager - Unknown language (frontend: SolidityLanguageFrontend)
22:00:52.888 [ForkJoinPool.commonPool-worker-3] ERROR de.fraunhofer.aisec.cpg.graph.TypeManager - Unknown language (frontend: SolidityLanguageFrontend)
22:00:52.888 [ForkJoinPool.commonPool-worker-3] ERROR de.fraunhofer.aisec.cpg.graph.TypeManager - Unknown language (frontend: SolidityLanguageFrontend)
22:00:52.889 [ForkJoinPool.commonPool-worker-3] ERROR de.fraunhofer.aisec.cpg.graph.TypeManager - Unknown language (frontend: SolidityLanguageFrontend)
22:00:52.889 [ForkJoinPool.commonPool-worker-3] ERROR de.fraunhofer.aisec.cpg.graph.TypeManager - Unknown language (frontend: SolidityLanguageFrontend)
22:00:52.889 [ForkJoinPool.commonPool-worker-3] ERROR de.fraunhofer.aisec.cpg.graph.TypeManager - Unknown language (frontend: SolidityLanguageFrontend)
22:00:52.889 [ForkJoinPool.commonPool-worker-3] ERROR de.fraunhofer.aisec.cpg.graph.TypeManager - Unknown language (frontend: SolidityLanguageFrontend)
22:00:52.889 [ForkJoinPool.commonPool-worker-3] ERROR de.fraunhofer.aisec.cpg.graph.TypeManager - Unknown language (frontend: SolidityLanguageFrontend)
22:00:52.890 [ForkJoinPool.commonPool-worker-3] ERROR de.fraunhofer.aisec.cpg.graph.TypeManager - Unknown language (frontend: SolidityLanguageFrontend)
22:00:52.890 [ForkJoinPool.commonPool-worker-3] ERROR de.fraunhofer.aisec.cpg.graph.TypeManager - Unknown language (frontend: SolidityLanguageFrontend)
22:00:52.890 [ForkJoinPool.commonPool-worker-3] ERROR de.fraunhofer.aisec.cpg.graph.TypeManager - Unknown language (frontend: SolidityLanguageFrontend)
22:00:52.890 [ForkJoinPool.commonPool-worker-3] ERROR de.fraunhofer.aisec.cpg.graph.TypeManager - Unknown language (frontend: SolidityLanguageFrontend)
22:00:52.890 [ForkJoinPool.commonPool-worker-3] ERROR de.fraunhofer.aisec.cpg.graph.TypeManager - Unknown language (frontend: SolidityLanguageFrontend)
22:00:52.891 [ForkJoinPool.commonPool-worker-3] ERROR de.fraunhofer.aisec.cpg.graph.TypeManager - Unknown language (frontend: SolidityLanguageFrontend)
22:00:52.891 [ForkJoinPool.commonPool-worker-3] ERROR de.fraunhofer.aisec.cpg.graph.TypeManager - Unknown language (frontend: SolidityLanguageFrontend)
22:00:52.891 [ForkJoinPool.commonPool-worker-3] ERROR de.fraunhofer.aisec.cpg.graph.TypeManager - Unknown language (frontend: SolidityLanguageFrontend)
22:00:52.891 [ForkJoinPool.commonPool-worker-3] ERROR de.fraunhofer.aisec.cpg.graph.TypeManager - Unknown language (frontend: SolidityLanguageFrontend)
22:00:52.891 [ForkJoinPool.commonPool-worker-3] ERROR de.fraunhofer.aisec.cpg.graph.TypeManager - Unknown language (frontend: SolidityLanguageFrontend)
22:00:52.894 [ForkJoinPool.commonPool-worker-3] ERROR de.fraunhofer.aisec.cpg.graph.TypeManager - Unknown language (frontend: SolidityLanguageFrontend)
22:00:52.894 [ForkJoinPool.commonPool-worker-3] ERROR de.fraunhofer.aisec.cpg.graph.TypeManager - Unknown language (frontend: SolidityLanguageFrontend)
22:00:52.894 [ForkJoinPool.commonPool-worker-3] ERROR de.fraunhofer.aisec.cpg.graph.TypeManager - Unknown language (frontend: SolidityLanguageFrontend)
22:00:52.894 [ForkJoinPool.commonPool-worker-3] ERROR de.fraunhofer.aisec.cpg.graph.TypeManager - Unknown language (frontend: SolidityLanguageFrontend)
22:00:52.894 [ForkJoinPool.commonPool-worker-3] ERROR de.fraunhofer.aisec.cpg.graph.TypeManager - Unknown language (frontend: SolidityLanguageFrontend)
22:00:52.901 [ForkJoinPool.commonPool-worker-3] ERROR de.fraunhofer.aisec.cpg.graph.TypeManager - Unknown language (frontend: SolidityLanguageFrontend)
22:00:52.901 [ForkJoinPool.commonPool-worker-3] ERROR de.fraunhofer.aisec.cpg.graph.TypeManager - Unknown language (frontend: SolidityLanguageFrontend)
22:00:52.901 [ForkJoinPool.commonPool-worker-3] ERROR de.fraunhofer.aisec.cpg.graph.TypeManager - Unknown language (frontend: SolidityLanguageFrontend)
22:00:52.901 [ForkJoinPool.commonPool-worker-3] ERROR de.fraunhofer.aisec.cpg.graph.TypeManager - Unknown language (frontend: SolidityLanguageFrontend)
22:00:52.902 [ForkJoinPool.commonPool-worker-3] ERROR de.fraunhofer.aisec.cpg.graph.TypeManager - Unknown language (frontend: SolidityLanguageFrontend)
22:00:52.902 [ForkJoinPool.commonPool-worker-3] ERROR de.fraunhofer.aisec.cpg.passes.scopes.ScopeManager - Could not find the scope UNKNOWN needed to resolve the call UNKNOWN.transfer. Falling back to the current scope
Oct 03, 2022 10:00:53 PM org.neo4j.driver.internal.logging.JULogger info
INFO: Direct driver instance 193625667 created for server address localhost:7687
Oct 03, 2022 10:00:56 PM org.neo4j.driver.internal.logging.JULogger info
INFO: Closing driver instance 193625667
Oct 03, 2022 10:00:56 PM org.neo4j.driver.internal.logging.JULogger info
INFO: Closing connection pool towards localhost:7687
Oct 03, 2022 10:00:57 PM org.neo4j.driver.internal.logging.JULogger info
INFO: Direct driver instance 1602069459 created for server address localhost:7687
Oct 03, 2022 10:01:07 PM org.neo4j.driver.internal.logging.JULogger info
INFO: Closing driver instance 1602069459
Oct 03, 2022 10:01:07 PM org.neo4j.driver.internal.logging.JULogger info
INFO: Closing connection pool towards localhost:7687
Nr. Files: 1
File: /data/multiowned_vulnerable.sol
- Missing Check of Return Value from external Call, multiowned_vulnerable.sol 57:5-57:40